2025-03-08 15:08:59,215 [INFO] WebApp:190 - Connection lost
2025-03-08 15:08:59,584 [INFO] WebApp:187 - Connection restablished
2025-03-08 15:42:32,294 [INFO] MainUpdater:2872 - connection check result : 10
2025-03-08 15:42:32,295 [INFO] MainUpdater:2872 - connection check result : 10
2025-03-08 15:42:32,550 [INFO] MicroXplorer:468 - Change Database Path : 
2025-03-08 15:42:32,551 [INFO] MicroXplorer:498 - Change Database Version : DB.6.0.130
2025-03-08 15:42:32,596 [ERROR] ProjectManagerView:394 - 
java.lang.NullPointerException: Cannot invoke "javax.swing.JTextField.getText()" because the return value of "java.util.List.get(int)" is null
	at com.st.microxplorer.plugins.projectmanager.gui.ProjectChoiceTab$9.caretUpdate(ProjectChoiceTab.java:2616) ~[filemanager.jar:?]
	at javax.swing.text.JTextComponent.fireCaretUpdate(JTextComponent.java:408) ~[?:?]
	at javax.swing.text.JTextComponent$MutableCaretEvent.fire(JTextComponent.java:4484) ~[?:?]
	at javax.swing.text.JTextComponent$MutableCaretEvent.stateChanged(JTextComponent.java:4506) ~[?:?]
	at javax.swing.text.DefaultCaret.fireStateChanged(DefaultCaret.java:857) ~[?:?]
	at javax.swing.text.DefaultCaret.changeCaretPosition(DefaultCaret.java:1343) ~[?:?]
	at javax.swing.text.DefaultCaret.handleSetDot(DefaultCaret.java:1242) ~[?:?]
	at javax.swing.text.DefaultCaret.setDot(DefaultCaret.java:1223) ~[?:?]
	at javax.swing.text.DefaultCaret$Handler.insertUpdate(DefaultCaret.java:1819) ~[?:?]
	at javax.swing.text.AbstractDocument.fireInsertUpdate(AbstractDocument.java:227) ~[?:?]
	at javax.swing.text.AbstractDocument.handleInsertString(AbstractDocument.java:781) ~[?:?]
	at javax.swing.text.AbstractDocument.insertString(AbstractDocument.java:740) ~[?:?]
	at javax.swing.text.PlainDocument.insertString(PlainDocument.java:131) ~[?:?]
	at javax.swing.text.AbstractDocument.replace(AbstractDocument.java:699) ~[?:?]
	at javax.swing.text.JTextComponent.setText(JTextComponent.java:1725) ~[?:?]
	at com.st.microxplorer.plugins.projectmanager.gui.ProjectChoiceTab.createHeapStackFields(ProjectChoiceTab.java:975) ~[filemanager.jar:?]
	at com.st.microxplorer.plugins.projectmanager.gui.ProjectChoiceTab.buildLinkSettingsPanel(ProjectChoiceTab.java:3666) ~[filemanager.jar:?]
	at com.st.microxplorer.plugins.projectmanager.gui.ProjectChoiceTab.defineWindowsFields(ProjectChoiceTab.java:1934) ~[filemanager.jar:?]
	at com.st.microxplorer.plugins.projectmanager.gui.ProjectChoiceTab.updateSettings(ProjectChoiceTab.java:553) ~[filemanager.jar:?]
	at com.st.microxplorer.plugins.projectmanager.gui.ProjectSettingsPanel.UpdateDialog(ProjectSettingsPanel.java:245) ~[filemanager.jar:?]
	at com.st.microxplorer.plugins.projectmanager.ProjectManagerView.propertyChange(ProjectManagerView.java:391) ~[filemanager.jar:?]
	at java.beans.PropertyChangeSupport.fire(PropertyChangeSupport.java:343) ~[?:?]
	at java.beans.PropertyChangeSupport.firePropertyChange(PropertyChangeSupport.java:335) ~[?:?]
	at java.beans.PropertyChangeSupport.firePropertyChange(PropertyChangeSupport.java:268) ~[?:?]
	at com.st.microxplorer.util.MXPropertyChangeSupport.firePropertyChange(MXPropertyChangeSupport.java:54) ~[STM32CubeMX.jar:?]
	at com.st.microxplorer.mxsystem.MxSystem.closeConfig(MxSystem.java:899) ~[STM32CubeMX.jar:?]
	at com.st.microxplorer.maingui.MainPanel.closeConfig(MainPanel.java:789) ~[STM32CubeMX.jar:?]
	at com.st.microxplorer.plugins.filemanager.engine.OpenFileManager.loadConfigurationFile(OpenFileManager.java:265) ~[filemanager.jar:?]
	at com.st.microxplorer.plugins.filemanager.engine.MainFileManager.userLoadConfig(MainFileManager.java:340) ~[filemanager.jar:?]
	at com.st.microxplorer.plugins.filemanager.engine.MainFileManager.userLoadConfig(MainFileManager.java:318) ~[filemanager.jar:?]
	at com.st.microxplorer.plugins.filemanager.FileManagerView.getSpecificTask(FileManagerView.java:246) ~[filemanager.jar:?]
	at com.st.stm32cube.common.mx.editor.CubeMxEditor.getMxTabbedPaneInstance(CubeMxEditor.java:1198) ~[com.st.stm32cube.common.mx_6.13.0.202411220809/:?]
	at com.st.stm32cube.common.mx.editor.CubeMxEditor$12$1.createSwingComponent(CubeMxEditor.java:1068) ~[com.st.stm32cube.common.mx_6.13.0.202411220809/:?]
	at com.st.stm32cube.common.mx.oss.core.awtswtbridge.EmbeddedSwingComposite.doComponentCreation(EmbeddedSwingComposite.java:492) ~[com.st.stm32cube.common.mx.oss_6.13.0.202411220809/:?]
	at com.st.stm32cube.common.mx.oss.core.awtswtbridge.EmbeddedSwingComposite$4.run(EmbeddedSwingComposite.java:291) ~[com.st.stm32cube.common.mx.oss_6.13.0.202411220809/:?]
	at com.st.stm32cube.common.mx.oss.core.awtswtbridge.AwtEnvironment$2.run(AwtEnvironment.java:166) ~[com.st.stm32cube.common.mx.oss_6.13.0.202411220809/:?]
	at java.awt.event.InvocationEvent.dispatch(InvocationEvent.java:318) ~[?:?]
	at java.awt.EventQueue.dispatchEventImpl(EventQueue.java:773) ~[?:?]
	at java.awt.EventQueue$4.run(EventQueue.java:720) ~[?:?]
	at java.awt.EventQueue$4.run(EventQueue.java:714) ~[?:?]
	at java.security.AccessController.doPrivileged(AccessController.java:400) ~[?:?]
	at java.security.ProtectionDomain$JavaSecurityAccessImpl.doIntersectionPrivilege(ProtectionDomain.java:87) ~[?:?]
	at java.awt.EventQueue.dispatchEvent(EventQueue.java:742) ~[?:?]
	at java.awt.EventDispatchThread.pumpOneEventForFilters(EventDispatchThread.java:203) ~[?:?]
	at java.awt.EventDispatchThread.pumpEventsForFilter(EventDispatchThread.java:124) ~[?:?]
	at java.awt.EventDispatchThread.pumpEventsForHierarchy(EventDispatchThread.java:113) ~[?:?]
	at java.awt.EventDispatchThread.pumpEvents(EventDispatchThread.java:109) ~[?:?]
	at java.awt.EventDispatchThread.pumpEvents(EventDispatchThread.java:101) ~[?:?]
	at java.awt.EventDispatchThread.run(EventDispatchThread.java:90) ~[?:?]
2025-03-08 15:42:32,599 [WARN] ThirdParty:871 - waiting for thirdparty lock release [close project]
2025-03-08 15:42:32,599 [INFO] ThirdParty:873 - entering critical section [close project]
2025-03-08 15:42:32,599 [INFO] ThirdParty:883 - exiting critical section [close project]
2025-03-08 15:42:32,601 [INFO] PinOutPanel:1589 - setPackage(No Configuration,No Configuration)
2025-03-08 15:42:32,606 [INFO] UtilMem:75 - Begin LoadConfig() Used Memory: 1013904344 Bytes (1073741824)
2025-03-08 15:42:32,607 [INFO] MicroXplorer:468 - Change Database Path : 
2025-03-08 15:42:32,608 [INFO] MicroXplorer:498 - Change Database Version : DB.6.0.130
2025-03-08 15:42:32,608 [INFO] OpenFileManager:332 - Change cursor
2025-03-08 15:42:32,635 [INFO] Mcu:2035 - Initializing MCU STM32F103C(8-B)Tx STM32F103C8Tx STM32F103C8T7TR
2025-03-08 15:42:33,464 [INFO] Context:748 - Trying to add GPIOservice into a context  which must be forbidden
2025-03-08 15:42:33,675 [INFO] RtosManager:555 - Registered RTOS mode: class=CMSIS, group=RTOS, mode=CMSIS_V1, owner=FREERTOS
2025-03-08 15:42:33,675 [INFO] RtosManager:555 - Registered RTOS mode: class=CMSIS, group=RTOS2, mode=CMSIS_V2, owner=FREERTOS
2025-03-08 15:42:33,676 [INFO] RtosManager:555 - Registered RTOS mode: class=RTOS, group=Core, mode=CMSIS_V1, owner=FREERTOS
2025-03-08 15:42:33,676 [INFO] RtosManager:555 - Registered RTOS mode: class=RTOS, group=Core, mode=CMSIS_V2, owner=FREERTOS
2025-03-08 15:42:33,676 [WARN] ModelIntegratedComponent:184 - Missing modes for component STMicroelectronics:FreeRTOS:0.0.1:STMicroelectronics:RTOS:FreeRTOS:Core:::10.2.0:
2025-03-08 15:42:33,690 [WARN] ModelIntegratedComponent:63 - No mode defined for component null
2025-03-08 15:42:33,690 [WARN] ModelIntegratedComponent:63 - No mode defined for component null
2025-03-08 15:42:33,690 [WARN] ModelIntegratedComponent:63 - No mode defined for component null
2025-03-08 15:42:33,690 [WARN] ModelIntegratedComponent:63 - No mode defined for component null
2025-03-08 15:42:33,690 [WARN] ModelIntegratedComponent:63 - No mode defined for component null
2025-03-08 15:42:33,690 [WARN] ModelIntegratedComponent:63 - No mode defined for component null
2025-03-08 15:42:33,690 [WARN] ModelIntegratedComponent:63 - No mode defined for component null
2025-03-08 15:42:33,690 [WARN] ModelIntegratedComponent:63 - No mode defined for component null
2025-03-08 15:42:33,690 [WARN] ModelIntegratedComponent:63 - No mode defined for component null
2025-03-08 15:42:33,690 [WARN] ModelIntegratedComponent:63 - No mode defined for component null
2025-03-08 15:42:33,690 [WARN] ModelIntegratedComponent:63 - No mode defined for component null
2025-03-08 15:42:33,690 [WARN] ModelIntegratedComponent:63 - No mode defined for component null
2025-03-08 15:42:33,690 [WARN] ModelIntegratedComponent:63 - No mode defined for component null
2025-03-08 15:42:33,690 [WARN] ModelIntegratedComponent:63 - No mode defined for component null
2025-03-08 15:42:33,690 [WARN] ModelIntegratedComponent:63 - No mode defined for component null
2025-03-08 15:42:33,690 [WARN] ModelIntegratedComponent:63 - No mode defined for component null
2025-03-08 15:42:33,690 [WARN] ModelIntegratedComponent:63 - No mode defined for component null
2025-03-08 15:42:33,690 [WARN] ModelIntegratedComponent:63 - No mode defined for component null
2025-03-08 15:42:33,690 [WARN] ModelIntegratedComponent:63 - No mode defined for component null
2025-03-08 15:42:33,690 [WARN] ModelIntegratedComponent:63 - No mode defined for component null
2025-03-08 15:42:33,690 [WARN] ModelIntegratedComponent:63 - No mode defined for component null
2025-03-08 15:42:33,691 [WARN] ModelIntegratedComponent:63 - No mode defined for component null
2025-03-08 15:42:33,692 [WARN] ModelIntegratedComponent:63 - No mode defined for component null
2025-03-08 15:42:33,692 [WARN] ModelIntegratedComponent:63 - No mode defined for component null
2025-03-08 15:42:33,692 [WARN] ModelIntegratedComponent:63 - No mode defined for component null
2025-03-08 15:42:33,692 [WARN] ModelIntegratedComponent:63 - No mode defined for component null
2025-03-08 15:42:33,692 [WARN] ModelIntegratedComponent:63 - No mode defined for component null
2025-03-08 15:42:33,692 [WARN] ModelIntegratedComponent:63 - No mode defined for component null
2025-03-08 15:42:33,692 [WARN] ModelIntegratedComponent:63 - No mode defined for component null
2025-03-08 15:42:33,692 [WARN] ModelIntegratedComponent:63 - No mode defined for component null
2025-03-08 15:42:33,693 [WARN] ModelIntegratedComponent:63 - No mode defined for component null
2025-03-08 15:42:33,693 [WARN] ModelIntegratedComponent:63 - No mode defined for component null
2025-03-08 15:42:33,693 [WARN] ModelIntegratedComponent:63 - No mode defined for component null
2025-03-08 15:42:33,693 [WARN] ModelIntegratedComponent:63 - No mode defined for component null
2025-03-08 15:42:33,693 [WARN] ModelIntegratedComponent:63 - No mode defined for component null
2025-03-08 15:42:33,693 [WARN] ModelPack:524 - Component already loaded: STMicroelectronics:HAL Drivers:0.0.0:STMicroelectronics:Device:STMicro_Driver:XSPI:HAL::0.0.1:HAL_XSPI
2025-03-08 15:42:33,853 [INFO] ThirdPartyModel:298 - Start build external matchings
2025-03-08 15:42:34,896 [INFO] ThirdPartyModel:316 - End build external matchings
2025-03-08 15:42:34,919 [INFO] ImportTextPane:218 - (OptionalMessage_ERROR) IP (RCC) : Parameter (ADCFreqValue) has invalid value (36000000)
2025-03-08 15:42:34,919 [INFO] ImportTextPane:218 - (OptionalMessage_ERROR) IP (RCC) : Invalid parameter (FamilyName)
2025-03-08 15:42:34,919 [INFO] ImportTextPane:218 - (OptionalMessage_ERROR) IP (RCC) : Parameter (MCOFreq_Value) has invalid value (72000000)
2025-03-08 15:42:34,919 [INFO] ImportTextPane:218 - (OptionalMessage_ERROR) IP (RCC) : Parameter (USBFreq_Value) has invalid value (72000000)
2025-03-08 15:42:35,296 [INFO] UtilMem:75 - End LoadConfig() Used Memory: 816023008 Bytes (1073741824)
2025-03-08 15:42:35,349 [WARN] ThirdParty:833 - waiting for thirdparty lock release [change project]
2025-03-08 15:42:35,349 [INFO] ThirdParty:835 - entering critical section [change project]
2025-03-08 15:42:35,349 [INFO] ThirdParty:1030 - CMSIS Pack Vendor :STMicroelectronics USBPD 4.1
2025-03-08 15:42:35,349 [INFO] ThirdParty:1030 - CMSIS Pack Vendor :STMicroelectronics X-CUBE-AZRTOS-H7 3.3.0
2025-03-08 15:42:35,351 [INFO] ThirdParty:1030 - CMSIS Pack Vendor :STMicroelectronics X-CUBE-NFC9 1.0.0
2025-03-08 15:42:35,351 [INFO] ThirdParty:1030 - CMSIS Pack Vendor :STMicroelectronics USB_HOST 2.0.0
2025-03-08 15:42:35,351 [INFO] ThirdParty:1030 - CMSIS Pack Vendor :STMicroelectronics FP-SNS-MOTENVWB1 1.4.0
2025-03-08 15:42:35,351 [INFO] ThirdParty:1030 - CMSIS Pack Vendor :STMicroelectronics X-CUBE-AZRTOS-F4 1.1.0
2025-03-08 15:42:35,351 [INFO] ThirdParty:1030 - CMSIS Pack Vendor :STMicroelectronics LIBJPEG 8.0.0
2025-03-08 15:42:35,351 [INFO] ThirdParty:1030 - CMSIS Pack Vendor :STMicroelectronics FP-ATR-ASTRA1 2.0.2
2025-03-08 15:42:35,351 [INFO] ThirdParty:1030 - CMSIS Pack Vendor :STMicroelectronics FP-ATR-ASTRA1 2.0.1
2025-03-08 15:42:35,351 [INFO] ThirdParty:1030 - CMSIS Pack Vendor :STMicroelectronics X-CUBE-BLE1 7.1.0
2025-03-08 15:42:35,351 [INFO] ThirdParty:1030 - CMSIS Pack Vendor :STMicroelectronics X-CUBE-SMBUS 2.1.0
2025-03-08 15:42:35,351 [INFO] ThirdParty:1030 - CMSIS Pack Vendor :STMicroelectronics X-CUBE-WB05N 1.1.0
2025-03-08 15:42:35,351 [INFO] ThirdParty:1030 - CMSIS Pack Vendor :STMicroelectronics USB_DEVICE 3.0.0
2025-03-08 15:42:35,351 [INFO] ThirdParty:1030 - CMSIS Pack Vendor :STMicroelectronics X-CUBE-ISPU 2.1.0
2025-03-08 15:42:35,351 [INFO] ThirdParty:1030 - CMSIS Pack Vendor :STMicroelectronics X-CUBE-AZRTOS-WB 2.0.0
2025-03-08 15:42:35,351 [INFO] ThirdParty:1030 - CMSIS Pack Vendor :STMicroelectronics X-CUBE-GNSS1 7.0.1
2025-03-08 15:42:35,351 [INFO] ThirdParty:1030 - CMSIS Pack Vendor :STMicroelectronics X-CUBE-AZRTOS-F7 1.1.0
2025-03-08 15:42:35,351 [INFO] ThirdParty:1030 - CMSIS Pack Vendor :STMicroelectronics X-CUBE-AZRTOS-L5 2.0.0
2025-03-08 15:42:35,351 [INFO] ThirdParty:1030 - CMSIS Pack Vendor :STMicroelectronics X-CUBE-TOUCHGFX 4.25.0
2025-03-08 15:42:35,351 [INFO] ThirdParty:1030 - CMSIS Pack Vendor :STMicroelectronics USB_DEVICE 2.0.0
2025-03-08 15:42:35,351 [INFO] ThirdParty:1030 - CMSIS Pack Vendor :STMicroelectronics X-CUBE-NFC6 3.1.0
2025-03-08 15:42:35,351 [INFO] ThirdParty:1030 - CMSIS Pack Vendor :STMicroelectronics FP-SNS-STBOX1 2.0.0
2025-03-08 15:42:35,351 [INFO] ThirdParty:1030 - CMSIS Pack Vendor :STMicroelectronics FreeRTOS 0.0.1
2025-03-08 15:42:35,351 [INFO] ThirdParty:1030 - CMSIS Pack Vendor :STMicroelectronics X-CUBE-AZRTOS-G0 1.1.0
2025-03-08 15:42:35,351 [INFO] ThirdParty:1030 - CMSIS Pack Vendor :STMicroelectronics X-CUBE-SAFEA1 1.2.2
2025-03-08 15:42:35,351 [INFO] ThirdParty:1030 - CMSIS Pack Vendor :STMicroelectronics X-CUBE-NFC4 3.0.0
2025-03-08 15:42:35,351 [INFO] ThirdParty:1030 - CMSIS Pack Vendor :STMicroelectronics X-CUBE-DPower 1.2.0
2025-03-08 15:42:35,351 [INFO] ThirdParty:1030 - CMSIS Pack Vendor :STMicroelectronics X-CUBE-SUBG2 5.0.0
2025-03-08 15:42:35,351 [INFO] ThirdParty:1030 - CMSIS Pack Vendor :STMicroelectronics STM32_WPAN 1.0.0
2025-03-08 15:42:35,351 [INFO] ThirdParty:1030 - CMSIS Pack Vendor :EmbeddedOffice I-CUBE-FS-RTOS 1.0.1
2025-03-08 15:42:35,351 [INFO] ThirdParty:1030 - CMSIS Pack Vendor :STMicroelectronics lwIP 2.0.3
2025-03-08 15:42:35,351 [INFO] ThirdParty:1030 - CMSIS Pack Vendor :STMicroelectronics FP-SNS-FLIGHT1 5.0.2
2025-03-08 15:42:35,351 [INFO] ThirdParty:1030 - CMSIS Pack Vendor :Cesanta I-CUBE-Mongoose 7.13.0
2025-03-08 15:42:35,351 [INFO] ThirdParty:1030 - CMSIS Pack Vendor :STMicroelectronics USB_HOST 1.0.0
2025-03-08 15:42:35,351 [INFO] ThirdParty:1030 - CMSIS Pack Vendor :Infineon AIROC-Wi-Fi-Bluetooth-STM32 1.7.0
2025-03-08 15:42:35,351 [INFO] ThirdParty:1030 - CMSIS Pack Vendor :STMicroelectronics X-CUBE-AZRTOS-G4 2.0.0
2025-03-08 15:42:35,351 [INFO] ThirdParty:1030 - CMSIS Pack Vendor :STMicroelectronics PDM2PCM 3.1.0
2025-03-08 15:42:35,351 [INFO] ThirdParty:1030 - CMSIS Pack Vendor :STMicroelectronics PDM2PCM 3.3.0
2025-03-08 15:42:35,351 [INFO] ThirdParty:1030 - CMSIS Pack Vendor :STMicroelectronics X-CUBE-DISPLAY 3.0.0
2025-03-08 15:42:35,351 [INFO] ThirdParty:1030 - CMSIS Pack Vendor :STMicroelectronics X-CUBE-TCPP 4.2.0
2025-03-08 15:42:35,351 [INFO] ThirdParty:1030 - CMSIS Pack Vendor :RealThread X-CUBE-RT-Thread_Nano 4.1.1
2025-03-08 15:42:35,351 [INFO] ThirdParty:1030 - CMSIS Pack Vendor :STMicroelectronics X-CUBE-BLE1 7.0.0
2025-03-08 15:42:35,351 [INFO] ThirdParty:1030 - CMSIS Pack Vendor :STMicroelectronics FP-ATR-SIGFOX1 3.2.0
2025-03-08 15:42:35,352 [INFO] ThirdParty:1030 - CMSIS Pack Vendor :STMicroelectronics X-CUBE-NFC10 1.0.0
2025-03-08 15:42:35,352 [INFO] ThirdParty:1030 - CMSIS Pack Vendor :quantropi X-CUBE-qispace-sdk-base 1.9.3
2025-03-08 15:42:35,352 [INFO] ThirdParty:1030 - CMSIS Pack Vendor :STMicroelectronics X-CUBE-BLEMGR 4.0.0
2025-03-08 15:42:35,352 [INFO] ThirdParty:1030 - CMSIS Pack Vendor :STMicroelectronics X-CUBE-EEPRMA1 5.1.0
2025-03-08 15:42:35,352 [INFO] ThirdParty:1030 - CMSIS Pack Vendor :STMicroelectronics HAL Drivers 0.0.0
2025-03-08 15:42:35,352 [INFO] ThirdParty:1030 - CMSIS Pack Vendor :STMicroelectronics MBEDTLS 2.16.2
2025-03-08 15:42:35,352 [INFO] ThirdParty:1030 - CMSIS Pack Vendor :STMicroelectronics X-CUBE-IPS 3.1.0
2025-03-08 15:42:35,352 [INFO] ThirdParty:1030 - CMSIS Pack Vendor :STMicroelectronics X-CUBE-ALS 1.0.2
2025-03-08 15:42:35,352 [INFO] ThirdParty:1030 - CMSIS Pack Vendor :emotas I-CUBE-CANOPEN 1.3.0
2025-03-08 15:42:35,352 [INFO] ThirdParty:1030 - CMSIS Pack Vendor :STMicroelectronics X-CUBE-FREERTOS 1.3.0
2025-03-08 15:42:35,352 [INFO] ThirdParty:1030 - CMSIS Pack Vendor :STMicroelectronics X-CUBE-NFC7 1.0.1
2025-03-08 15:42:35,352 [INFO] ThirdParty:1030 - CMSIS Pack Vendor :STMicroelectronics MBEDTLS 2.14.1
2025-03-08 15:42:35,352 [INFO] ThirdParty:1030 - CMSIS Pack Vendor :wolfSSL I-CUBE-wolfSSL 5.7.6
2025-03-08 15:42:35,352 [INFO] ThirdParty:1030 - CMSIS Pack Vendor :ITTIA_DB I-CUBE-ITTIADB 8.9.0
2025-03-08 15:42:35,352 [INFO] ThirdParty:1030 - CMSIS Pack Vendor :STMicroelectronics X-CUBE-TOUCHGFX 4.24.2
2025-03-08 15:42:35,352 [INFO] ThirdParty:1030 - CMSIS Pack Vendor :wolfSSL I-CUBE-wolfTPM 3.4.0
2025-03-08 15:42:35,352 [INFO] ThirdParty:1030 - CMSIS Pack Vendor :portGmbH I-Cube-SoM-uGOAL 1.1.0
2025-03-08 15:42:35,352 [INFO] ThirdParty:1030 - CMSIS Pack Vendor :STMicroelectronics X-CUBE-AI 10.0.0
2025-03-08 15:42:35,352 [INFO] ThirdParty:1030 - CMSIS Pack Vendor :STMicroelectronics ThreadX 1.0.0
2025-03-08 15:42:35,352 [INFO] ThirdParty:1030 - CMSIS Pack Vendor :STMicroelectronics FP-SNS-SMARTAG2 1.2.0
2025-03-08 15:42:35,352 [INFO] ThirdParty:1030 - CMSIS Pack Vendor :STMicroelectronics X-CUBE-MEMS1 11.1.0
2025-03-08 15:42:35,352 [INFO] ThirdParty:1030 - CMSIS Pack Vendor :STMicroelectronics X-CUBE-AZRTOS-WL 2.0.0
2025-03-08 15:42:35,352 [INFO] ThirdParty:1030 - CMSIS Pack Vendor :SEGGER I-CUBE-embOS 1.3.1
2025-03-08 15:42:35,352 [INFO] ThirdParty:1030 - CMSIS Pack Vendor :STMicroelectronics X-CUBE-ALGOBUILD 1.4.0
2025-03-08 15:42:35,352 [INFO] ThirdParty:1030 - CMSIS Pack Vendor :STMicroelectronics FP-SNS-MOTENV1 5.0.0
2025-03-08 15:42:35,352 [INFO] ThirdParty:1030 - CMSIS Pack Vendor :STMicroelectronics USB_DEVICE 1.0.0
2025-03-08 15:42:35,352 [INFO] ThirdParty:1030 - CMSIS Pack Vendor :STMicroelectronics X-CUBE-AZRTOS-H7RS 1.0.0
2025-03-08 15:42:35,352 [INFO] ThirdParty:1030 - CMSIS Pack Vendor :wolfSSL I-CUBE-wolfMQTT 1.19.0
2025-03-08 15:42:35,353 [INFO] ThirdParty:1030 - CMSIS Pack Vendor :STMicroelectronics X-CUBE-AZRTOS-L4 2.0.0
2025-03-08 15:42:35,353 [INFO] ThirdParty:1030 - CMSIS Pack Vendor :STMicroelectronics ThreadX 0.0.2
2025-03-08 15:42:35,353 [INFO] ThirdParty:1030 - CMSIS Pack Vendor :WES I-CUBE-Cesium 1.3.0
2025-03-08 15:42:35,353 [INFO] ThirdParty:1030 - CMSIS Pack Vendor :STMicroelectronics lwIP 2.1.2
2025-03-08 15:42:35,353 [INFO] ThirdParty:1030 - CMSIS Pack Vendor :STMicroelectronics X-CUBE-SFXS2LP1 4.0.0
2025-03-08 15:42:35,353 [INFO] ThirdParty:1030 - CMSIS Pack Vendor :STMicroelectronics X-CUBE-BLE2 3.3.0
2025-03-08 15:42:35,353 [INFO] ThirdParty:1030 - CMSIS Pack Vendor :STMicroelectronics X-CUBE-TOF1 3.4.2
2025-03-08 15:42:35,353 [INFO] ThirdParty:1030 - CMSIS Pack Vendor :STMicroelectronics PDM2PCM 3.2.0
2025-03-08 15:42:35,353 [INFO] ThirdParty:1030 - CMSIS Pack Vendor :wolfSSL I-CUBE-wolfSSH 1.4.17
2025-03-08 15:42:35,353 [INFO] ThirdParty:841 - exiting critical section [change project]
2025-03-08 15:42:35,523 [INFO] PinOutPanel:1589 - setPackage(No Configuration,No Configuration)
2025-03-08 15:42:35,524 [INFO] PinOutPanel:1589 - setPackage(STM32F103C8Tx,LQFP48)
2025-03-08 15:42:35,837 [INFO] UtilMem:75 - Before build in PCC Used Memory: 933874704 Bytes (1073741824)
2025-03-08 15:42:36,106 [INFO] UtilMem:75 - After build in PCC Used Memory: 975817744 Bytes (1073741824)
2025-03-08 15:42:36,136 [INFO] IPUIPlugin:80 - create IPUIPlugin
2025-03-08 15:42:36,136 [INFO] IPUIPlugin:80 - create IPUIPlugin
2025-03-08 15:42:36,137 [INFO] IPUIPlugin:80 - create IPUIPlugin
2025-03-08 15:42:36,137 [INFO] IPUIPlugin:80 - create IPUIPlugin
2025-03-08 15:42:36,137 [INFO] IPUIPlugin:80 - create IPUIPlugin
2025-03-08 15:42:36,137 [INFO] IPUIPlugin:80 - create IPUIPlugin
2025-03-08 15:42:36,137 [INFO] IPUIPlugin:80 - create IPUIPlugin
2025-03-08 15:42:36,137 [INFO] IPUIPlugin:80 - create IPUIPlugin
2025-03-08 15:42:36,138 [INFO] IPUIPlugin:80 - create IPUIPlugin
2025-03-08 15:42:36,138 [INFO] IPUIPlugin:80 - create IPUIPlugin
2025-03-08 15:42:36,138 [INFO] IPUIPlugin:80 - create IPUIPlugin
2025-03-08 15:42:36,138 [INFO] IPUIPlugin:80 - create IPUIPlugin
2025-03-08 15:42:36,138 [INFO] IPUIPlugin:80 - create IPUIPlugin
2025-03-08 15:42:36,139 [INFO] IPUIPlugin:80 - create IPUIPlugin
2025-03-08 15:42:36,139 [INFO] IPUIPlugin:80 - create IPUIPlugin
2025-03-08 15:42:36,139 [INFO] IPUIPlugin:80 - create IPUIPlugin
2025-03-08 15:42:36,139 [INFO] IPUIPlugin:80 - create IPUIPlugin
2025-03-08 15:42:36,139 [INFO] IPUIPlugin:80 - create IPUIPlugin
2025-03-08 15:42:36,139 [INFO] IPUIPlugin:80 - create IPUIPlugin
2025-03-08 15:42:36,139 [INFO] IPUIPlugin:80 - create IPUIPlugin
2025-03-08 15:42:36,140 [INFO] IPUIPlugin:80 - create IPUIPlugin
2025-03-08 15:42:36,140 [INFO] IPUIPlugin:80 - create IPUIPlugin
2025-03-08 15:42:36,140 [INFO] IPUIPlugin:80 - create IPUIPlugin
2025-03-08 15:42:36,141 [INFO] IPUIPlugin:80 - create IPUIPlugin
2025-03-08 15:42:36,142 [INFO] IPUIPlugin:80 - create IPUIPlugin
2025-03-08 15:42:36,142 [INFO] IPUIPlugin:80 - create IPUIPlugin
2025-03-08 15:42:36,143 [INFO] IPUIPlugin:80 - create IPUIPlugin
2025-03-08 15:42:36,242 [INFO] CADModel:165 - CPN selected for project levelSTM32F103C8T7TR
2025-03-08 15:42:36,242 [INFO] CADModel:114 - Register for checkConnection events
2025-03-08 15:42:36,317 [INFO] OpenFileManager:363 - Restore cursor
2025-03-08 17:31:31,166 [INFO] WebApp:190 - Connection lost
2025-03-08 17:31:31,826 [INFO] WebApp:187 - Connection restablished
2025-03-08 18:41:49,984 [INFO] WebApp:190 - Connection lost
2025-03-08 18:41:50,554 [INFO] WebApp:187 - Connection restablished
2025-03-08 18:51:06,459 [INFO] WebApp:190 - Connection lost
2025-03-08 18:51:35,839 [INFO] WebApp:187 - Connection restablished
2025-03-08 18:51:42,076 [INFO] WebApp:190 - Connection lost
2025-03-08 18:51:42,311 [INFO] WebApp:187 - Connection restablished
2025-03-08 18:53:21,467 [INFO] WebApp:190 - Connection lost
2025-03-08 18:53:21,659 [INFO] WebApp:187 - Connection restablished
2025-03-08 19:00:24,367 [INFO] WebApp:190 - Connection lost
2025-03-08 19:00:24,632 [INFO] WebApp:187 - Connection restablished
2025-03-08 19:36:33,606 [INFO] WebApp:190 - Connection lost
2025-03-08 19:36:34,333 [INFO] WebApp:187 - Connection restablished
2025-03-08 19:45:08,601 [INFO] MainUpdater:2872 - connection check result : 10
2025-03-08 19:45:08,950 [INFO] McuFinderGlobals:76 - Set McuFinderConnectedMode to true
2025-03-08 19:45:08,989 [INFO] MultiScanPanel:200 - Auto-refresh data requested => check proxy status ongoing
2025-03-08 19:45:09,001 [INFO] FinderPluginLoader:95 - Searching for filters in installed packs
2025-03-08 19:45:12,616 [INFO] LoadUrlFilesThread:185 - End of LoadServerUrlFiles without Thread
2025-03-08 19:45:12,621 [INFO] DetailPanel:341 - Set advertising image to C:/Users/84369/STM32Cube/Repository/\en.prom-stm32u3-mcu-finder.jpg
2025-03-08 19:45:32,031 [INFO] MainUpdater:2872 - connection check result : 10
2025-03-08 19:45:32,032 [INFO] MainUpdater:2872 - connection check result : 10
2025-03-08 19:45:32,254 [INFO] MicroXplorer:468 - Change Database Path : 
2025-03-08 19:45:32,254 [INFO] MicroXplorer:498 - Change Database Version : DB.6.0.130
2025-03-08 19:45:32,308 [ERROR] ProjectManagerView:394 - 
java.lang.NullPointerException: Cannot invoke "javax.swing.JTextField.getText()" because the return value of "java.util.List.get(int)" is null
	at com.st.microxplorer.plugins.projectmanager.gui.ProjectChoiceTab$9.caretUpdate(ProjectChoiceTab.java:2616) ~[filemanager.jar:?]
	at javax.swing.text.JTextComponent.fireCaretUpdate(JTextComponent.java:408) ~[?:?]
	at javax.swing.text.JTextComponent$MutableCaretEvent.fire(JTextComponent.java:4484) ~[?:?]
	at javax.swing.text.JTextComponent$MutableCaretEvent.stateChanged(JTextComponent.java:4506) ~[?:?]
	at javax.swing.text.DefaultCaret.fireStateChanged(DefaultCaret.java:857) ~[?:?]
	at javax.swing.text.DefaultCaret.changeCaretPosition(DefaultCaret.java:1343) ~[?:?]
	at javax.swing.text.DefaultCaret.handleSetDot(DefaultCaret.java:1242) ~[?:?]
	at javax.swing.text.DefaultCaret.setDot(DefaultCaret.java:1223) ~[?:?]
	at javax.swing.text.DefaultCaret$Handler.insertUpdate(DefaultCaret.java:1819) ~[?:?]
	at javax.swing.text.AbstractDocument.fireInsertUpdate(AbstractDocument.java:227) ~[?:?]
	at javax.swing.text.AbstractDocument.handleInsertString(AbstractDocument.java:781) ~[?:?]
	at javax.swing.text.AbstractDocument.insertString(AbstractDocument.java:740) ~[?:?]
	at javax.swing.text.PlainDocument.insertString(PlainDocument.java:131) ~[?:?]
	at javax.swing.text.AbstractDocument.replace(AbstractDocument.java:699) ~[?:?]
	at javax.swing.text.JTextComponent.setText(JTextComponent.java:1725) ~[?:?]
	at com.st.microxplorer.plugins.projectmanager.gui.ProjectChoiceTab.createHeapStackFields(ProjectChoiceTab.java:975) ~[filemanager.jar:?]
	at com.st.microxplorer.plugins.projectmanager.gui.ProjectChoiceTab.buildLinkSettingsPanel(ProjectChoiceTab.java:3666) ~[filemanager.jar:?]
	at com.st.microxplorer.plugins.projectmanager.gui.ProjectChoiceTab.defineWindowsFields(ProjectChoiceTab.java:1934) ~[filemanager.jar:?]
	at com.st.microxplorer.plugins.projectmanager.gui.ProjectChoiceTab.updateSettings(ProjectChoiceTab.java:553) ~[filemanager.jar:?]
	at com.st.microxplorer.plugins.projectmanager.gui.ProjectSettingsPanel.UpdateDialog(ProjectSettingsPanel.java:245) ~[filemanager.jar:?]
	at com.st.microxplorer.plugins.projectmanager.ProjectManagerView.propertyChange(ProjectManagerView.java:391) ~[filemanager.jar:?]
	at java.beans.PropertyChangeSupport.fire(PropertyChangeSupport.java:343) ~[?:?]
	at java.beans.PropertyChangeSupport.firePropertyChange(PropertyChangeSupport.java:335) ~[?:?]
	at java.beans.PropertyChangeSupport.firePropertyChange(PropertyChangeSupport.java:268) ~[?:?]
	at com.st.microxplorer.util.MXPropertyChangeSupport.firePropertyChange(MXPropertyChangeSupport.java:54) ~[STM32CubeMX.jar:?]
	at com.st.microxplorer.mxsystem.MxSystem.closeConfig(MxSystem.java:899) ~[STM32CubeMX.jar:?]
	at com.st.microxplorer.maingui.MainPanel.closeConfig(MainPanel.java:789) ~[STM32CubeMX.jar:?]
	at com.st.microxplorer.plugins.filemanager.engine.OpenFileManager.loadConfigurationFile(OpenFileManager.java:265) ~[filemanager.jar:?]
	at com.st.microxplorer.plugins.filemanager.engine.MainFileManager.userLoadConfig(MainFileManager.java:340) ~[filemanager.jar:?]
	at com.st.microxplorer.plugins.filemanager.engine.MainFileManager.userLoadConfig(MainFileManager.java:318) ~[filemanager.jar:?]
	at com.st.microxplorer.plugins.filemanager.FileManagerView.getSpecificTask(FileManagerView.java:246) ~[filemanager.jar:?]
	at com.st.stm32cube.common.mx.editor.CubeMxEditor.getMxTabbedPaneInstance(CubeMxEditor.java:1198) ~[com.st.stm32cube.common.mx_6.13.0.202411220809/:?]
	at com.st.stm32cube.common.mx.editor.CubeMxEditor$12$1.createSwingComponent(CubeMxEditor.java:1068) ~[com.st.stm32cube.common.mx_6.13.0.202411220809/:?]
	at com.st.stm32cube.common.mx.oss.core.awtswtbridge.EmbeddedSwingComposite.doComponentCreation(EmbeddedSwingComposite.java:492) ~[com.st.stm32cube.common.mx.oss_6.13.0.202411220809/:?]
	at com.st.stm32cube.common.mx.oss.core.awtswtbridge.EmbeddedSwingComposite$4.run(EmbeddedSwingComposite.java:291) ~[com.st.stm32cube.common.mx.oss_6.13.0.202411220809/:?]
	at com.st.stm32cube.common.mx.oss.core.awtswtbridge.AwtEnvironment$2.run(AwtEnvironment.java:166) ~[com.st.stm32cube.common.mx.oss_6.13.0.202411220809/:?]
	at java.awt.event.InvocationEvent.dispatch(InvocationEvent.java:318) ~[?:?]
	at java.awt.EventQueue.dispatchEventImpl(EventQueue.java:773) ~[?:?]
	at java.awt.EventQueue$4.run(EventQueue.java:720) ~[?:?]
	at java.awt.EventQueue$4.run(EventQueue.java:714) ~[?:?]
	at java.security.AccessController.doPrivileged(AccessController.java:400) ~[?:?]
	at java.security.ProtectionDomain$JavaSecurityAccessImpl.doIntersectionPrivilege(ProtectionDomain.java:87) ~[?:?]
	at java.awt.EventQueue.dispatchEvent(EventQueue.java:742) ~[?:?]
	at java.awt.EventDispatchThread.pumpOneEventForFilters(EventDispatchThread.java:203) ~[?:?]
	at java.awt.EventDispatchThread.pumpEventsForFilter(EventDispatchThread.java:124) ~[?:?]
	at java.awt.EventDispatchThread.pumpEventsForHierarchy(EventDispatchThread.java:113) ~[?:?]
	at java.awt.EventDispatchThread.pumpEvents(EventDispatchThread.java:109) ~[?:?]
	at java.awt.EventDispatchThread.pumpEvents(EventDispatchThread.java:101) ~[?:?]
	at java.awt.EventDispatchThread.run(EventDispatchThread.java:90) ~[?:?]
2025-03-08 19:45:32,314 [WARN] ThirdParty:871 - waiting for thirdparty lock release [close project]
2025-03-08 19:45:32,315 [INFO] ThirdParty:873 - entering critical section [close project]
2025-03-08 19:45:32,316 [INFO] ThirdParty:883 - exiting critical section [close project]
2025-03-08 19:45:32,318 [INFO] PinOutPanel:1589 - setPackage(No Configuration,No Configuration)
2025-03-08 19:45:32,328 [INFO] UtilMem:75 - Begin LoadConfig() Used Memory: 993995904 Bytes (1073741824)
2025-03-08 19:45:32,331 [INFO] MicroXplorer:468 - Change Database Path : 
2025-03-08 19:45:32,332 [INFO] MicroXplorer:498 - Change Database Version : DB.6.0.130
2025-03-08 19:45:32,332 [INFO] OpenFileManager:332 - Change cursor
2025-03-08 19:45:32,401 [INFO] Mcu:2035 - Initializing MCU STM32F103C8Tx STM32F103C8Tx STM32F103C8T7TR
2025-03-08 19:45:33,904 [INFO] Context:748 - Trying to add GPIOservice into a context  which must be forbidden
2025-03-08 19:45:34,385 [INFO] ImportTextPane:218 - (OptionalMessage_ERROR) Unable to find key (Mcu.ThirdPartyNb) in loaded IOC file
2025-03-08 19:45:34,385 [INFO] ImportTextPane:218 - (OptionalMessage_ERROR) Unable to find key (Mcu.PinsNb) in loaded IOC file
2025-03-08 19:45:34,386 [INFO] ImportTextPane:218 - (OptionalMessage_ERROR) Unable to find key (Mcu.IPNb) in loaded IOC file
2025-03-08 19:45:34,477 [INFO] RtosManager:555 - Registered RTOS mode: class=CMSIS, group=RTOS, mode=CMSIS_V1, owner=FREERTOS
2025-03-08 19:45:34,477 [INFO] RtosManager:555 - Registered RTOS mode: class=CMSIS, group=RTOS2, mode=CMSIS_V2, owner=FREERTOS
2025-03-08 19:45:34,477 [INFO] RtosManager:555 - Registered RTOS mode: class=RTOS, group=Core, mode=CMSIS_V1, owner=FREERTOS
2025-03-08 19:45:34,477 [INFO] RtosManager:555 - Registered RTOS mode: class=RTOS, group=Core, mode=CMSIS_V2, owner=FREERTOS
2025-03-08 19:45:34,478 [WARN] ModelIntegratedComponent:184 - Missing modes for component STMicroelectronics:FreeRTOS:0.0.1:STMicroelectronics:RTOS:FreeRTOS:Core:::10.2.0:
2025-03-08 19:45:34,519 [WARN] ModelIntegratedComponent:63 - No mode defined for component null
2025-03-08 19:45:34,520 [WARN] ModelIntegratedComponent:63 - No mode defined for component null
2025-03-08 19:45:34,520 [WARN] ModelIntegratedComponent:63 - No mode defined for component null
2025-03-08 19:45:34,520 [WARN] ModelIntegratedComponent:63 - No mode defined for component null
2025-03-08 19:45:34,520 [WARN] ModelIntegratedComponent:63 - No mode defined for component null
2025-03-08 19:45:34,520 [WARN] ModelIntegratedComponent:63 - No mode defined for component null
2025-03-08 19:45:34,520 [WARN] ModelIntegratedComponent:63 - No mode defined for component null
2025-03-08 19:45:34,522 [WARN] ModelIntegratedComponent:63 - No mode defined for component null
2025-03-08 19:45:34,522 [WARN] ModelIntegratedComponent:63 - No mode defined for component null
2025-03-08 19:45:34,522 [WARN] ModelIntegratedComponent:63 - No mode defined for component null
2025-03-08 19:45:34,523 [WARN] ModelIntegratedComponent:63 - No mode defined for component null
2025-03-08 19:45:34,523 [WARN] ModelIntegratedComponent:63 - No mode defined for component null
2025-03-08 19:45:34,523 [WARN] ModelIntegratedComponent:63 - No mode defined for component null
2025-03-08 19:45:34,524 [WARN] ModelIntegratedComponent:63 - No mode defined for component null
2025-03-08 19:45:34,524 [WARN] ModelIntegratedComponent:63 - No mode defined for component null
2025-03-08 19:45:34,525 [WARN] ModelIntegratedComponent:63 - No mode defined for component null
2025-03-08 19:45:34,525 [WARN] ModelIntegratedComponent:63 - No mode defined for component null
2025-03-08 19:45:34,525 [WARN] ModelIntegratedComponent:63 - No mode defined for component null
2025-03-08 19:45:34,525 [WARN] ModelIntegratedComponent:63 - No mode defined for component null
2025-03-08 19:45:34,526 [WARN] ModelIntegratedComponent:63 - No mode defined for component null
2025-03-08 19:45:34,526 [WARN] ModelIntegratedComponent:63 - No mode defined for component null
2025-03-08 19:45:34,526 [WARN] ModelIntegratedComponent:63 - No mode defined for component null
2025-03-08 19:45:34,526 [WARN] ModelIntegratedComponent:63 - No mode defined for component null
2025-03-08 19:45:34,526 [WARN] ModelIntegratedComponent:63 - No mode defined for component null
2025-03-08 19:45:34,526 [WARN] ModelIntegratedComponent:63 - No mode defined for component null
2025-03-08 19:45:34,527 [WARN] ModelIntegratedComponent:63 - No mode defined for component null
2025-03-08 19:45:34,527 [WARN] ModelIntegratedComponent:63 - No mode defined for component null
2025-03-08 19:45:34,528 [WARN] ModelIntegratedComponent:63 - No mode defined for component null
2025-03-08 19:45:34,528 [WARN] ModelIntegratedComponent:63 - No mode defined for component null
2025-03-08 19:45:34,529 [WARN] ModelIntegratedComponent:63 - No mode defined for component null
2025-03-08 19:45:34,529 [WARN] ModelIntegratedComponent:63 - No mode defined for component null
2025-03-08 19:45:34,529 [WARN] ModelIntegratedComponent:63 - No mode defined for component null
2025-03-08 19:45:34,530 [WARN] ModelIntegratedComponent:63 - No mode defined for component null
2025-03-08 19:45:34,530 [WARN] ModelIntegratedComponent:63 - No mode defined for component null
2025-03-08 19:45:34,530 [WARN] ModelIntegratedComponent:63 - No mode defined for component null
2025-03-08 19:45:34,530 [WARN] ModelPack:524 - Component already loaded: STMicroelectronics:HAL Drivers:0.0.0:STMicroelectronics:Device:STMicro_Driver:XSPI:HAL::0.0.1:HAL_XSPI
2025-03-08 19:45:34,806 [INFO] ThirdPartyModel:298 - Start build external matchings
2025-03-08 19:45:35,933 [INFO] ThirdPartyModel:316 - End build external matchings
2025-03-08 19:45:36,188 [INFO] UtilMem:75 - End LoadConfig() Used Memory: 836716368 Bytes (1073741824)
2025-03-08 19:45:36,218 [WARN] ThirdParty:833 - waiting for thirdparty lock release [change project]
2025-03-08 19:45:36,219 [INFO] ThirdParty:835 - entering critical section [change project]
2025-03-08 19:45:36,219 [INFO] ThirdParty:1030 - CMSIS Pack Vendor :STMicroelectronics USBPD 4.1
2025-03-08 19:45:36,219 [INFO] ThirdParty:1030 - CMSIS Pack Vendor :STMicroelectronics X-CUBE-AZRTOS-H7 3.3.0
2025-03-08 19:45:36,219 [INFO] ThirdParty:1030 - CMSIS Pack Vendor :STMicroelectronics X-CUBE-NFC9 1.0.0
2025-03-08 19:45:36,219 [INFO] ThirdParty:1030 - CMSIS Pack Vendor :STMicroelectronics USB_HOST 2.0.0
2025-03-08 19:45:36,219 [INFO] ThirdParty:1030 - CMSIS Pack Vendor :STMicroelectronics FP-SNS-MOTENVWB1 1.4.0
2025-03-08 19:45:36,219 [INFO] ThirdParty:1030 - CMSIS Pack Vendor :STMicroelectronics X-CUBE-AZRTOS-F4 1.1.0
2025-03-08 19:45:36,219 [INFO] ThirdParty:1030 - CMSIS Pack Vendor :STMicroelectronics LIBJPEG 8.0.0
2025-03-08 19:45:36,219 [INFO] ThirdParty:1030 - CMSIS Pack Vendor :STMicroelectronics FP-ATR-ASTRA1 2.0.2
2025-03-08 19:45:36,219 [INFO] ThirdParty:1030 - CMSIS Pack Vendor :STMicroelectronics FP-ATR-ASTRA1 2.0.1
2025-03-08 19:45:36,219 [INFO] ThirdParty:1030 - CMSIS Pack Vendor :STMicroelectronics X-CUBE-BLE1 7.1.0
2025-03-08 19:45:36,220 [INFO] ThirdParty:1030 - CMSIS Pack Vendor :STMicroelectronics X-CUBE-SMBUS 2.1.0
2025-03-08 19:45:36,220 [INFO] ThirdParty:1030 - CMSIS Pack Vendor :STMicroelectronics X-CUBE-WB05N 1.1.0
2025-03-08 19:45:36,220 [INFO] ThirdParty:1030 - CMSIS Pack Vendor :STMicroelectronics USB_DEVICE 3.0.0
2025-03-08 19:45:36,220 [INFO] ThirdParty:1030 - CMSIS Pack Vendor :STMicroelectronics X-CUBE-ISPU 2.1.0
2025-03-08 19:45:36,220 [INFO] ThirdParty:1030 - CMSIS Pack Vendor :STMicroelectronics X-CUBE-AZRTOS-WB 2.0.0
2025-03-08 19:45:36,220 [INFO] ThirdParty:1030 - CMSIS Pack Vendor :STMicroelectronics X-CUBE-GNSS1 7.0.1
2025-03-08 19:45:36,220 [INFO] ThirdParty:1030 - CMSIS Pack Vendor :STMicroelectronics X-CUBE-AZRTOS-F7 1.1.0
2025-03-08 19:45:36,220 [INFO] ThirdParty:1030 - CMSIS Pack Vendor :STMicroelectronics X-CUBE-AZRTOS-L5 2.0.0
2025-03-08 19:45:36,220 [INFO] ThirdParty:1030 - CMSIS Pack Vendor :STMicroelectronics X-CUBE-TOUCHGFX 4.25.0
2025-03-08 19:45:36,220 [INFO] ThirdParty:1030 - CMSIS Pack Vendor :STMicroelectronics USB_DEVICE 2.0.0
2025-03-08 19:45:36,220 [INFO] ThirdParty:1030 - CMSIS Pack Vendor :STMicroelectronics X-CUBE-NFC6 3.1.0
2025-03-08 19:45:36,220 [INFO] ThirdParty:1030 - CMSIS Pack Vendor :STMicroelectronics FP-SNS-STBOX1 2.0.0
2025-03-08 19:45:36,220 [INFO] ThirdParty:1030 - CMSIS Pack Vendor :STMicroelectronics FreeRTOS 0.0.1
2025-03-08 19:45:36,220 [INFO] ThirdParty:1030 - CMSIS Pack Vendor :STMicroelectronics X-CUBE-AZRTOS-G0 1.1.0
2025-03-08 19:45:36,220 [INFO] ThirdParty:1030 - CMSIS Pack Vendor :STMicroelectronics X-CUBE-SAFEA1 1.2.2
2025-03-08 19:45:36,220 [INFO] ThirdParty:1030 - CMSIS Pack Vendor :STMicroelectronics X-CUBE-NFC4 3.0.0
2025-03-08 19:45:36,220 [INFO] ThirdParty:1030 - CMSIS Pack Vendor :STMicroelectronics X-CUBE-DPower 1.2.0
2025-03-08 19:45:36,221 [INFO] ThirdParty:1030 - CMSIS Pack Vendor :STMicroelectronics X-CUBE-SUBG2 5.0.0
2025-03-08 19:45:36,221 [INFO] ThirdParty:1030 - CMSIS Pack Vendor :STMicroelectronics STM32_WPAN 1.0.0
2025-03-08 19:45:36,221 [INFO] ThirdParty:1030 - CMSIS Pack Vendor :EmbeddedOffice I-CUBE-FS-RTOS 1.0.1
2025-03-08 19:45:36,221 [INFO] ThirdParty:1030 - CMSIS Pack Vendor :STMicroelectronics lwIP 2.0.3
2025-03-08 19:45:36,221 [INFO] ThirdParty:1030 - CMSIS Pack Vendor :STMicroelectronics FP-SNS-FLIGHT1 5.0.2
2025-03-08 19:45:36,221 [INFO] ThirdParty:1030 - CMSIS Pack Vendor :Cesanta I-CUBE-Mongoose 7.13.0
2025-03-08 19:45:36,221 [INFO] ThirdParty:1030 - CMSIS Pack Vendor :STMicroelectronics USB_HOST 1.0.0
2025-03-08 19:45:36,221 [INFO] ThirdParty:1030 - CMSIS Pack Vendor :Infineon AIROC-Wi-Fi-Bluetooth-STM32 1.7.0
2025-03-08 19:45:36,221 [INFO] ThirdParty:1030 - CMSIS Pack Vendor :STMicroelectronics X-CUBE-AZRTOS-G4 2.0.0
2025-03-08 19:45:36,221 [INFO] ThirdParty:1030 - CMSIS Pack Vendor :STMicroelectronics PDM2PCM 3.1.0
2025-03-08 19:45:36,221 [INFO] ThirdParty:1030 - CMSIS Pack Vendor :STMicroelectronics PDM2PCM 3.3.0
2025-03-08 19:45:36,221 [INFO] ThirdParty:1030 - CMSIS Pack Vendor :STMicroelectronics X-CUBE-DISPLAY 3.0.0
2025-03-08 19:45:36,221 [INFO] ThirdParty:1030 - CMSIS Pack Vendor :STMicroelectronics X-CUBE-TCPP 4.2.0
2025-03-08 19:45:36,222 [INFO] ThirdParty:1030 - CMSIS Pack Vendor :RealThread X-CUBE-RT-Thread_Nano 4.1.1
2025-03-08 19:45:36,222 [INFO] ThirdParty:1030 - CMSIS Pack Vendor :STMicroelectronics X-CUBE-BLE1 7.0.0
2025-03-08 19:45:36,222 [INFO] ThirdParty:1030 - CMSIS Pack Vendor :STMicroelectronics FP-ATR-SIGFOX1 3.2.0
2025-03-08 19:45:36,222 [INFO] ThirdParty:1030 - CMSIS Pack Vendor :STMicroelectronics X-CUBE-NFC10 1.0.0
2025-03-08 19:45:36,222 [INFO] ThirdParty:1030 - CMSIS Pack Vendor :quantropi X-CUBE-qispace-sdk-base 1.9.3
2025-03-08 19:45:36,222 [INFO] ThirdParty:1030 - CMSIS Pack Vendor :STMicroelectronics X-CUBE-BLEMGR 4.0.0
2025-03-08 19:45:36,222 [INFO] ThirdParty:1030 - CMSIS Pack Vendor :STMicroelectronics X-CUBE-EEPRMA1 5.1.0
2025-03-08 19:45:36,222 [INFO] ThirdParty:1030 - CMSIS Pack Vendor :STMicroelectronics HAL Drivers 0.0.0
2025-03-08 19:45:36,222 [INFO] ThirdParty:1030 - CMSIS Pack Vendor :STMicroelectronics MBEDTLS 2.16.2
2025-03-08 19:45:36,222 [INFO] ThirdParty:1030 - CMSIS Pack Vendor :STMicroelectronics X-CUBE-IPS 3.1.0
2025-03-08 19:45:36,222 [INFO] ThirdParty:1030 - CMSIS Pack Vendor :STMicroelectronics X-CUBE-ALS 1.0.2
2025-03-08 19:45:36,222 [INFO] ThirdParty:1030 - CMSIS Pack Vendor :emotas I-CUBE-CANOPEN 1.3.0
2025-03-08 19:45:36,222 [INFO] ThirdParty:1030 - CMSIS Pack Vendor :STMicroelectronics X-CUBE-FREERTOS 1.3.0
2025-03-08 19:45:36,222 [INFO] ThirdParty:1030 - CMSIS Pack Vendor :STMicroelectronics X-CUBE-NFC7 1.0.1
2025-03-08 19:45:36,222 [INFO] ThirdParty:1030 - CMSIS Pack Vendor :STMicroelectronics MBEDTLS 2.14.1
2025-03-08 19:45:36,223 [INFO] ThirdParty:1030 - CMSIS Pack Vendor :wolfSSL I-CUBE-wolfSSL 5.7.6
2025-03-08 19:45:36,224 [INFO] ThirdParty:1030 - CMSIS Pack Vendor :ITTIA_DB I-CUBE-ITTIADB 8.9.0
2025-03-08 19:45:36,224 [INFO] ThirdParty:1030 - CMSIS Pack Vendor :STMicroelectronics X-CUBE-TOUCHGFX 4.24.2
2025-03-08 19:45:36,225 [INFO] ThirdParty:1030 - CMSIS Pack Vendor :wolfSSL I-CUBE-wolfTPM 3.4.0
2025-03-08 19:45:36,225 [INFO] ThirdParty:1030 - CMSIS Pack Vendor :portGmbH I-Cube-SoM-uGOAL 1.1.0
2025-03-08 19:45:36,225 [INFO] ThirdParty:1030 - CMSIS Pack Vendor :STMicroelectronics X-CUBE-AI 10.0.0
2025-03-08 19:45:36,225 [INFO] ThirdParty:1030 - CMSIS Pack Vendor :STMicroelectronics ThreadX 1.0.0
2025-03-08 19:45:36,226 [INFO] ThirdParty:1030 - CMSIS Pack Vendor :STMicroelectronics FP-SNS-SMARTAG2 1.2.0
2025-03-08 19:45:36,226 [INFO] ThirdParty:1030 - CMSIS Pack Vendor :STMicroelectronics X-CUBE-MEMS1 11.1.0
2025-03-08 19:45:36,226 [INFO] ThirdParty:1030 - CMSIS Pack Vendor :STMicroelectronics X-CUBE-AZRTOS-WL 2.0.0
2025-03-08 19:45:36,226 [INFO] ThirdParty:1030 - CMSIS Pack Vendor :SEGGER I-CUBE-embOS 1.3.1
2025-03-08 19:45:36,226 [INFO] ThirdParty:1030 - CMSIS Pack Vendor :STMicroelectronics X-CUBE-ALGOBUILD 1.4.0
2025-03-08 19:45:36,226 [INFO] ThirdParty:1030 - CMSIS Pack Vendor :STMicroelectronics FP-SNS-MOTENV1 5.0.0
2025-03-08 19:45:36,226 [INFO] ThirdParty:1030 - CMSIS Pack Vendor :STMicroelectronics USB_DEVICE 1.0.0
2025-03-08 19:45:36,226 [INFO] ThirdParty:1030 - CMSIS Pack Vendor :STMicroelectronics X-CUBE-AZRTOS-H7RS 1.0.0
2025-03-08 19:45:36,226 [INFO] ThirdParty:1030 - CMSIS Pack Vendor :wolfSSL I-CUBE-wolfMQTT 1.19.0
2025-03-08 19:45:36,226 [INFO] ThirdParty:1030 - CMSIS Pack Vendor :STMicroelectronics X-CUBE-AZRTOS-L4 2.0.0
2025-03-08 19:45:36,226 [INFO] ThirdParty:1030 - CMSIS Pack Vendor :STMicroelectronics ThreadX 0.0.2
2025-03-08 19:45:36,226 [INFO] ThirdParty:1030 - CMSIS Pack Vendor :WES I-CUBE-Cesium 1.3.0
2025-03-08 19:45:36,227 [INFO] ThirdParty:1030 - CMSIS Pack Vendor :STMicroelectronics lwIP 2.1.2
2025-03-08 19:45:36,227 [INFO] ThirdParty:1030 - CMSIS Pack Vendor :STMicroelectronics X-CUBE-SFXS2LP1 4.0.0
2025-03-08 19:45:36,227 [INFO] ThirdParty:1030 - CMSIS Pack Vendor :STMicroelectronics X-CUBE-BLE2 3.3.0
2025-03-08 19:45:36,227 [INFO] ThirdParty:1030 - CMSIS Pack Vendor :STMicroelectronics X-CUBE-TOF1 3.4.2
2025-03-08 19:45:36,227 [INFO] ThirdParty:1030 - CMSIS Pack Vendor :STMicroelectronics PDM2PCM 3.2.0
2025-03-08 19:45:36,227 [INFO] ThirdParty:1030 - CMSIS Pack Vendor :wolfSSL I-CUBE-wolfSSH 1.4.17
2025-03-08 19:45:36,227 [INFO] ThirdParty:841 - exiting critical section [change project]
2025-03-08 19:45:36,414 [INFO] PinOutPanel:1589 - setPackage(No Configuration,No Configuration)
2025-03-08 19:45:36,414 [INFO] PinOutPanel:1589 - setPackage(STM32F103C8Tx,LQFP48)
2025-03-08 19:45:36,852 [INFO] UtilMem:75 - Before build in PCC Used Memory: 921513968 Bytes (1073741824)
2025-03-08 19:45:37,256 [INFO] UtilMem:75 - After build in PCC Used Memory: 964213640 Bytes (1073741824)
2025-03-08 19:45:37,289 [INFO] IPUIPlugin:80 - create IPUIPlugin
2025-03-08 19:45:37,289 [INFO] IPUIPlugin:80 - create IPUIPlugin
2025-03-08 19:45:37,289 [INFO] IPUIPlugin:80 - create IPUIPlugin
2025-03-08 19:45:37,289 [INFO] IPUIPlugin:80 - create IPUIPlugin
2025-03-08 19:45:37,289 [INFO] IPUIPlugin:80 - create IPUIPlugin
2025-03-08 19:45:37,290 [INFO] IPUIPlugin:80 - create IPUIPlugin
2025-03-08 19:45:37,290 [INFO] IPUIPlugin:80 - create IPUIPlugin
2025-03-08 19:45:37,290 [INFO] IPUIPlugin:80 - create IPUIPlugin
2025-03-08 19:45:37,291 [INFO] IPUIPlugin:80 - create IPUIPlugin
2025-03-08 19:45:37,291 [INFO] IPUIPlugin:80 - create IPUIPlugin
2025-03-08 19:45:37,291 [INFO] IPUIPlugin:80 - create IPUIPlugin
2025-03-08 19:45:37,291 [INFO] IPUIPlugin:80 - create IPUIPlugin
2025-03-08 19:45:37,292 [INFO] IPUIPlugin:80 - create IPUIPlugin
2025-03-08 19:45:37,292 [INFO] IPUIPlugin:80 - create IPUIPlugin
2025-03-08 19:45:37,292 [INFO] IPUIPlugin:80 - create IPUIPlugin
2025-03-08 19:45:37,294 [INFO] IPUIPlugin:80 - create IPUIPlugin
2025-03-08 19:45:37,294 [INFO] IPUIPlugin:80 - create IPUIPlugin
2025-03-08 19:45:37,294 [INFO] IPUIPlugin:80 - create IPUIPlugin
2025-03-08 19:45:37,295 [INFO] IPUIPlugin:80 - create IPUIPlugin
2025-03-08 19:45:37,296 [INFO] IPUIPlugin:80 - create IPUIPlugin
2025-03-08 19:45:37,296 [INFO] IPUIPlugin:80 - create IPUIPlugin
2025-03-08 19:45:37,297 [INFO] IPUIPlugin:80 - create IPUIPlugin
2025-03-08 19:45:37,298 [INFO] IPUIPlugin:80 - create IPUIPlugin
2025-03-08 19:45:37,299 [INFO] IPUIPlugin:80 - create IPUIPlugin
2025-03-08 19:45:37,300 [INFO] IPUIPlugin:80 - create IPUIPlugin
2025-03-08 19:45:37,300 [INFO] IPUIPlugin:80 - create IPUIPlugin
2025-03-08 19:45:37,301 [INFO] IPUIPlugin:80 - create IPUIPlugin
2025-03-08 19:45:37,421 [INFO] CADModel:165 - CPN selected for project levelSTM32F103C8T7TR
2025-03-08 19:45:37,421 [INFO] CADModel:114 - Register for checkConnection events
2025-03-08 19:45:37,474 [INFO] OpenFileManager:363 - Restore cursor
2025-03-08 19:45:38,100 [INFO] UtilMem:75 - End SaveConfig() Used Memory: 780995720 Bytes (1073741824)
2025-03-08 19:45:38,196 [INFO] UtilMem:75 - End SaveConfig() Used Memory: 796198024 Bytes (1073741824)
2025-03-08 19:45:38,732 [INFO] BlockDiagram:2766 - set Specific Code input for plugin: NVIC
2025-03-08 19:45:38,732 [INFO] BlockDiagram:2766 - set Specific Code input for plugin: RCC
2025-03-08 19:45:38,733 [INFO] CodeGenerator:896 - code generatio: config db path: D:\STM32CubeIDE_1.17.0\STM32CubeIDE\plugins\com.st.stm32cube.common.mx_6.13.0.202411220809\\db\
2025-03-08 19:45:38,940 [INFO] CodeEngine:255 - oldGeneratedFile, D:\stm32_cube\dht11_stm32\MXTmpFiles\license.tmp_save
2025-03-08 19:45:39,387 [INFO] CodeEngine:279 - Generated code: D:\stm32_cube\dht11_stm32\MXTmpFiles\license.tmp
2025-03-08 19:45:39,420 [INFO] CodeEngine:255 - oldGeneratedFile, D:\stm32_cube\dht11_stm32\Core\Src\stm32f1xx_it.c_save
2025-03-08 19:45:39,813 [INFO] CodeEngine:279 - Generated code: D:\stm32_cube\dht11_stm32\Core\Src\stm32f1xx_it.c
2025-03-08 19:45:39,829 [INFO] CodeEngine:255 - oldGeneratedFile, D:\stm32_cube\dht11_stm32\Core\Inc\stm32f1xx_it.h_save
2025-03-08 19:45:39,945 [INFO] CodeEngine:279 - Generated code: D:\stm32_cube\dht11_stm32\Core\Inc\stm32f1xx_it.h
2025-03-08 19:45:40,049 [INFO] CodeEngine:255 - oldGeneratedFile, D:\stm32_cube\dht11_stm32\Core\Src\stm32f1xx_hal_msp.c_save
2025-03-08 19:45:40,256 [INFO] CodeEngine:279 - Generated code: D:\stm32_cube\dht11_stm32\Core\Src\stm32f1xx_hal_msp.c
2025-03-08 19:45:40,272 [INFO] CodeEngine:255 - oldGeneratedFile, D:\stm32_cube\dht11_stm32\MXTmpFiles\system.tmp_save
2025-03-08 19:45:40,387 [INFO] CodeEngine:279 - Generated code: D:\stm32_cube\dht11_stm32\MXTmpFiles\system.tmp
2025-03-08 19:45:40,411 [INFO] CodeEngine:311 - oldGeneratedFile, D:\stm32_cube\dht11_stm32\Core\Inc\stm32f1xx_hal_conf.h_save
2025-03-08 19:45:40,598 [INFO] CodeEngine:335 - Generated code: D:\stm32_cube\dht11_stm32\Core\Inc\stm32f1xx_hal_conf.h
2025-03-08 19:45:40,648 [INFO] ApiDbMcu:508 - Load IP Config File for RCC
2025-03-08 19:45:40,676 [INFO] CodeEngine:255 - oldGeneratedFile, D:\stm32_cube\dht11_stm32\Core\Inc\main.h_save
2025-03-08 19:45:40,848 [INFO] CodeEngine:279 - Generated code: D:\stm32_cube\dht11_stm32\Core\Inc\main.h
2025-03-08 19:45:40,868 [INFO] CodeEngine:255 - oldGeneratedFile, D:\stm32_cube\dht11_stm32\Core\Src\main.c_save
2025-03-08 19:45:41,069 [INFO] CodeEngine:279 - Generated code: D:\stm32_cube\dht11_stm32\Core\Src\main.c
2025-03-08 19:45:41,492 [INFO] ProjectBuilder:3289 - Time for Copy HAL[1] : 200mS.
2025-03-08 19:45:41,497 [INFO] ProjectBuilder:4876 - Project Generator version: 4.5.0-RC5
2025-03-08 19:45:41,609 [INFO] ConfigFileManager:1579 - The Die is : DIE410
2025-03-08 19:45:41,625 [INFO] ApiDbMcu:508 - Load IP Config File for FATFS
2025-03-08 19:45:41,641 [INFO] ApiDbMcu:508 - Load IP Config File for FREERTOS
2025-03-08 19:45:41,660 [INFO] ApiDbMcu:508 - Load IP Config File for USB_DEVICE
2025-03-08 19:45:44,602 [INFO] ProjectBuilder:5154 - Time for Generating toolchain IDE Files: 3105mS.
2025-03-08 19:45:44,604 [INFO] ProjectBuilder:3146 - Time for Copy CMSIS : 2mS.
2025-03-08 19:45:44,605 [INFO] ProjectBuilder:3146 - Time for Copy CMSIS : 0mS.
2025-03-08 19:45:45,815 [INFO] McuFinderGlobals:76 - Set McuFinderConnectedMode to true
2025-03-08 19:45:45,818 [INFO] ApiDb:448 - Save user favorites file C:\Users\84369/.stm32cubeide/favorites.mcus.txt: 4 item(s)
2025-03-08 19:45:45,819 [INFO] ApiDb:452 - User favorites MCUs=[STM32F103C6T7ATR, STM32F103C8T6, STM32F103C8T6TR, STM32F103C8T7TR]
2025-03-08 19:46:04,285 [WARN] IP:2251 - I2C_Coeff_DF not found: check if there is a RefParameter without a condition.
2025-03-08 19:46:04,285 [WARN] IP:2251 - Analog_Filter not found: check if there is a RefParameter without a condition.
2025-03-08 19:46:04,292 [WARN] IP:2251 - I2C_Coeff_DF not found: check if there is a RefParameter without a condition.
2025-03-08 19:46:04,292 [WARN] IP:2251 - Analog_Filter not found: check if there is a RefParameter without a condition.
2025-03-08 19:46:04,292 [WARN] IP:2251 - I2C_Coeff_DF not found: check if there is a RefParameter without a condition.
2025-03-08 19:46:04,292 [WARN] IP:2251 - Analog_Filter not found: check if there is a RefParameter without a condition.
2025-03-08 19:46:04,338 [WARN] IP:2251 - I2C_Coeff_DF not found: check if there is a RefParameter without a condition.
2025-03-08 19:46:04,338 [WARN] IP:2251 - Analog_Filter not found: check if there is a RefParameter without a condition.
2025-03-08 19:46:04,341 [WARN] IP:2251 - I2C_Coeff_DF not found: check if there is a RefParameter without a condition.
2025-03-08 19:46:04,341 [WARN] IP:2251 - Analog_Filter not found: check if there is a RefParameter without a condition.
2025-03-08 19:46:55,777 [INFO] NvicIntPanel:101 - NVIC parent = com.st.microxplorer.plugins.ip.nvic.MultiNvicIntPanel[,0,0,0x0,invalid,layout=javax.swing.BoxLayout,alignmentX=0.0,alignmentY=0.0,border=,flags=9,maximumSize=,minimumSize=,preferredSize=]
2025-03-08 19:47:40,208 [WARN] IP:2251 - I2C_Coeff_DF not found: check if there is a RefParameter without a condition.
2025-03-08 19:47:40,210 [WARN] IP:2251 - Analog_Filter not found: check if there is a RefParameter without a condition.
2025-03-08 19:47:40,210 [WARN] IP:2251 - I2C_Coeff_DF not found: check if there is a RefParameter without a condition.
2025-03-08 19:47:40,210 [WARN] IP:2251 - Analog_Filter not found: check if there is a RefParameter without a condition.
2025-03-08 19:47:40,234 [WARN] IP:2251 - I2C_Coeff_DF not found: check if there is a RefParameter without a condition.
2025-03-08 19:47:40,234 [WARN] IP:2251 - Analog_Filter not found: check if there is a RefParameter without a condition.
2025-03-08 19:47:40,256 [WARN] IP:2251 - I2C_Coeff_DF not found: check if there is a RefParameter without a condition.
2025-03-08 19:47:40,256 [WARN] IP:2251 - Analog_Filter not found: check if there is a RefParameter without a condition.
2025-03-08 19:48:05,929 [WARN] IP:2251 - I2C_Coeff_DF not found: check if there is a RefParameter without a condition.
2025-03-08 19:48:05,934 [WARN] IP:2251 - Analog_Filter not found: check if there is a RefParameter without a condition.
2025-03-08 19:48:05,935 [WARN] IP:2251 - I2C_Coeff_DF not found: check if there is a RefParameter without a condition.
2025-03-08 19:48:05,935 [WARN] IP:2251 - Analog_Filter not found: check if there is a RefParameter without a condition.
2025-03-08 19:48:06,005 [WARN] IP:2251 - I2C_Coeff_DF not found: check if there is a RefParameter without a condition.
2025-03-08 19:48:06,006 [WARN] IP:2251 - Analog_Filter not found: check if there is a RefParameter without a condition.
2025-03-08 19:48:06,037 [WARN] IP:2251 - I2C_Coeff_DF not found: check if there is a RefParameter without a condition.
2025-03-08 19:48:06,038 [WARN] IP:2251 - Analog_Filter not found: check if there is a RefParameter without a condition.
2025-03-08 19:48:07,680 [WARN] IP:2251 - I2C_Coeff_DF not found: check if there is a RefParameter without a condition.
2025-03-08 19:48:07,680 [WARN] IP:2251 - Analog_Filter not found: check if there is a RefParameter without a condition.
2025-03-08 19:48:07,683 [WARN] IP:2251 - I2C_Coeff_DF not found: check if there is a RefParameter without a condition.
2025-03-08 19:48:07,684 [WARN] IP:2251 - Analog_Filter not found: check if there is a RefParameter without a condition.
2025-03-08 19:48:07,715 [WARN] IP:2251 - I2C_Coeff_DF not found: check if there is a RefParameter without a condition.
2025-03-08 19:48:07,716 [WARN] IP:2251 - Analog_Filter not found: check if there is a RefParameter without a condition.
2025-03-08 19:48:07,745 [WARN] IP:2251 - I2C_Coeff_DF not found: check if there is a RefParameter without a condition.
2025-03-08 19:48:07,746 [WARN] IP:2251 - Analog_Filter not found: check if there is a RefParameter without a condition.
2025-03-08 19:51:31,087 [WARN] IP:2251 - I2C_Coeff_DF not found: check if there is a RefParameter without a condition.
2025-03-08 19:51:31,088 [WARN] IP:2251 - Analog_Filter not found: check if there is a RefParameter without a condition.
2025-03-08 19:51:31,089 [WARN] IP:2251 - I2C_Coeff_DF not found: check if there is a RefParameter without a condition.
2025-03-08 19:51:31,089 [WARN] IP:2251 - Analog_Filter not found: check if there is a RefParameter without a condition.
2025-03-08 19:51:31,114 [WARN] IP:2251 - I2C_Coeff_DF not found: check if there is a RefParameter without a condition.
2025-03-08 19:51:31,116 [WARN] IP:2251 - Analog_Filter not found: check if there is a RefParameter without a condition.
2025-03-08 19:51:31,136 [WARN] IP:2251 - I2C_Coeff_DF not found: check if there is a RefParameter without a condition.
2025-03-08 19:51:31,136 [WARN] IP:2251 - Analog_Filter not found: check if there is a RefParameter without a condition.
2025-03-08 19:52:11,595 [INFO] Gpio:277 - dependency for GPIO [I2C1, RCC, SYS, TIM1]
2025-03-08 19:58:19,753 [INFO] UtilMem:75 - End SaveConfig() Used Memory: 832206000 Bytes (1073741824)
2025-03-08 19:58:20,023 [INFO] UtilMem:75 - End SaveConfig() Used Memory: 848027296 Bytes (1073741824)
2025-03-08 19:58:22,655 [INFO] UtilMem:75 - End SaveConfig() Used Memory: 917153920 Bytes (1073741824)
2025-03-08 19:58:23,701 [INFO] BlockDiagram:2766 - set Specific Code input for plugin: NVIC
2025-03-08 19:58:23,701 [INFO] BlockDiagram:2766 - set Specific Code input for plugin: TIM1_8F1
2025-03-08 19:58:23,703 [INFO] BlockDiagram:2766 - set Specific Code input for plugin: SYS
2025-03-08 19:58:23,703 [INFO] BlockDiagram:2766 - set Specific Code input for plugin: GPIO
2025-03-08 19:58:23,703 [INFO] BlockDiagram:2766 - set Specific Code input for plugin: RCC
2025-03-08 19:58:23,703 [INFO] BlockDiagram:2766 - set Specific Code input for plugin: I2C
2025-03-08 19:58:23,706 [INFO] CodeGenerator:896 - code generatio: config db path: D:\STM32CubeIDE_1.17.0\STM32CubeIDE\plugins\com.st.stm32cube.common.mx_6.13.0.202411220809\\db\
2025-03-08 19:58:23,712 [WARN] IP:2251 - I2C_Coeff_DF not found: check if there is a RefParameter without a condition.
2025-03-08 19:58:23,712 [WARN] IP:2251 - Analog_Filter not found: check if there is a RefParameter without a condition.
2025-03-08 19:58:24,020 [INFO] CodeEngine:255 - oldGeneratedFile, D:\stm32_cube\dht11_stm32\MXTmpFiles\license.tmp_save
2025-03-08 19:58:24,616 [INFO] CodeEngine:279 - Generated code: D:\stm32_cube\dht11_stm32\MXTmpFiles\license.tmp
2025-03-08 19:58:24,830 [INFO] CodeEngine:255 - oldGeneratedFile, D:\stm32_cube\dht11_stm32\MXTmpFiles\gpio.tmp_save
2025-03-08 19:58:25,162 [INFO] CodeEngine:279 - Generated code: D:\stm32_cube\dht11_stm32\MXTmpFiles\gpio.tmp
2025-03-08 19:58:25,468 [INFO] CodeEngine:255 - oldGeneratedFile, D:\stm32_cube\dht11_stm32\Core\Src\stm32f1xx_it.c_save
2025-03-08 19:58:25,895 [INFO] CodeEngine:279 - Generated code: D:\stm32_cube\dht11_stm32\Core\Src\stm32f1xx_it.c
2025-03-08 19:58:25,904 [INFO] CodeEngine:255 - oldGeneratedFile, D:\stm32_cube\dht11_stm32\Core\Inc\stm32f1xx_it.h_save
2025-03-08 19:58:26,038 [INFO] CodeEngine:279 - Generated code: D:\stm32_cube\dht11_stm32\Core\Inc\stm32f1xx_it.h
2025-03-08 19:58:26,081 [INFO] CodeEngine:255 - oldGeneratedFile, D:\stm32_cube\dht11_stm32\Core\Src\stm32f1xx_hal_msp.c_save
2025-03-08 19:58:26,486 [INFO] CodeEngine:279 - Generated code: D:\stm32_cube\dht11_stm32\Core\Src\stm32f1xx_hal_msp.c
2025-03-08 19:58:26,494 [INFO] CodeEngine:255 - oldGeneratedFile, D:\stm32_cube\dht11_stm32\MXTmpFiles\system.tmp_save
2025-03-08 19:58:26,649 [INFO] CodeEngine:279 - Generated code: D:\stm32_cube\dht11_stm32\MXTmpFiles\system.tmp
2025-03-08 19:58:26,682 [INFO] CodeEngine:311 - oldGeneratedFile, D:\stm32_cube\dht11_stm32\Core\Inc\stm32f1xx_hal_conf.h_save
2025-03-08 19:58:26,877 [INFO] CodeEngine:335 - Generated code: D:\stm32_cube\dht11_stm32\Core\Inc\stm32f1xx_hal_conf.h
2025-03-08 19:58:26,942 [INFO] ApiDbMcu:508 - Load IP Config File for I2C1
2025-03-08 19:58:26,964 [INFO] ApiDbMcu:508 - Load IP Config File for TIM1
2025-03-08 19:58:26,965 [WARN] IPConfigManager:3618 - IP not found : TIM
2025-03-08 19:58:26,966 [WARN] CodeGenerator:4152 - IP not found : null
2025-03-08 19:58:27,002 [INFO] CodeEngine:255 - oldGeneratedFile, D:\stm32_cube\dht11_stm32\Core\Inc\main.h_save
2025-03-08 19:58:27,234 [INFO] CodeEngine:279 - Generated code: D:\stm32_cube\dht11_stm32\Core\Inc\main.h
2025-03-08 19:58:27,263 [INFO] CodeEngine:255 - oldGeneratedFile, D:\stm32_cube\dht11_stm32\Core\Src\main.c_save
2025-03-08 19:58:27,535 [INFO] CodeEngine:279 - Generated code: D:\stm32_cube\dht11_stm32\Core\Src\main.c
2025-03-08 19:58:28,246 [INFO] ProjectBuilder:3289 - Time for Copy HAL[1] : 322mS.
2025-03-08 19:58:28,252 [INFO] ProjectBuilder:4876 - Project Generator version: 4.5.0-RC5
2025-03-08 19:58:28,375 [INFO] ConfigFileManager:1579 - The Die is : DIE410
2025-03-08 19:58:31,089 [INFO] ProjectBuilder:5154 - Time for Generating toolchain IDE Files: 2835mS.
2025-03-08 19:58:31,091 [INFO] ProjectBuilder:3146 - Time for Copy CMSIS : 1mS.
2025-03-08 19:58:31,100 [INFO] ProjectBuilder:3146 - Time for Copy CMSIS : 0mS.
