2025-03-10 17:49:47,327 [ERROR] ConfigurationRetriever:142 - IOException on connection: Connect timed out
2025-03-10 18:02:49,305 [ERROR] ConfigurationRetriever:142 - IOException on connection: Read timed out
2025-03-10 19:21:38,512 [INFO] WebApp:190 - Connection lost
2025-03-10 19:21:41,688 [INFO] WebApp:187 - Connection restablished
2025-03-10 19:35:25,138 [INFO] WebApp:190 - Connection lost
2025-03-10 19:35:25,842 [INFO] WebApp:187 - Connection restablished
2025-03-10 19:36:24,980 [INFO] WebApp:190 - Connection lost
2025-03-10 19:36:25,152 [INFO] WebApp:187 - Connection restablished
2025-03-10 20:29:08,322 [INFO] WebApp:190 - Connection lost
2025-03-10 20:29:08,891 [INFO] WebApp:187 - Connection restablished
2025-03-10 20:29:10,932 [INFO] WebApp:190 - Connection lost
2025-03-10 20:29:11,062 [INFO] WebApp:187 - Connection restablished
2025-03-10 20:35:00,428 [INFO] MainUpdater:2872 - connection check result : 10
2025-03-10 20:35:00,652 [INFO] McuFinderGlobals:76 - Set McuFinderConnectedMode to true
2025-03-10 20:35:00,656 [INFO] MultiScanPanel:200 - Auto-refresh data requested => check proxy status ongoing
2025-03-10 20:35:00,658 [INFO] FinderPluginLoader:95 - Searching for filters in installed packs
2025-03-10 20:35:04,569 [INFO] LoadUrlFilesThread:185 - End of LoadServerUrlFiles without Thread
2025-03-10 20:35:04,570 [INFO] DetailPanel:341 - Set advertising image to C:/Users/84369/STM32Cube/Repository/\en.prom-stm32u3-mcu-finder.jpg
2025-03-10 20:35:18,526 [INFO] MainUpdater:2872 - connection check result : 10
2025-03-10 20:35:18,526 [INFO] MainUpdater:2872 - connection check result : 10
2025-03-10 20:35:18,694 [INFO] MicroXplorer:468 - Change Database Path : 
2025-03-10 20:35:18,694 [INFO] MicroXplorer:498 - Change Database Version : DB.6.0.130
2025-03-10 20:35:18,748 [ERROR] ProjectManagerView:394 - 
java.lang.NullPointerException: Cannot invoke "javax.swing.JTextField.getText()" because the return value of "java.util.List.get(int)" is null
	at com.st.microxplorer.plugins.projectmanager.gui.ProjectChoiceTab$9.caretUpdate(ProjectChoiceTab.java:2616) ~[filemanager.jar:?]
	at javax.swing.text.JTextComponent.fireCaretUpdate(JTextComponent.java:408) ~[?:?]
	at javax.swing.text.JTextComponent$MutableCaretEvent.fire(JTextComponent.java:4484) ~[?:?]
	at javax.swing.text.JTextComponent$MutableCaretEvent.stateChanged(JTextComponent.java:4506) ~[?:?]
	at javax.swing.text.DefaultCaret.fireStateChanged(DefaultCaret.java:857) ~[?:?]
	at javax.swing.text.DefaultCaret.changeCaretPosition(DefaultCaret.java:1343) ~[?:?]
	at javax.swing.text.DefaultCaret.handleSetDot(DefaultCaret.java:1242) ~[?:?]
	at javax.swing.text.DefaultCaret.setDot(DefaultCaret.java:1223) ~[?:?]
	at javax.swing.text.DefaultCaret$Handler.insertUpdate(DefaultCaret.java:1819) ~[?:?]
	at javax.swing.text.AbstractDocument.fireInsertUpdate(AbstractDocument.java:227) ~[?:?]
	at javax.swing.text.AbstractDocument.handleInsertString(AbstractDocument.java:781) ~[?:?]
	at javax.swing.text.AbstractDocument.insertString(AbstractDocument.java:740) ~[?:?]
	at javax.swing.text.PlainDocument.insertString(PlainDocument.java:131) ~[?:?]
	at javax.swing.text.AbstractDocument.replace(AbstractDocument.java:699) ~[?:?]
	at javax.swing.text.JTextComponent.setText(JTextComponent.java:1725) ~[?:?]
	at com.st.microxplorer.plugins.projectmanager.gui.ProjectChoiceTab.createHeapStackFields(ProjectChoiceTab.java:975) ~[filemanager.jar:?]
	at com.st.microxplorer.plugins.projectmanager.gui.ProjectChoiceTab.buildLinkSettingsPanel(ProjectChoiceTab.java:3666) ~[filemanager.jar:?]
	at com.st.microxplorer.plugins.projectmanager.gui.ProjectChoiceTab.defineWindowsFields(ProjectChoiceTab.java:1934) ~[filemanager.jar:?]
	at com.st.microxplorer.plugins.projectmanager.gui.ProjectChoiceTab.updateSettings(ProjectChoiceTab.java:553) ~[filemanager.jar:?]
	at com.st.microxplorer.plugins.projectmanager.gui.ProjectSettingsPanel.UpdateDialog(ProjectSettingsPanel.java:245) ~[filemanager.jar:?]
	at com.st.microxplorer.plugins.projectmanager.ProjectManagerView.propertyChange(ProjectManagerView.java:391) ~[filemanager.jar:?]
	at java.beans.PropertyChangeSupport.fire(PropertyChangeSupport.java:343) ~[?:?]
	at java.beans.PropertyChangeSupport.firePropertyChange(PropertyChangeSupport.java:335) ~[?:?]
	at java.beans.PropertyChangeSupport.firePropertyChange(PropertyChangeSupport.java:268) ~[?:?]
	at com.st.microxplorer.util.MXPropertyChangeSupport.firePropertyChange(MXPropertyChangeSupport.java:54) ~[STM32CubeMX.jar:?]
	at com.st.microxplorer.mxsystem.MxSystem.closeConfig(MxSystem.java:899) ~[STM32CubeMX.jar:?]
	at com.st.microxplorer.maingui.MainPanel.closeConfig(MainPanel.java:789) ~[STM32CubeMX.jar:?]
	at com.st.microxplorer.plugins.filemanager.engine.OpenFileManager.loadConfigurationFile(OpenFileManager.java:265) ~[filemanager.jar:?]
	at com.st.microxplorer.plugins.filemanager.engine.MainFileManager.userLoadConfig(MainFileManager.java:340) ~[filemanager.jar:?]
	at com.st.microxplorer.plugins.filemanager.engine.MainFileManager.userLoadConfig(MainFileManager.java:318) ~[filemanager.jar:?]
	at com.st.microxplorer.plugins.filemanager.FileManagerView.getSpecificTask(FileManagerView.java:246) ~[filemanager.jar:?]
	at com.st.stm32cube.common.mx.editor.CubeMxEditor.getMxTabbedPaneInstance(CubeMxEditor.java:1198) ~[com.st.stm32cube.common.mx_6.13.0.202411220809/:?]
	at com.st.stm32cube.common.mx.editor.CubeMxEditor$12$1.createSwingComponent(CubeMxEditor.java:1068) ~[com.st.stm32cube.common.mx_6.13.0.202411220809/:?]
	at com.st.stm32cube.common.mx.oss.core.awtswtbridge.EmbeddedSwingComposite.doComponentCreation(EmbeddedSwingComposite.java:492) ~[com.st.stm32cube.common.mx.oss_6.13.0.202411220809/:?]
	at com.st.stm32cube.common.mx.oss.core.awtswtbridge.EmbeddedSwingComposite$4.run(EmbeddedSwingComposite.java:291) ~[com.st.stm32cube.common.mx.oss_6.13.0.202411220809/:?]
	at com.st.stm32cube.common.mx.oss.core.awtswtbridge.AwtEnvironment$2.run(AwtEnvironment.java:166) ~[com.st.stm32cube.common.mx.oss_6.13.0.202411220809/:?]
	at java.awt.event.InvocationEvent.dispatch(InvocationEvent.java:318) ~[?:?]
	at java.awt.EventQueue.dispatchEventImpl(EventQueue.java:773) ~[?:?]
	at java.awt.EventQueue$4.run(EventQueue.java:720) ~[?:?]
	at java.awt.EventQueue$4.run(EventQueue.java:714) ~[?:?]
	at java.security.AccessController.doPrivileged(AccessController.java:400) ~[?:?]
	at java.security.ProtectionDomain$JavaSecurityAccessImpl.doIntersectionPrivilege(ProtectionDomain.java:87) ~[?:?]
	at java.awt.EventQueue.dispatchEvent(EventQueue.java:742) ~[?:?]
	at java.awt.EventDispatchThread.pumpOneEventForFilters(EventDispatchThread.java:203) ~[?:?]
	at java.awt.EventDispatchThread.pumpEventsForFilter(EventDispatchThread.java:124) ~[?:?]
	at java.awt.EventDispatchThread.pumpEventsForHierarchy(EventDispatchThread.java:113) ~[?:?]
	at java.awt.EventDispatchThread.pumpEvents(EventDispatchThread.java:109) ~[?:?]
	at java.awt.EventDispatchThread.pumpEvents(EventDispatchThread.java:101) ~[?:?]
	at java.awt.EventDispatchThread.run(EventDispatchThread.java:90) ~[?:?]
2025-03-10 20:35:18,750 [WARN] ThirdParty:871 - waiting for thirdparty lock release [close project]
2025-03-10 20:35:18,752 [INFO] ThirdParty:873 - entering critical section [close project]
2025-03-10 20:35:18,752 [INFO] ThirdParty:883 - exiting critical section [close project]
2025-03-10 20:35:18,756 [INFO] PinOutPanel:1589 - setPackage(No Configuration,No Configuration)
2025-03-10 20:35:18,763 [INFO] UtilMem:75 - Begin LoadConfig() Used Memory: 877346912 Bytes (1073741824)
2025-03-10 20:35:18,764 [INFO] MicroXplorer:468 - Change Database Path : 
2025-03-10 20:35:18,764 [INFO] MicroXplorer:498 - Change Database Version : DB.6.0.130
2025-03-10 20:35:18,765 [INFO] OpenFileManager:332 - Change cursor
2025-03-10 20:35:18,860 [INFO] RulesReader:64 - Compatibility file has been processed (297 Rules)
2025-03-10 20:35:18,878 [INFO] Mcu:2035 - Initializing MCU STM32F103C8Tx STM32F103C8Tx STM32F103C8T7TR
2025-03-10 20:35:19,988 [INFO] Context:748 - Trying to add GPIOservice into a context  which must be forbidden
2025-03-10 20:35:20,412 [INFO] ImportTextPane:218 - (OptionalMessage_ERROR) Unable to find key (Mcu.ThirdPartyNb) in loaded IOC file
2025-03-10 20:35:20,413 [INFO] ImportTextPane:218 - (OptionalMessage_ERROR) Unable to find key (Mcu.PinsNb) in loaded IOC file
2025-03-10 20:35:20,413 [INFO] ImportTextPane:218 - (OptionalMessage_ERROR) Unable to find key (Mcu.IPNb) in loaded IOC file
2025-03-10 20:35:20,484 [INFO] RtosManager:555 - Registered RTOS mode: class=CMSIS, group=RTOS, mode=CMSIS_V1, owner=FREERTOS
2025-03-10 20:35:20,485 [INFO] RtosManager:555 - Registered RTOS mode: class=CMSIS, group=RTOS2, mode=CMSIS_V2, owner=FREERTOS
2025-03-10 20:35:20,485 [INFO] RtosManager:555 - Registered RTOS mode: class=RTOS, group=Core, mode=CMSIS_V1, owner=FREERTOS
2025-03-10 20:35:20,485 [INFO] RtosManager:555 - Registered RTOS mode: class=RTOS, group=Core, mode=CMSIS_V2, owner=FREERTOS
2025-03-10 20:35:20,485 [WARN] ModelIntegratedComponent:184 - Missing modes for component STMicroelectronics:FreeRTOS:0.0.1:STMicroelectronics:RTOS:FreeRTOS:Core:::10.2.0:
2025-03-10 20:35:20,511 [WARN] ModelIntegratedComponent:63 - No mode defined for component null
2025-03-10 20:35:20,511 [WARN] ModelIntegratedComponent:63 - No mode defined for component null
2025-03-10 20:35:20,511 [WARN] ModelIntegratedComponent:63 - No mode defined for component null
2025-03-10 20:35:20,511 [WARN] ModelIntegratedComponent:63 - No mode defined for component null
2025-03-10 20:35:20,511 [WARN] ModelIntegratedComponent:63 - No mode defined for component null
2025-03-10 20:35:20,512 [WARN] ModelIntegratedComponent:63 - No mode defined for component null
2025-03-10 20:35:20,512 [WARN] ModelIntegratedComponent:63 - No mode defined for component null
2025-03-10 20:35:20,512 [WARN] ModelIntegratedComponent:63 - No mode defined for component null
2025-03-10 20:35:20,512 [WARN] ModelIntegratedComponent:63 - No mode defined for component null
2025-03-10 20:35:20,512 [WARN] ModelIntegratedComponent:63 - No mode defined for component null
2025-03-10 20:35:20,512 [WARN] ModelIntegratedComponent:63 - No mode defined for component null
2025-03-10 20:35:20,512 [WARN] ModelIntegratedComponent:63 - No mode defined for component null
2025-03-10 20:35:20,512 [WARN] ModelIntegratedComponent:63 - No mode defined for component null
2025-03-10 20:35:20,512 [WARN] ModelIntegratedComponent:63 - No mode defined for component null
2025-03-10 20:35:20,512 [WARN] ModelIntegratedComponent:63 - No mode defined for component null
2025-03-10 20:35:20,512 [WARN] ModelIntegratedComponent:63 - No mode defined for component null
2025-03-10 20:35:20,512 [WARN] ModelIntegratedComponent:63 - No mode defined for component null
2025-03-10 20:35:20,513 [WARN] ModelIntegratedComponent:63 - No mode defined for component null
2025-03-10 20:35:20,513 [WARN] ModelIntegratedComponent:63 - No mode defined for component null
2025-03-10 20:35:20,513 [WARN] ModelIntegratedComponent:63 - No mode defined for component null
2025-03-10 20:35:20,513 [WARN] ModelIntegratedComponent:63 - No mode defined for component null
2025-03-10 20:35:20,513 [WARN] ModelIntegratedComponent:63 - No mode defined for component null
2025-03-10 20:35:20,513 [WARN] ModelIntegratedComponent:63 - No mode defined for component null
2025-03-10 20:35:20,513 [WARN] ModelIntegratedComponent:63 - No mode defined for component null
2025-03-10 20:35:20,513 [WARN] ModelIntegratedComponent:63 - No mode defined for component null
2025-03-10 20:35:20,513 [WARN] ModelIntegratedComponent:63 - No mode defined for component null
2025-03-10 20:35:20,514 [WARN] ModelIntegratedComponent:63 - No mode defined for component null
2025-03-10 20:35:20,514 [WARN] ModelIntegratedComponent:63 - No mode defined for component null
2025-03-10 20:35:20,514 [WARN] ModelIntegratedComponent:63 - No mode defined for component null
2025-03-10 20:35:20,514 [WARN] ModelIntegratedComponent:63 - No mode defined for component null
2025-03-10 20:35:20,514 [WARN] ModelIntegratedComponent:63 - No mode defined for component null
2025-03-10 20:35:20,514 [WARN] ModelIntegratedComponent:63 - No mode defined for component null
2025-03-10 20:35:20,514 [WARN] ModelIntegratedComponent:63 - No mode defined for component null
2025-03-10 20:35:20,514 [WARN] ModelIntegratedComponent:63 - No mode defined for component null
2025-03-10 20:35:20,514 [WARN] ModelIntegratedComponent:63 - No mode defined for component null
2025-03-10 20:35:20,515 [WARN] ModelPack:524 - Component already loaded: STMicroelectronics:HAL Drivers:0.0.0:STMicroelectronics:Device:STMicro_Driver:XSPI:HAL::0.0.1:HAL_XSPI
2025-03-10 20:35:21,106 [INFO] ThirdPartyModel:298 - Start build external matchings
2025-03-10 20:35:24,094 [INFO] ThirdPartyModel:316 - End build external matchings
2025-03-10 20:35:24,442 [INFO] UtilMem:75 - End LoadConfig() Used Memory: 903589312 Bytes (1073741824)
2025-03-10 20:35:24,467 [WARN] ThirdParty:833 - waiting for thirdparty lock release [change project]
2025-03-10 20:35:24,468 [INFO] ThirdParty:835 - entering critical section [change project]
2025-03-10 20:35:24,468 [INFO] ThirdParty:1030 - CMSIS Pack Vendor :STMicroelectronics USBPD 4.1
2025-03-10 20:35:24,468 [INFO] ThirdParty:1030 - CMSIS Pack Vendor :STMicroelectronics X-CUBE-AZRTOS-H7 3.3.0
2025-03-10 20:35:24,468 [INFO] ThirdParty:1030 - CMSIS Pack Vendor :STMicroelectronics X-CUBE-NFC9 1.0.0
2025-03-10 20:35:24,468 [INFO] ThirdParty:1030 - CMSIS Pack Vendor :STMicroelectronics USB_HOST 2.0.0
2025-03-10 20:35:24,468 [INFO] ThirdParty:1030 - CMSIS Pack Vendor :STMicroelectronics FP-SNS-MOTENVWB1 1.4.0
2025-03-10 20:35:24,468 [INFO] ThirdParty:1030 - CMSIS Pack Vendor :STMicroelectronics X-CUBE-AZRTOS-F4 1.1.0
2025-03-10 20:35:24,468 [INFO] ThirdParty:1030 - CMSIS Pack Vendor :STMicroelectronics LIBJPEG 8.0.0
2025-03-10 20:35:24,468 [INFO] ThirdParty:1030 - CMSIS Pack Vendor :STMicroelectronics FP-ATR-ASTRA1 2.0.2
2025-03-10 20:35:24,468 [INFO] ThirdParty:1030 - CMSIS Pack Vendor :STMicroelectronics FP-ATR-ASTRA1 2.0.1
2025-03-10 20:35:24,468 [INFO] ThirdParty:1030 - CMSIS Pack Vendor :STMicroelectronics X-CUBE-BLE1 7.1.0
2025-03-10 20:35:24,469 [INFO] ThirdParty:1030 - CMSIS Pack Vendor :STMicroelectronics X-CUBE-SMBUS 2.1.0
2025-03-10 20:35:24,469 [INFO] ThirdParty:1030 - CMSIS Pack Vendor :STMicroelectronics X-CUBE-WB05N 1.1.0
2025-03-10 20:35:24,472 [INFO] ThirdParty:1030 - CMSIS Pack Vendor :STMicroelectronics USB_DEVICE 3.0.0
2025-03-10 20:35:24,473 [INFO] ThirdParty:1030 - CMSIS Pack Vendor :STMicroelectronics X-CUBE-ISPU 2.1.0
2025-03-10 20:35:24,473 [INFO] ThirdParty:1030 - CMSIS Pack Vendor :STMicroelectronics X-CUBE-AZRTOS-WB 2.0.0
2025-03-10 20:35:24,473 [INFO] ThirdParty:1030 - CMSIS Pack Vendor :STMicroelectronics X-CUBE-GNSS1 7.0.1
2025-03-10 20:35:24,473 [INFO] ThirdParty:1030 - CMSIS Pack Vendor :STMicroelectronics X-CUBE-AZRTOS-F7 1.1.0
2025-03-10 20:35:24,473 [INFO] ThirdParty:1030 - CMSIS Pack Vendor :STMicroelectronics X-CUBE-AZRTOS-L5 2.0.0
2025-03-10 20:35:24,473 [INFO] ThirdParty:1030 - CMSIS Pack Vendor :STMicroelectronics X-CUBE-TOUCHGFX 4.25.0
2025-03-10 20:35:24,473 [INFO] ThirdParty:1030 - CMSIS Pack Vendor :STMicroelectronics USB_DEVICE 2.0.0
2025-03-10 20:35:24,473 [INFO] ThirdParty:1030 - CMSIS Pack Vendor :STMicroelectronics X-CUBE-NFC6 3.1.0
2025-03-10 20:35:24,474 [INFO] ThirdParty:1030 - CMSIS Pack Vendor :STMicroelectronics FP-SNS-STBOX1 2.0.0
2025-03-10 20:35:24,474 [INFO] ThirdParty:1030 - CMSIS Pack Vendor :STMicroelectronics FreeRTOS 0.0.1
2025-03-10 20:35:24,475 [INFO] ThirdParty:1030 - CMSIS Pack Vendor :STMicroelectronics X-CUBE-AZRTOS-G0 1.1.0
2025-03-10 20:35:24,475 [INFO] ThirdParty:1030 - CMSIS Pack Vendor :STMicroelectronics X-CUBE-SAFEA1 1.2.2
2025-03-10 20:35:24,475 [INFO] ThirdParty:1030 - CMSIS Pack Vendor :STMicroelectronics X-CUBE-NFC4 3.0.0
2025-03-10 20:35:24,475 [INFO] ThirdParty:1030 - CMSIS Pack Vendor :STMicroelectronics X-CUBE-DPower 1.2.0
2025-03-10 20:35:24,475 [INFO] ThirdParty:1030 - CMSIS Pack Vendor :STMicroelectronics X-CUBE-SUBG2 5.0.0
2025-03-10 20:35:24,475 [INFO] ThirdParty:1030 - CMSIS Pack Vendor :STMicroelectronics STM32_WPAN 1.0.0
2025-03-10 20:35:24,475 [INFO] ThirdParty:1030 - CMSIS Pack Vendor :EmbeddedOffice I-CUBE-FS-RTOS 1.0.1
2025-03-10 20:35:24,475 [INFO] ThirdParty:1030 - CMSIS Pack Vendor :STMicroelectronics lwIP 2.0.3
2025-03-10 20:35:24,475 [INFO] ThirdParty:1030 - CMSIS Pack Vendor :STMicroelectronics FP-SNS-FLIGHT1 5.0.2
2025-03-10 20:35:24,477 [INFO] ThirdParty:1030 - CMSIS Pack Vendor :Cesanta I-CUBE-Mongoose 7.13.0
2025-03-10 20:35:24,477 [INFO] ThirdParty:1030 - CMSIS Pack Vendor :STMicroelectronics USB_HOST 1.0.0
2025-03-10 20:35:24,477 [INFO] ThirdParty:1030 - CMSIS Pack Vendor :Infineon AIROC-Wi-Fi-Bluetooth-STM32 1.7.0
2025-03-10 20:35:24,477 [INFO] ThirdParty:1030 - CMSIS Pack Vendor :STMicroelectronics X-CUBE-AZRTOS-G4 2.0.0
2025-03-10 20:35:24,477 [INFO] ThirdParty:1030 - CMSIS Pack Vendor :STMicroelectronics PDM2PCM 3.1.0
2025-03-10 20:35:24,477 [INFO] ThirdParty:1030 - CMSIS Pack Vendor :STMicroelectronics PDM2PCM 3.3.0
2025-03-10 20:35:24,477 [INFO] ThirdParty:1030 - CMSIS Pack Vendor :STMicroelectronics X-CUBE-DISPLAY 3.0.0
2025-03-10 20:35:24,477 [INFO] ThirdParty:1030 - CMSIS Pack Vendor :STMicroelectronics X-CUBE-TCPP 4.2.0
2025-03-10 20:35:24,477 [INFO] ThirdParty:1030 - CMSIS Pack Vendor :RealThread X-CUBE-RT-Thread_Nano 4.1.1
2025-03-10 20:35:24,477 [INFO] ThirdParty:1030 - CMSIS Pack Vendor :STMicroelectronics X-CUBE-BLE1 7.0.0
2025-03-10 20:35:24,477 [INFO] ThirdParty:1030 - CMSIS Pack Vendor :STMicroelectronics FP-ATR-SIGFOX1 3.2.0
2025-03-10 20:35:24,478 [INFO] ThirdParty:1030 - CMSIS Pack Vendor :STMicroelectronics X-CUBE-NFC10 1.0.0
2025-03-10 20:35:24,478 [INFO] ThirdParty:1030 - CMSIS Pack Vendor :quantropi X-CUBE-qispace-sdk-base 1.9.3
2025-03-10 20:35:24,478 [INFO] ThirdParty:1030 - CMSIS Pack Vendor :STMicroelectronics X-CUBE-BLEMGR 4.0.0
2025-03-10 20:35:24,478 [INFO] ThirdParty:1030 - CMSIS Pack Vendor :STMicroelectronics X-CUBE-EEPRMA1 5.1.0
2025-03-10 20:35:24,478 [INFO] ThirdParty:1030 - CMSIS Pack Vendor :STMicroelectronics HAL Drivers 0.0.0
2025-03-10 20:35:24,478 [INFO] ThirdParty:1030 - CMSIS Pack Vendor :STMicroelectronics MBEDTLS 2.16.2
2025-03-10 20:35:24,478 [INFO] ThirdParty:1030 - CMSIS Pack Vendor :STMicroelectronics X-CUBE-IPS 3.1.0
2025-03-10 20:35:24,478 [INFO] ThirdParty:1030 - CMSIS Pack Vendor :STMicroelectronics X-CUBE-ALS 1.0.2
2025-03-10 20:35:24,478 [INFO] ThirdParty:1030 - CMSIS Pack Vendor :emotas I-CUBE-CANOPEN 1.3.0
2025-03-10 20:35:24,478 [INFO] ThirdParty:1030 - CMSIS Pack Vendor :STMicroelectronics X-CUBE-FREERTOS 1.3.0
2025-03-10 20:35:24,478 [INFO] ThirdParty:1030 - CMSIS Pack Vendor :STMicroelectronics X-CUBE-NFC7 1.0.1
2025-03-10 20:35:24,478 [INFO] ThirdParty:1030 - CMSIS Pack Vendor :STMicroelectronics MBEDTLS 2.14.1
2025-03-10 20:35:24,478 [INFO] ThirdParty:1030 - CMSIS Pack Vendor :wolfSSL I-CUBE-wolfSSL 5.7.6
2025-03-10 20:35:24,478 [INFO] ThirdParty:1030 - CMSIS Pack Vendor :ITTIA_DB I-CUBE-ITTIADB 8.9.0
2025-03-10 20:35:24,479 [INFO] ThirdParty:1030 - CMSIS Pack Vendor :STMicroelectronics X-CUBE-TOUCHGFX 4.24.2
2025-03-10 20:35:24,479 [INFO] ThirdParty:1030 - CMSIS Pack Vendor :wolfSSL I-CUBE-wolfTPM 3.4.0
2025-03-10 20:35:24,479 [INFO] ThirdParty:1030 - CMSIS Pack Vendor :portGmbH I-Cube-SoM-uGOAL 1.1.0
2025-03-10 20:35:24,479 [INFO] ThirdParty:1030 - CMSIS Pack Vendor :STMicroelectronics X-CUBE-AI 10.0.0
2025-03-10 20:35:24,479 [INFO] ThirdParty:1030 - CMSIS Pack Vendor :STMicroelectronics ThreadX 1.0.0
2025-03-10 20:35:24,479 [INFO] ThirdParty:1030 - CMSIS Pack Vendor :STMicroelectronics FP-SNS-SMARTAG2 1.2.0
2025-03-10 20:35:24,479 [INFO] ThirdParty:1030 - CMSIS Pack Vendor :STMicroelectronics X-CUBE-MEMS1 11.1.0
2025-03-10 20:35:24,479 [INFO] ThirdParty:1030 - CMSIS Pack Vendor :STMicroelectronics X-CUBE-AZRTOS-WL 2.0.0
2025-03-10 20:35:24,479 [INFO] ThirdParty:1030 - CMSIS Pack Vendor :SEGGER I-CUBE-embOS 1.3.1
2025-03-10 20:35:24,479 [INFO] ThirdParty:1030 - CMSIS Pack Vendor :STMicroelectronics X-CUBE-ALGOBUILD 1.4.0
2025-03-10 20:35:24,479 [INFO] ThirdParty:1030 - CMSIS Pack Vendor :STMicroelectronics FP-SNS-MOTENV1 5.0.0
2025-03-10 20:35:24,479 [INFO] ThirdParty:1030 - CMSIS Pack Vendor :STMicroelectronics USB_DEVICE 1.0.0
2025-03-10 20:35:24,479 [INFO] ThirdParty:1030 - CMSIS Pack Vendor :STMicroelectronics X-CUBE-AZRTOS-H7RS 1.0.0
2025-03-10 20:35:24,479 [INFO] ThirdParty:1030 - CMSIS Pack Vendor :wolfSSL I-CUBE-wolfMQTT 1.19.0
2025-03-10 20:35:24,480 [INFO] ThirdParty:1030 - CMSIS Pack Vendor :STMicroelectronics X-CUBE-AZRTOS-L4 2.0.0
2025-03-10 20:35:24,480 [INFO] ThirdParty:1030 - CMSIS Pack Vendor :STMicroelectronics ThreadX 0.0.2
2025-03-10 20:35:24,480 [INFO] ThirdParty:1030 - CMSIS Pack Vendor :WES I-CUBE-Cesium 1.3.0
2025-03-10 20:35:24,480 [INFO] ThirdParty:1030 - CMSIS Pack Vendor :STMicroelectronics lwIP 2.1.2
2025-03-10 20:35:24,480 [INFO] ThirdParty:1030 - CMSIS Pack Vendor :STMicroelectronics X-CUBE-SFXS2LP1 4.0.0
2025-03-10 20:35:24,480 [INFO] ThirdParty:1030 - CMSIS Pack Vendor :STMicroelectronics X-CUBE-BLE2 3.3.0
2025-03-10 20:35:24,480 [INFO] ThirdParty:1030 - CMSIS Pack Vendor :STMicroelectronics X-CUBE-TOF1 3.4.2
2025-03-10 20:35:24,480 [INFO] ThirdParty:1030 - CMSIS Pack Vendor :STMicroelectronics PDM2PCM 3.2.0
2025-03-10 20:35:24,480 [INFO] ThirdParty:1030 - CMSIS Pack Vendor :wolfSSL I-CUBE-wolfSSH 1.4.17
2025-03-10 20:35:24,480 [INFO] ThirdParty:841 - exiting critical section [change project]
2025-03-10 20:35:25,004 [INFO] PinOutPanel:1589 - setPackage(No Configuration,No Configuration)
2025-03-10 20:35:25,006 [INFO] PinOutPanel:1589 - setPackage(STM32F103C8Tx,LQFP48)
2025-03-10 20:35:25,649 [INFO] UtilMem:75 - Before build in PCC Used Memory: 989040192 Bytes (1073741824)
2025-03-10 20:35:26,075 [INFO] UtilMem:75 - After build in PCC Used Memory: 819704352 Bytes (1073741824)
2025-03-10 20:35:26,100 [INFO] IPUIPlugin:80 - create IPUIPlugin
2025-03-10 20:35:26,100 [INFO] IPUIPlugin:80 - create IPUIPlugin
2025-03-10 20:35:26,100 [INFO] IPUIPlugin:80 - create IPUIPlugin
2025-03-10 20:35:26,100 [INFO] IPUIPlugin:80 - create IPUIPlugin
2025-03-10 20:35:26,100 [INFO] IPUIPlugin:80 - create IPUIPlugin
2025-03-10 20:35:26,100 [INFO] IPUIPlugin:80 - create IPUIPlugin
2025-03-10 20:35:26,102 [INFO] IPUIPlugin:80 - create IPUIPlugin
2025-03-10 20:35:26,102 [INFO] IPUIPlugin:80 - create IPUIPlugin
2025-03-10 20:35:26,104 [INFO] IPUIPlugin:80 - create IPUIPlugin
2025-03-10 20:35:26,104 [INFO] IPUIPlugin:80 - create IPUIPlugin
2025-03-10 20:35:26,104 [INFO] IPUIPlugin:80 - create IPUIPlugin
2025-03-10 20:35:26,105 [INFO] IPUIPlugin:80 - create IPUIPlugin
2025-03-10 20:35:26,105 [INFO] IPUIPlugin:80 - create IPUIPlugin
2025-03-10 20:35:26,105 [INFO] IPUIPlugin:80 - create IPUIPlugin
2025-03-10 20:35:26,106 [INFO] IPUIPlugin:80 - create IPUIPlugin
2025-03-10 20:35:26,106 [INFO] IPUIPlugin:80 - create IPUIPlugin
2025-03-10 20:35:26,106 [INFO] IPUIPlugin:80 - create IPUIPlugin
2025-03-10 20:35:26,106 [INFO] IPUIPlugin:80 - create IPUIPlugin
2025-03-10 20:35:26,106 [INFO] IPUIPlugin:80 - create IPUIPlugin
2025-03-10 20:35:26,106 [INFO] IPUIPlugin:80 - create IPUIPlugin
2025-03-10 20:35:26,107 [INFO] IPUIPlugin:80 - create IPUIPlugin
2025-03-10 20:35:26,107 [INFO] IPUIPlugin:80 - create IPUIPlugin
2025-03-10 20:35:26,107 [INFO] IPUIPlugin:80 - create IPUIPlugin
2025-03-10 20:35:26,108 [INFO] IPUIPlugin:80 - create IPUIPlugin
2025-03-10 20:35:26,108 [INFO] IPUIPlugin:80 - create IPUIPlugin
2025-03-10 20:35:26,108 [INFO] IPUIPlugin:80 - create IPUIPlugin
2025-03-10 20:35:26,108 [INFO] IPUIPlugin:80 - create IPUIPlugin
2025-03-10 20:35:26,171 [INFO] CADModel:165 - CPN selected for project levelSTM32F103C8T7TR
2025-03-10 20:35:26,171 [INFO] CADModel:114 - Register for checkConnection events
2025-03-10 20:35:26,209 [INFO] OpenFileManager:363 - Restore cursor
2025-03-10 20:35:26,830 [INFO] UtilMem:75 - End SaveConfig() Used Memory: 880692552 Bytes (1073741824)
2025-03-10 20:35:26,932 [INFO] UtilMem:75 - End SaveConfig() Used Memory: 897506128 Bytes (1073741824)
2025-03-10 20:35:27,529 [INFO] BlockDiagram:2766 - set Specific Code input for plugin: NVIC
2025-03-10 20:35:27,529 [INFO] BlockDiagram:2766 - set Specific Code input for plugin: RCC
2025-03-10 20:35:27,531 [INFO] CodeGenerator:896 - code generatio: config db path: D:\STM32CubeIDE_1.17.0\STM32CubeIDE\plugins\com.st.stm32cube.common.mx_6.13.0.202411220809\\db\
2025-03-10 20:35:27,737 [INFO] CodeEngine:255 - oldGeneratedFile, D:\stm32_cube\HUAN_stm32\MXTmpFiles\license.tmp_save
2025-03-10 20:35:28,401 [INFO] CodeEngine:279 - Generated code: D:\stm32_cube\HUAN_stm32\MXTmpFiles\license.tmp
2025-03-10 20:35:28,425 [INFO] CodeEngine:255 - oldGeneratedFile, D:\stm32_cube\HUAN_stm32\Core\Src\stm32f1xx_it.c_save
2025-03-10 20:35:28,998 [INFO] CodeEngine:279 - Generated code: D:\stm32_cube\HUAN_stm32\Core\Src\stm32f1xx_it.c
2025-03-10 20:35:29,014 [INFO] CodeEngine:255 - oldGeneratedFile, D:\stm32_cube\HUAN_stm32\Core\Inc\stm32f1xx_it.h_save
2025-03-10 20:35:29,212 [INFO] CodeEngine:279 - Generated code: D:\stm32_cube\HUAN_stm32\Core\Inc\stm32f1xx_it.h
2025-03-10 20:35:29,250 [INFO] CodeEngine:255 - oldGeneratedFile, D:\stm32_cube\HUAN_stm32\Core\Src\stm32f1xx_hal_msp.c_save
2025-03-10 20:35:29,493 [INFO] CodeEngine:279 - Generated code: D:\stm32_cube\HUAN_stm32\Core\Src\stm32f1xx_hal_msp.c
2025-03-10 20:35:29,497 [INFO] CodeEngine:255 - oldGeneratedFile, D:\stm32_cube\HUAN_stm32\MXTmpFiles\system.tmp_save
2025-03-10 20:35:29,625 [INFO] CodeEngine:279 - Generated code: D:\stm32_cube\HUAN_stm32\MXTmpFiles\system.tmp
2025-03-10 20:35:29,637 [INFO] CodeEngine:311 - oldGeneratedFile, D:\stm32_cube\HUAN_stm32\Core\Inc\stm32f1xx_hal_conf.h_save
2025-03-10 20:35:29,891 [INFO] CodeEngine:335 - Generated code: D:\stm32_cube\HUAN_stm32\Core\Inc\stm32f1xx_hal_conf.h
2025-03-10 20:35:29,952 [INFO] ApiDbMcu:508 - Load IP Config File for RCC
2025-03-10 20:35:29,962 [INFO] CodeEngine:255 - oldGeneratedFile, D:\stm32_cube\HUAN_stm32\Core\Inc\main.h_save
2025-03-10 20:35:30,265 [INFO] CodeEngine:279 - Generated code: D:\stm32_cube\HUAN_stm32\Core\Inc\main.h
2025-03-10 20:35:30,273 [INFO] CodeEngine:255 - oldGeneratedFile, D:\stm32_cube\HUAN_stm32\Core\Src\main.c_save
2025-03-10 20:35:30,566 [INFO] CodeEngine:279 - Generated code: D:\stm32_cube\HUAN_stm32\Core\Src\main.c
2025-03-10 20:35:31,242 [INFO] ProjectBuilder:3289 - Time for Copy HAL[1] : 214mS.
2025-03-10 20:35:31,249 [INFO] ProjectBuilder:4876 - Project Generator version: 4.5.0-RC5
2025-03-10 20:35:31,403 [INFO] ConfigFileManager:1579 - The Die is : DIE410
2025-03-10 20:35:31,409 [INFO] ApiDbMcu:508 - Load IP Config File for FATFS
2025-03-10 20:35:31,416 [INFO] ApiDbMcu:508 - Load IP Config File for FREERTOS
2025-03-10 20:35:31,426 [INFO] ApiDbMcu:508 - Load IP Config File for USB_DEVICE
2025-03-10 20:35:31,872 [INFO] ToolchainGenerator:529 - [Project Generator] Problem in the project generation: null
2025-03-10 20:35:31,872 [ERROR] ToolchainGenerator:530 - 
java.lang.reflect.InvocationTargetException: null
	at jdk.internal.reflect.DirectMethodHandleAccessor.invoke(DirectMethodHandleAccessor.java:115) ~[?:?]
	at java.lang.reflect.Method.invoke(Method.java:580) ~[?:?]
	at com.st.microxplorer.plugins.projectmanager.model.ToolchainGenerator.CallMethod(ToolchainGenerator.java:383) ~[filemanager.jar:?]
	at com.st.microxplorer.plugins.projectmanager.model.ToolchainGenerator.generate(ToolchainGenerator.java:505) ~[filemanager.jar:?]
	at com.st.microxplorer.plugins.projectmanager.engine.ProjectBuilder.createToolChainFolders(ProjectBuilder.java:5074) ~[filemanager.jar:?]
	at com.st.microxplorer.plugins.projectmanager.engine.ProjectBuilder.createProject(ProjectBuilder.java:975) ~[filemanager.jar:?]
	at com.st.microxplorer.plugins.projectmanager.engine.ProjectBuilder.createProject(ProjectBuilder.java:598) ~[filemanager.jar:?]
	at com.st.microxplorer.plugins.projectmanager.engine.MainProjectManager.startGenerateCode(MainProjectManager.java:1458) ~[filemanager.jar:?]
	at com.st.stm32cube.common.mx.editor.CubeMxEditor.doGenerate(CubeMxEditor.java:2582) ~[com.st.stm32cube.common.mx_6.13.0.202411220809/:?]
	at com.st.stm32cube.common.mx.editor.CubeMxEditor$22.run(CubeMxEditor.java:2282) ~[com.st.stm32cube.common.mx_6.13.0.202411220809/:?]
	at com.st.stm32cube.common.mx.oss.core.awtswtbridge.AwtEnvironment$2.run(AwtEnvironment.java:166) ~[com.st.stm32cube.common.mx.oss_6.13.0.202411220809/:?]
	at java.awt.event.InvocationEvent.dispatch(InvocationEvent.java:318) ~[?:?]
	at java.awt.EventQueue.dispatchEventImpl(EventQueue.java:773) ~[?:?]
	at java.awt.EventQueue$4.run(EventQueue.java:720) ~[?:?]
	at java.awt.EventQueue$4.run(EventQueue.java:714) ~[?:?]
	at java.security.AccessController.doPrivileged(AccessController.java:400) ~[?:?]
	at java.security.ProtectionDomain$JavaSecurityAccessImpl.doIntersectionPrivilege(ProtectionDomain.java:87) ~[?:?]
	at java.awt.EventQueue.dispatchEvent(EventQueue.java:742) ~[?:?]
	at java.awt.EventDispatchThread.pumpOneEventForFilters(EventDispatchThread.java:203) ~[?:?]
	at java.awt.EventDispatchThread.pumpEventsForFilter(EventDispatchThread.java:124) ~[?:?]
	at java.awt.EventDispatchThread.pumpEventsForHierarchy(EventDispatchThread.java:113) ~[?:?]
	at java.awt.EventDispatchThread.pumpEvents(EventDispatchThread.java:109) ~[?:?]
	at java.awt.EventDispatchThread.pumpEvents(EventDispatchThread.java:101) ~[?:?]
	at java.awt.EventDispatchThread.run(EventDispatchThread.java:90) ~[?:?]
Caused by: java.lang.NullPointerException: Cannot invoke "com.st.stm32cube.ide.common.services.core.IdeServiceReturnData.getReturnCode()" because "returnData" is null
	at com.st.stm32cube.ide.common.services.mx.generate.MxGenerateProjectRcpService.run(MxGenerateProjectRcpService.java:119) ~[?:?]
	at com.st.stm32cube.ide.mcu.ide.process.MxIdePlugInProjectGeneratorAbstract.doExecute(MxIdePlugInProjectGeneratorAbstract.java:364) ~[?:?]
	at com.st.stm32cube.ide.mcu.ide.process.MxIdePlugInProjectGeneratorAbstract.doGenerate(MxIdePlugInProjectGeneratorAbstract.java:248) ~[?:?]
	at com.st.stm32cube.ide.mcu.ide.process.MxIdePlugInProjectGeneratorAbstract.generate(MxIdePlugInProjectGeneratorAbstract.java:90) ~[?:?]
	at jdk.internal.reflect.DirectMethodHandleAccessor.invoke(DirectMethodHandleAccessor.java:103) ~[?:?]
	... 23 more
2025-03-10 20:35:38,277 [INFO] ProjectBuilder:5154 - Time for Generating toolchain IDE Files: 7028mS.
2025-03-10 20:35:38,279 [ERROR] ProjectBuilder:5160 - Error in Project Generation
2025-03-10 20:35:38,280 [ERROR] ProjectBuilder:1000 - Error in Project Generation
2025-03-10 20:35:38,313 [INFO] ProjectBuilder:1384 - javax.swing.JPanel[,0,0,0x0,invalid,layout=java.awt.FlowLayout,alignmentX=0.0,alignmentY=0.0,border=,flags=9,maximumSize=,minimumSize=,preferredSize=]
2025-03-10 20:35:41,590 [INFO] McuFinderGlobals:76 - Set McuFinderConnectedMode to true
2025-03-10 20:35:41,593 [INFO] ApiDb:448 - Save user favorites file C:\Users\84369/.stm32cubeide/favorites.mcus.txt: 4 item(s)
2025-03-10 20:35:41,593 [INFO] ApiDb:452 - User favorites MCUs=[STM32F103C6T7ATR, STM32F103C8T6, STM32F103C8T6TR, STM32F103C8T7TR]
2025-03-10 20:35:53,923 [INFO] MainUpdater:2872 - connection check result : 10
2025-03-10 20:35:54,059 [INFO] McuFinderGlobals:76 - Set McuFinderConnectedMode to true
2025-03-10 20:35:54,059 [INFO] MultiScanPanel:200 - Auto-refresh data requested => check proxy status ongoing
2025-03-10 20:35:54,059 [INFO] FinderPluginLoader:95 - Searching for filters in installed packs
2025-03-10 20:35:54,928 [INFO] LoadUrlFilesThread:185 - End of LoadServerUrlFiles without Thread
2025-03-10 20:35:54,928 [INFO] DetailPanel:341 - Set advertising image to C:/Users/84369/STM32Cube/Repository/\en.prom-stm32u3-mcu-finder.jpg
2025-03-10 20:36:14,384 [INFO] MainUpdater:2872 - connection check result : 10
2025-03-10 20:36:14,384 [INFO] MainUpdater:2872 - connection check result : 10
2025-03-10 20:36:14,705 [INFO] MicroXplorer:468 - Change Database Path : 
2025-03-10 20:36:14,705 [INFO] MicroXplorer:498 - Change Database Version : DB.6.0.130
2025-03-10 20:36:14,714 [ERROR] ProjectManagerView:394 - 
java.lang.NullPointerException: Cannot invoke "javax.swing.JTextField.getText()" because the return value of "java.util.List.get(int)" is null
	at com.st.microxplorer.plugins.projectmanager.gui.ProjectChoiceTab$9.caretUpdate(ProjectChoiceTab.java:2616) ~[filemanager.jar:?]
	at javax.swing.text.JTextComponent.fireCaretUpdate(JTextComponent.java:408) ~[?:?]
	at javax.swing.text.JTextComponent$MutableCaretEvent.fire(JTextComponent.java:4484) ~[?:?]
	at javax.swing.text.JTextComponent$MutableCaretEvent.stateChanged(JTextComponent.java:4506) ~[?:?]
	at javax.swing.text.DefaultCaret.fireStateChanged(DefaultCaret.java:857) ~[?:?]
	at javax.swing.text.DefaultCaret.changeCaretPosition(DefaultCaret.java:1343) ~[?:?]
	at javax.swing.text.DefaultCaret.handleSetDot(DefaultCaret.java:1242) ~[?:?]
	at javax.swing.text.DefaultCaret.setDot(DefaultCaret.java:1223) ~[?:?]
	at javax.swing.text.DefaultCaret$Handler.insertUpdate(DefaultCaret.java:1819) ~[?:?]
	at javax.swing.text.AbstractDocument.fireInsertUpdate(AbstractDocument.java:227) ~[?:?]
	at javax.swing.text.AbstractDocument.handleInsertString(AbstractDocument.java:781) ~[?:?]
	at javax.swing.text.AbstractDocument.insertString(AbstractDocument.java:740) ~[?:?]
	at javax.swing.text.PlainDocument.insertString(PlainDocument.java:131) ~[?:?]
	at javax.swing.text.AbstractDocument.replace(AbstractDocument.java:699) ~[?:?]
	at javax.swing.text.JTextComponent.setText(JTextComponent.java:1725) ~[?:?]
	at com.st.microxplorer.plugins.projectmanager.gui.ProjectChoiceTab.createHeapStackFields(ProjectChoiceTab.java:975) ~[filemanager.jar:?]
	at com.st.microxplorer.plugins.projectmanager.gui.ProjectChoiceTab.buildLinkSettingsPanel(ProjectChoiceTab.java:3666) ~[filemanager.jar:?]
	at com.st.microxplorer.plugins.projectmanager.gui.ProjectChoiceTab.defineWindowsFields(ProjectChoiceTab.java:1934) ~[filemanager.jar:?]
	at com.st.microxplorer.plugins.projectmanager.gui.ProjectChoiceTab.updateSettings(ProjectChoiceTab.java:553) ~[filemanager.jar:?]
	at com.st.microxplorer.plugins.projectmanager.gui.ProjectSettingsPanel.UpdateDialog(ProjectSettingsPanel.java:245) ~[filemanager.jar:?]
	at com.st.microxplorer.plugins.projectmanager.ProjectManagerView.propertyChange(ProjectManagerView.java:391) ~[filemanager.jar:?]
	at java.beans.PropertyChangeSupport.fire(PropertyChangeSupport.java:343) ~[?:?]
	at java.beans.PropertyChangeSupport.firePropertyChange(PropertyChangeSupport.java:335) ~[?:?]
	at java.beans.PropertyChangeSupport.firePropertyChange(PropertyChangeSupport.java:268) ~[?:?]
	at com.st.microxplorer.util.MXPropertyChangeSupport.firePropertyChange(MXPropertyChangeSupport.java:54) ~[STM32CubeMX.jar:?]
	at com.st.microxplorer.mxsystem.MxSystem.closeConfig(MxSystem.java:899) ~[STM32CubeMX.jar:?]
	at com.st.microxplorer.maingui.MainPanel.closeConfig(MainPanel.java:789) ~[STM32CubeMX.jar:?]
	at com.st.microxplorer.plugins.filemanager.engine.OpenFileManager.loadConfigurationFile(OpenFileManager.java:265) ~[filemanager.jar:?]
	at com.st.microxplorer.plugins.filemanager.engine.MainFileManager.userLoadConfig(MainFileManager.java:340) ~[filemanager.jar:?]
	at com.st.microxplorer.plugins.filemanager.engine.MainFileManager.userLoadConfig(MainFileManager.java:318) ~[filemanager.jar:?]
	at com.st.microxplorer.plugins.filemanager.FileManagerView.getSpecificTask(FileManagerView.java:246) ~[filemanager.jar:?]
	at com.st.stm32cube.common.mx.editor.CubeMxEditor.getMxTabbedPaneInstance(CubeMxEditor.java:1198) ~[com.st.stm32cube.common.mx_6.13.0.202411220809/:?]
	at com.st.stm32cube.common.mx.editor.CubeMxEditor$12$1.createSwingComponent(CubeMxEditor.java:1068) ~[com.st.stm32cube.common.mx_6.13.0.202411220809/:?]
	at com.st.stm32cube.common.mx.oss.core.awtswtbridge.EmbeddedSwingComposite.doComponentCreation(EmbeddedSwingComposite.java:492) ~[com.st.stm32cube.common.mx.oss_6.13.0.202411220809/:?]
	at com.st.stm32cube.common.mx.oss.core.awtswtbridge.EmbeddedSwingComposite$4.run(EmbeddedSwingComposite.java:291) ~[com.st.stm32cube.common.mx.oss_6.13.0.202411220809/:?]
	at com.st.stm32cube.common.mx.oss.core.awtswtbridge.AwtEnvironment$2.run(AwtEnvironment.java:166) ~[com.st.stm32cube.common.mx.oss_6.13.0.202411220809/:?]
	at java.awt.event.InvocationEvent.dispatch(InvocationEvent.java:318) ~[?:?]
	at java.awt.EventQueue.dispatchEventImpl(EventQueue.java:773) ~[?:?]
	at java.awt.EventQueue$4.run(EventQueue.java:720) ~[?:?]
	at java.awt.EventQueue$4.run(EventQueue.java:714) ~[?:?]
	at java.security.AccessController.doPrivileged(AccessController.java:400) ~[?:?]
	at java.security.ProtectionDomain$JavaSecurityAccessImpl.doIntersectionPrivilege(ProtectionDomain.java:87) ~[?:?]
	at java.awt.EventQueue.dispatchEvent(EventQueue.java:742) ~[?:?]
	at java.awt.EventDispatchThread.pumpOneEventForFilters(EventDispatchThread.java:203) ~[?:?]
	at java.awt.EventDispatchThread.pumpEventsForFilter(EventDispatchThread.java:124) ~[?:?]
	at java.awt.EventDispatchThread.pumpEventsForHierarchy(EventDispatchThread.java:113) ~[?:?]
	at java.awt.EventDispatchThread.pumpEvents(EventDispatchThread.java:109) ~[?:?]
	at java.awt.EventDispatchThread.pumpEvents(EventDispatchThread.java:101) ~[?:?]
	at java.awt.EventDispatchThread.run(EventDispatchThread.java:90) ~[?:?]
2025-03-10 20:36:14,715 [WARN] ThirdParty:871 - waiting for thirdparty lock release [close project]
2025-03-10 20:36:14,715 [INFO] ThirdParty:873 - entering critical section [close project]
2025-03-10 20:36:14,715 [INFO] ThirdParty:883 - exiting critical section [close project]
2025-03-10 20:36:14,715 [INFO] PinOutPanel:1589 - setPackage(No Configuration,No Configuration)
2025-03-10 20:36:14,717 [INFO] UtilMem:75 - Begin LoadConfig() Used Memory: 1003226632 Bytes (1073741824)
2025-03-10 20:36:14,718 [INFO] MicroXplorer:468 - Change Database Path : 
2025-03-10 20:36:14,718 [INFO] MicroXplorer:498 - Change Database Version : DB.6.0.130
2025-03-10 20:36:14,718 [INFO] OpenFileManager:332 - Change cursor
2025-03-10 20:36:14,730 [INFO] RulesReader:64 - Compatibility file has been processed (297 Rules)
2025-03-10 20:36:14,732 [INFO] Mcu:2035 - Initializing MCU STM32F103C8Tx STM32F103C8Tx STM32F103C8T6TR
2025-03-10 20:36:15,198 [INFO] Context:748 - Trying to add GPIOservice into a context  which must be forbidden
2025-03-10 20:36:15,388 [INFO] ImportTextPane:218 - (OptionalMessage_ERROR) Unable to find key (Mcu.ThirdPartyNb) in loaded IOC file
2025-03-10 20:36:15,388 [INFO] ImportTextPane:218 - (OptionalMessage_ERROR) Unable to find key (Mcu.PinsNb) in loaded IOC file
2025-03-10 20:36:15,388 [INFO] ImportTextPane:218 - (OptionalMessage_ERROR) Unable to find key (Mcu.IPNb) in loaded IOC file
2025-03-10 20:36:15,400 [INFO] RtosManager:555 - Registered RTOS mode: class=CMSIS, group=RTOS, mode=CMSIS_V1, owner=FREERTOS
2025-03-10 20:36:15,400 [INFO] RtosManager:555 - Registered RTOS mode: class=CMSIS, group=RTOS2, mode=CMSIS_V2, owner=FREERTOS
2025-03-10 20:36:15,400 [INFO] RtosManager:555 - Registered RTOS mode: class=RTOS, group=Core, mode=CMSIS_V1, owner=FREERTOS
2025-03-10 20:36:15,400 [INFO] RtosManager:555 - Registered RTOS mode: class=RTOS, group=Core, mode=CMSIS_V2, owner=FREERTOS
2025-03-10 20:36:15,400 [WARN] ModelIntegratedComponent:184 - Missing modes for component STMicroelectronics:FreeRTOS:0.0.1:STMicroelectronics:RTOS:FreeRTOS:Core:::10.2.0:
2025-03-10 20:36:15,409 [WARN] ModelIntegratedComponent:63 - No mode defined for component null
2025-03-10 20:36:15,409 [WARN] ModelIntegratedComponent:63 - No mode defined for component null
2025-03-10 20:36:15,409 [WARN] ModelIntegratedComponent:63 - No mode defined for component null
2025-03-10 20:36:15,409 [WARN] ModelIntegratedComponent:63 - No mode defined for component null
2025-03-10 20:36:15,409 [WARN] ModelIntegratedComponent:63 - No mode defined for component null
2025-03-10 20:36:15,409 [WARN] ModelIntegratedComponent:63 - No mode defined for component null
2025-03-10 20:36:15,409 [WARN] ModelIntegratedComponent:63 - No mode defined for component null
2025-03-10 20:36:15,409 [WARN] ModelIntegratedComponent:63 - No mode defined for component null
2025-03-10 20:36:15,409 [WARN] ModelIntegratedComponent:63 - No mode defined for component null
2025-03-10 20:36:15,409 [WARN] ModelIntegratedComponent:63 - No mode defined for component null
2025-03-10 20:36:15,409 [WARN] ModelIntegratedComponent:63 - No mode defined for component null
2025-03-10 20:36:15,409 [WARN] ModelIntegratedComponent:63 - No mode defined for component null
2025-03-10 20:36:15,409 [WARN] ModelIntegratedComponent:63 - No mode defined for component null
2025-03-10 20:36:15,409 [WARN] ModelIntegratedComponent:63 - No mode defined for component null
2025-03-10 20:36:15,409 [WARN] ModelIntegratedComponent:63 - No mode defined for component null
2025-03-10 20:36:15,409 [WARN] ModelIntegratedComponent:63 - No mode defined for component null
2025-03-10 20:36:15,409 [WARN] ModelIntegratedComponent:63 - No mode defined for component null
2025-03-10 20:36:15,409 [WARN] ModelIntegratedComponent:63 - No mode defined for component null
2025-03-10 20:36:15,409 [WARN] ModelIntegratedComponent:63 - No mode defined for component null
2025-03-10 20:36:15,409 [WARN] ModelIntegratedComponent:63 - No mode defined for component null
2025-03-10 20:36:15,409 [WARN] ModelIntegratedComponent:63 - No mode defined for component null
2025-03-10 20:36:15,409 [WARN] ModelIntegratedComponent:63 - No mode defined for component null
2025-03-10 20:36:15,409 [WARN] ModelIntegratedComponent:63 - No mode defined for component null
2025-03-10 20:36:15,409 [WARN] ModelIntegratedComponent:63 - No mode defined for component null
2025-03-10 20:36:15,409 [WARN] ModelIntegratedComponent:63 - No mode defined for component null
2025-03-10 20:36:15,409 [WARN] ModelIntegratedComponent:63 - No mode defined for component null
2025-03-10 20:36:15,409 [WARN] ModelIntegratedComponent:63 - No mode defined for component null
2025-03-10 20:36:15,409 [WARN] ModelIntegratedComponent:63 - No mode defined for component null
2025-03-10 20:36:15,409 [WARN] ModelIntegratedComponent:63 - No mode defined for component null
2025-03-10 20:36:15,409 [WARN] ModelIntegratedComponent:63 - No mode defined for component null
2025-03-10 20:36:15,409 [WARN] ModelIntegratedComponent:63 - No mode defined for component null
2025-03-10 20:36:15,409 [WARN] ModelIntegratedComponent:63 - No mode defined for component null
2025-03-10 20:36:15,409 [WARN] ModelIntegratedComponent:63 - No mode defined for component null
2025-03-10 20:36:15,411 [WARN] ModelIntegratedComponent:63 - No mode defined for component null
2025-03-10 20:36:15,411 [WARN] ModelIntegratedComponent:63 - No mode defined for component null
2025-03-10 20:36:15,411 [WARN] ModelPack:524 - Component already loaded: STMicroelectronics:HAL Drivers:0.0.0:STMicroelectronics:Device:STMicro_Driver:XSPI:HAL::0.0.1:HAL_XSPI
2025-03-10 20:36:15,500 [INFO] ThirdPartyModel:298 - Start build external matchings
2025-03-10 20:36:16,069 [INFO] ThirdPartyModel:316 - End build external matchings
2025-03-10 20:36:16,292 [INFO] UtilMem:75 - End LoadConfig() Used Memory: 810103296 Bytes (1073741824)
2025-03-10 20:36:16,515 [WARN] ThirdParty:833 - waiting for thirdparty lock release [change project]
2025-03-10 20:36:16,515 [INFO] ThirdParty:835 - entering critical section [change project]
2025-03-10 20:36:16,515 [INFO] ThirdParty:1030 - CMSIS Pack Vendor :STMicroelectronics USBPD 4.1
2025-03-10 20:36:16,515 [INFO] ThirdParty:1030 - CMSIS Pack Vendor :STMicroelectronics X-CUBE-AZRTOS-H7 3.3.0
2025-03-10 20:36:16,515 [INFO] ThirdParty:1030 - CMSIS Pack Vendor :STMicroelectronics X-CUBE-NFC9 1.0.0
2025-03-10 20:36:16,515 [INFO] ThirdParty:1030 - CMSIS Pack Vendor :STMicroelectronics USB_HOST 2.0.0
2025-03-10 20:36:16,515 [INFO] ThirdParty:1030 - CMSIS Pack Vendor :STMicroelectronics FP-SNS-MOTENVWB1 1.4.0
2025-03-10 20:36:16,515 [INFO] ThirdParty:1030 - CMSIS Pack Vendor :STMicroelectronics X-CUBE-AZRTOS-F4 1.1.0
2025-03-10 20:36:16,515 [INFO] ThirdParty:1030 - CMSIS Pack Vendor :STMicroelectronics LIBJPEG 8.0.0
2025-03-10 20:36:16,515 [INFO] ThirdParty:1030 - CMSIS Pack Vendor :STMicroelectronics FP-ATR-ASTRA1 2.0.2
2025-03-10 20:36:16,515 [INFO] ThirdParty:1030 - CMSIS Pack Vendor :STMicroelectronics FP-ATR-ASTRA1 2.0.1
2025-03-10 20:36:16,515 [INFO] ThirdParty:1030 - CMSIS Pack Vendor :STMicroelectronics X-CUBE-BLE1 7.1.0
2025-03-10 20:36:16,515 [INFO] ThirdParty:1030 - CMSIS Pack Vendor :STMicroelectronics X-CUBE-SMBUS 2.1.0
2025-03-10 20:36:16,515 [INFO] ThirdParty:1030 - CMSIS Pack Vendor :STMicroelectronics X-CUBE-WB05N 1.1.0
2025-03-10 20:36:16,515 [INFO] ThirdParty:1030 - CMSIS Pack Vendor :STMicroelectronics USB_DEVICE 3.0.0
2025-03-10 20:36:16,515 [INFO] ThirdParty:1030 - CMSIS Pack Vendor :STMicroelectronics X-CUBE-ISPU 2.1.0
2025-03-10 20:36:16,515 [INFO] ThirdParty:1030 - CMSIS Pack Vendor :STMicroelectronics X-CUBE-AZRTOS-WB 2.0.0
2025-03-10 20:36:16,515 [INFO] ThirdParty:1030 - CMSIS Pack Vendor :STMicroelectronics X-CUBE-GNSS1 7.0.1
2025-03-10 20:36:16,515 [INFO] ThirdParty:1030 - CMSIS Pack Vendor :STMicroelectronics X-CUBE-AZRTOS-F7 1.1.0
2025-03-10 20:36:16,515 [INFO] ThirdParty:1030 - CMSIS Pack Vendor :STMicroelectronics X-CUBE-AZRTOS-L5 2.0.0
2025-03-10 20:36:16,515 [INFO] ThirdParty:1030 - CMSIS Pack Vendor :STMicroelectronics X-CUBE-TOUCHGFX 4.25.0
2025-03-10 20:36:16,515 [INFO] ThirdParty:1030 - CMSIS Pack Vendor :STMicroelectronics USB_DEVICE 2.0.0
2025-03-10 20:36:16,515 [INFO] ThirdParty:1030 - CMSIS Pack Vendor :STMicroelectronics X-CUBE-NFC6 3.1.0
2025-03-10 20:36:16,515 [INFO] ThirdParty:1030 - CMSIS Pack Vendor :STMicroelectronics FP-SNS-STBOX1 2.0.0
2025-03-10 20:36:16,515 [INFO] ThirdParty:1030 - CMSIS Pack Vendor :STMicroelectronics FreeRTOS 0.0.1
2025-03-10 20:36:16,515 [INFO] ThirdParty:1030 - CMSIS Pack Vendor :STMicroelectronics X-CUBE-AZRTOS-G0 1.1.0
2025-03-10 20:36:16,515 [INFO] ThirdParty:1030 - CMSIS Pack Vendor :STMicroelectronics X-CUBE-SAFEA1 1.2.2
2025-03-10 20:36:16,515 [INFO] ThirdParty:1030 - CMSIS Pack Vendor :STMicroelectronics X-CUBE-NFC4 3.0.0
2025-03-10 20:36:16,515 [INFO] ThirdParty:1030 - CMSIS Pack Vendor :STMicroelectronics X-CUBE-DPower 1.2.0
2025-03-10 20:36:16,515 [INFO] ThirdParty:1030 - CMSIS Pack Vendor :STMicroelectronics X-CUBE-SUBG2 5.0.0
2025-03-10 20:36:16,515 [INFO] ThirdParty:1030 - CMSIS Pack Vendor :STMicroelectronics STM32_WPAN 1.0.0
2025-03-10 20:36:16,515 [INFO] ThirdParty:1030 - CMSIS Pack Vendor :EmbeddedOffice I-CUBE-FS-RTOS 1.0.1
2025-03-10 20:36:16,515 [INFO] ThirdParty:1030 - CMSIS Pack Vendor :STMicroelectronics lwIP 2.0.3
2025-03-10 20:36:16,515 [INFO] ThirdParty:1030 - CMSIS Pack Vendor :STMicroelectronics FP-SNS-FLIGHT1 5.0.2
2025-03-10 20:36:16,515 [INFO] ThirdParty:1030 - CMSIS Pack Vendor :Cesanta I-CUBE-Mongoose 7.13.0
2025-03-10 20:36:16,515 [INFO] ThirdParty:1030 - CMSIS Pack Vendor :STMicroelectronics USB_HOST 1.0.0
2025-03-10 20:36:16,515 [INFO] ThirdParty:1030 - CMSIS Pack Vendor :Infineon AIROC-Wi-Fi-Bluetooth-STM32 1.7.0
2025-03-10 20:36:16,515 [INFO] ThirdParty:1030 - CMSIS Pack Vendor :STMicroelectronics X-CUBE-AZRTOS-G4 2.0.0
2025-03-10 20:36:16,515 [INFO] ThirdParty:1030 - CMSIS Pack Vendor :STMicroelectronics PDM2PCM 3.1.0
2025-03-10 20:36:16,515 [INFO] ThirdParty:1030 - CMSIS Pack Vendor :STMicroelectronics PDM2PCM 3.3.0
2025-03-10 20:36:16,515 [INFO] ThirdParty:1030 - CMSIS Pack Vendor :STMicroelectronics X-CUBE-DISPLAY 3.0.0
2025-03-10 20:36:16,516 [INFO] ThirdParty:1030 - CMSIS Pack Vendor :STMicroelectronics X-CUBE-TCPP 4.2.0
2025-03-10 20:36:16,516 [INFO] ThirdParty:1030 - CMSIS Pack Vendor :RealThread X-CUBE-RT-Thread_Nano 4.1.1
2025-03-10 20:36:16,516 [INFO] ThirdParty:1030 - CMSIS Pack Vendor :STMicroelectronics X-CUBE-BLE1 7.0.0
2025-03-10 20:36:16,516 [INFO] ThirdParty:1030 - CMSIS Pack Vendor :STMicroelectronics FP-ATR-SIGFOX1 3.2.0
2025-03-10 20:36:16,516 [INFO] ThirdParty:1030 - CMSIS Pack Vendor :STMicroelectronics X-CUBE-NFC10 1.0.0
2025-03-10 20:36:16,516 [INFO] ThirdParty:1030 - CMSIS Pack Vendor :quantropi X-CUBE-qispace-sdk-base 1.9.3
2025-03-10 20:36:16,516 [INFO] ThirdParty:1030 - CMSIS Pack Vendor :STMicroelectronics X-CUBE-BLEMGR 4.0.0
2025-03-10 20:36:16,516 [INFO] ThirdParty:1030 - CMSIS Pack Vendor :STMicroelectronics X-CUBE-EEPRMA1 5.1.0
2025-03-10 20:36:16,516 [INFO] ThirdParty:1030 - CMSIS Pack Vendor :STMicroelectronics HAL Drivers 0.0.0
2025-03-10 20:36:16,516 [INFO] ThirdParty:1030 - CMSIS Pack Vendor :STMicroelectronics MBEDTLS 2.16.2
2025-03-10 20:36:16,516 [INFO] ThirdParty:1030 - CMSIS Pack Vendor :STMicroelectronics X-CUBE-IPS 3.1.0
2025-03-10 20:36:16,516 [INFO] ThirdParty:1030 - CMSIS Pack Vendor :STMicroelectronics X-CUBE-ALS 1.0.2
2025-03-10 20:36:16,516 [INFO] ThirdParty:1030 - CMSIS Pack Vendor :emotas I-CUBE-CANOPEN 1.3.0
2025-03-10 20:36:16,516 [INFO] ThirdParty:1030 - CMSIS Pack Vendor :STMicroelectronics X-CUBE-FREERTOS 1.3.0
2025-03-10 20:36:16,516 [INFO] ThirdParty:1030 - CMSIS Pack Vendor :STMicroelectronics X-CUBE-NFC7 1.0.1
2025-03-10 20:36:16,516 [INFO] ThirdParty:1030 - CMSIS Pack Vendor :STMicroelectronics MBEDTLS 2.14.1
2025-03-10 20:36:16,516 [INFO] ThirdParty:1030 - CMSIS Pack Vendor :wolfSSL I-CUBE-wolfSSL 5.7.6
2025-03-10 20:36:16,516 [INFO] ThirdParty:1030 - CMSIS Pack Vendor :ITTIA_DB I-CUBE-ITTIADB 8.9.0
2025-03-10 20:36:16,516 [INFO] ThirdParty:1030 - CMSIS Pack Vendor :STMicroelectronics X-CUBE-TOUCHGFX 4.24.2
2025-03-10 20:36:16,516 [INFO] ThirdParty:1030 - CMSIS Pack Vendor :wolfSSL I-CUBE-wolfTPM 3.4.0
2025-03-10 20:36:16,516 [INFO] ThirdParty:1030 - CMSIS Pack Vendor :portGmbH I-Cube-SoM-uGOAL 1.1.0
2025-03-10 20:36:16,516 [INFO] ThirdParty:1030 - CMSIS Pack Vendor :STMicroelectronics X-CUBE-AI 10.0.0
2025-03-10 20:36:16,516 [INFO] ThirdParty:1030 - CMSIS Pack Vendor :STMicroelectronics ThreadX 1.0.0
2025-03-10 20:36:16,516 [INFO] ThirdParty:1030 - CMSIS Pack Vendor :STMicroelectronics FP-SNS-SMARTAG2 1.2.0
2025-03-10 20:36:16,516 [INFO] ThirdParty:1030 - CMSIS Pack Vendor :STMicroelectronics X-CUBE-MEMS1 11.1.0
2025-03-10 20:36:16,516 [INFO] ThirdParty:1030 - CMSIS Pack Vendor :STMicroelectronics X-CUBE-AZRTOS-WL 2.0.0
2025-03-10 20:36:16,516 [INFO] ThirdParty:1030 - CMSIS Pack Vendor :SEGGER I-CUBE-embOS 1.3.1
2025-03-10 20:36:16,516 [INFO] ThirdParty:1030 - CMSIS Pack Vendor :STMicroelectronics X-CUBE-ALGOBUILD 1.4.0
2025-03-10 20:36:16,516 [INFO] ThirdParty:1030 - CMSIS Pack Vendor :STMicroelectronics FP-SNS-MOTENV1 5.0.0
2025-03-10 20:36:16,516 [INFO] ThirdParty:1030 - CMSIS Pack Vendor :STMicroelectronics USB_DEVICE 1.0.0
2025-03-10 20:36:16,516 [INFO] ThirdParty:1030 - CMSIS Pack Vendor :STMicroelectronics X-CUBE-AZRTOS-H7RS 1.0.0
2025-03-10 20:36:16,516 [INFO] ThirdParty:1030 - CMSIS Pack Vendor :wolfSSL I-CUBE-wolfMQTT 1.19.0
2025-03-10 20:36:16,516 [INFO] ThirdParty:1030 - CMSIS Pack Vendor :STMicroelectronics X-CUBE-AZRTOS-L4 2.0.0
2025-03-10 20:36:16,516 [INFO] ThirdParty:1030 - CMSIS Pack Vendor :STMicroelectronics ThreadX 0.0.2
2025-03-10 20:36:16,516 [INFO] ThirdParty:1030 - CMSIS Pack Vendor :WES I-CUBE-Cesium 1.3.0
2025-03-10 20:36:16,516 [INFO] ThirdParty:1030 - CMSIS Pack Vendor :STMicroelectronics lwIP 2.1.2
2025-03-10 20:36:16,516 [INFO] ThirdParty:1030 - CMSIS Pack Vendor :STMicroelectronics X-CUBE-SFXS2LP1 4.0.0
2025-03-10 20:36:16,516 [INFO] ThirdParty:1030 - CMSIS Pack Vendor :STMicroelectronics X-CUBE-BLE2 3.3.0
2025-03-10 20:36:16,516 [INFO] ThirdParty:1030 - CMSIS Pack Vendor :STMicroelectronics X-CUBE-TOF1 3.4.2
2025-03-10 20:36:16,516 [INFO] ThirdParty:1030 - CMSIS Pack Vendor :STMicroelectronics PDM2PCM 3.2.0
2025-03-10 20:36:16,516 [INFO] ThirdParty:1030 - CMSIS Pack Vendor :wolfSSL I-CUBE-wolfSSH 1.4.17
2025-03-10 20:36:16,516 [INFO] ThirdParty:841 - exiting critical section [change project]
2025-03-10 20:36:16,613 [INFO] PinOutPanel:1589 - setPackage(No Configuration,No Configuration)
2025-03-10 20:36:16,614 [INFO] PinOutPanel:1589 - setPackage(STM32F103C8Tx,LQFP48)
2025-03-10 20:36:16,957 [INFO] UtilMem:75 - Before build in PCC Used Memory: 896739792 Bytes (1073741824)
2025-03-10 20:36:17,265 [INFO] UtilMem:75 - After build in PCC Used Memory: 940779984 Bytes (1073741824)
2025-03-10 20:36:17,283 [INFO] IPUIPlugin:80 - create IPUIPlugin
2025-03-10 20:36:17,283 [INFO] IPUIPlugin:80 - create IPUIPlugin
2025-03-10 20:36:17,283 [INFO] IPUIPlugin:80 - create IPUIPlugin
2025-03-10 20:36:17,283 [INFO] IPUIPlugin:80 - create IPUIPlugin
2025-03-10 20:36:17,283 [INFO] IPUIPlugin:80 - create IPUIPlugin
2025-03-10 20:36:17,283 [INFO] IPUIPlugin:80 - create IPUIPlugin
2025-03-10 20:36:17,283 [INFO] IPUIPlugin:80 - create IPUIPlugin
2025-03-10 20:36:17,283 [INFO] IPUIPlugin:80 - create IPUIPlugin
2025-03-10 20:36:17,284 [INFO] IPUIPlugin:80 - create IPUIPlugin
2025-03-10 20:36:17,284 [INFO] IPUIPlugin:80 - create IPUIPlugin
2025-03-10 20:36:17,284 [INFO] IPUIPlugin:80 - create IPUIPlugin
2025-03-10 20:36:17,284 [INFO] IPUIPlugin:80 - create IPUIPlugin
2025-03-10 20:36:17,284 [INFO] IPUIPlugin:80 - create IPUIPlugin
2025-03-10 20:36:17,284 [INFO] IPUIPlugin:80 - create IPUIPlugin
2025-03-10 20:36:17,284 [INFO] IPUIPlugin:80 - create IPUIPlugin
2025-03-10 20:36:17,284 [INFO] IPUIPlugin:80 - create IPUIPlugin
2025-03-10 20:36:17,284 [INFO] IPUIPlugin:80 - create IPUIPlugin
2025-03-10 20:36:17,285 [INFO] IPUIPlugin:80 - create IPUIPlugin
2025-03-10 20:36:17,285 [INFO] IPUIPlugin:80 - create IPUIPlugin
2025-03-10 20:36:17,285 [INFO] IPUIPlugin:80 - create IPUIPlugin
2025-03-10 20:36:17,285 [INFO] IPUIPlugin:80 - create IPUIPlugin
2025-03-10 20:36:17,287 [INFO] IPUIPlugin:80 - create IPUIPlugin
2025-03-10 20:36:17,287 [INFO] IPUIPlugin:80 - create IPUIPlugin
2025-03-10 20:36:17,287 [INFO] IPUIPlugin:80 - create IPUIPlugin
2025-03-10 20:36:17,288 [INFO] IPUIPlugin:80 - create IPUIPlugin
2025-03-10 20:36:17,288 [INFO] IPUIPlugin:80 - create IPUIPlugin
2025-03-10 20:36:17,288 [INFO] IPUIPlugin:80 - create IPUIPlugin
2025-03-10 20:36:17,317 [INFO] CADModel:165 - CPN selected for project levelSTM32F103C8T6TR
2025-03-10 20:36:17,317 [INFO] CADModel:114 - Register for checkConnection events
2025-03-10 20:36:17,366 [INFO] OpenFileManager:363 - Restore cursor
2025-03-10 20:36:17,755 [INFO] UtilMem:75 - End SaveConfig() Used Memory: 787165648 Bytes (1073741824)
2025-03-10 20:36:17,819 [INFO] UtilMem:75 - End SaveConfig() Used Memory: 801845712 Bytes (1073741824)
2025-03-10 20:36:17,933 [INFO] BlockDiagram:2766 - set Specific Code input for plugin: NVIC
2025-03-10 20:36:17,933 [INFO] BlockDiagram:2766 - set Specific Code input for plugin: RCC
2025-03-10 20:36:17,933 [INFO] CodeGenerator:896 - code generatio: config db path: D:\STM32CubeIDE_1.17.0\STM32CubeIDE\plugins\com.st.stm32cube.common.mx_6.13.0.202411220809\\db\
2025-03-10 20:36:18,000 [INFO] CodeEngine:255 - oldGeneratedFile, D:\stm32_cube\stm32_huan_1\MXTmpFiles\license.tmp_save
2025-03-10 20:36:18,101 [INFO] CodeEngine:279 - Generated code: D:\stm32_cube\stm32_huan_1\MXTmpFiles\license.tmp
2025-03-10 20:36:18,110 [INFO] CodeEngine:255 - oldGeneratedFile, D:\stm32_cube\stm32_huan_1\Core\Src\stm32f1xx_it.c_save
2025-03-10 20:36:18,194 [INFO] CodeEngine:279 - Generated code: D:\stm32_cube\stm32_huan_1\Core\Src\stm32f1xx_it.c
2025-03-10 20:36:18,197 [INFO] CodeEngine:255 - oldGeneratedFile, D:\stm32_cube\stm32_huan_1\Core\Inc\stm32f1xx_it.h_save
2025-03-10 20:36:18,250 [INFO] CodeEngine:279 - Generated code: D:\stm32_cube\stm32_huan_1\Core\Inc\stm32f1xx_it.h
2025-03-10 20:36:18,267 [INFO] CodeEngine:255 - oldGeneratedFile, D:\stm32_cube\stm32_huan_1\Core\Src\stm32f1xx_hal_msp.c_save
2025-03-10 20:36:18,350 [INFO] CodeEngine:279 - Generated code: D:\stm32_cube\stm32_huan_1\Core\Src\stm32f1xx_hal_msp.c
2025-03-10 20:36:18,352 [INFO] CodeEngine:255 - oldGeneratedFile, D:\stm32_cube\stm32_huan_1\MXTmpFiles\system.tmp_save
2025-03-10 20:36:18,403 [INFO] CodeEngine:279 - Generated code: D:\stm32_cube\stm32_huan_1\MXTmpFiles\system.tmp
2025-03-10 20:36:18,409 [INFO] CodeEngine:311 - oldGeneratedFile, D:\stm32_cube\stm32_huan_1\Core\Inc\stm32f1xx_hal_conf.h_save
2025-03-10 20:36:18,510 [INFO] CodeEngine:335 - Generated code: D:\stm32_cube\stm32_huan_1\Core\Inc\stm32f1xx_hal_conf.h
2025-03-10 20:36:18,532 [INFO] ApiDbMcu:508 - Load IP Config File for RCC
2025-03-10 20:36:18,538 [INFO] CodeEngine:255 - oldGeneratedFile, D:\stm32_cube\stm32_huan_1\Core\Inc\main.h_save
2025-03-10 20:36:18,618 [INFO] CodeEngine:279 - Generated code: D:\stm32_cube\stm32_huan_1\Core\Inc\main.h
2025-03-10 20:36:18,622 [INFO] CodeEngine:255 - oldGeneratedFile, D:\stm32_cube\stm32_huan_1\Core\Src\main.c_save
2025-03-10 20:36:18,700 [INFO] CodeEngine:279 - Generated code: D:\stm32_cube\stm32_huan_1\Core\Src\main.c
2025-03-10 20:36:18,964 [INFO] ProjectBuilder:3289 - Time for Copy HAL[1] : 122mS.
2025-03-10 20:36:18,969 [INFO] ProjectBuilder:4876 - Project Generator version: 4.5.0-RC5
2025-03-10 20:36:19,098 [INFO] ConfigFileManager:1579 - The Die is : DIE410
2025-03-10 20:36:19,102 [INFO] ApiDbMcu:508 - Load IP Config File for FATFS
2025-03-10 20:36:19,108 [INFO] ApiDbMcu:508 - Load IP Config File for FREERTOS
2025-03-10 20:36:19,114 [INFO] ApiDbMcu:508 - Load IP Config File for USB_DEVICE
2025-03-10 20:36:21,083 [INFO] ProjectBuilder:5154 - Time for Generating toolchain IDE Files: 2114mS.
2025-03-10 20:36:21,084 [INFO] ProjectBuilder:3146 - Time for Copy CMSIS : 0mS.
2025-03-10 20:36:21,086 [INFO] ProjectBuilder:3146 - Time for Copy CMSIS : 0mS.
2025-03-10 20:36:21,723 [INFO] McuFinderGlobals:76 - Set McuFinderConnectedMode to true
2025-03-10 20:36:21,724 [INFO] ApiDb:448 - Save user favorites file C:\Users\84369/.stm32cubeide/favorites.mcus.txt: 4 item(s)
2025-03-10 20:36:21,724 [INFO] ApiDb:452 - User favorites MCUs=[STM32F103C6T7ATR, STM32F103C8T6, STM32F103C8T6TR, STM32F103C8T7TR]
2025-03-10 20:37:28,521 [INFO] NvicIntPanel:101 - NVIC parent = com.st.microxplorer.plugins.ip.nvic.MultiNvicIntPanel[,0,0,0x0,invalid,layout=javax.swing.BoxLayout,alignmentX=0.0,alignmentY=0.0,border=,flags=9,maximumSize=,minimumSize=,preferredSize=]
2025-03-10 20:38:13,335 [WARN] IP:2251 - I2C_Coeff_DF not found: check if there is a RefParameter without a condition.
2025-03-10 20:38:13,335 [WARN] IP:2251 - Analog_Filter not found: check if there is a RefParameter without a condition.
2025-03-10 20:38:13,346 [WARN] IP:2251 - I2C_Coeff_DF not found: check if there is a RefParameter without a condition.
2025-03-10 20:38:13,346 [WARN] IP:2251 - Analog_Filter not found: check if there is a RefParameter without a condition.
2025-03-10 20:38:13,347 [WARN] IP:2251 - I2C_Coeff_DF not found: check if there is a RefParameter without a condition.
2025-03-10 20:38:13,347 [WARN] IP:2251 - Analog_Filter not found: check if there is a RefParameter without a condition.
2025-03-10 20:38:13,389 [WARN] IP:2251 - I2C_Coeff_DF not found: check if there is a RefParameter without a condition.
2025-03-10 20:38:13,389 [WARN] IP:2251 - Analog_Filter not found: check if there is a RefParameter without a condition.
2025-03-10 20:38:13,391 [WARN] IP:2251 - I2C_Coeff_DF not found: check if there is a RefParameter without a condition.
2025-03-10 20:38:13,392 [WARN] IP:2251 - Analog_Filter not found: check if there is a RefParameter without a condition.
2025-03-10 20:38:32,495 [WARN] IP:2251 - I2C_Coeff_DF not found: check if there is a RefParameter without a condition.
2025-03-10 20:38:32,495 [WARN] IP:2251 - Analog_Filter not found: check if there is a RefParameter without a condition.
2025-03-10 20:38:32,496 [WARN] IP:2251 - I2C_Coeff_DF not found: check if there is a RefParameter without a condition.
2025-03-10 20:38:32,496 [WARN] IP:2251 - Analog_Filter not found: check if there is a RefParameter without a condition.
2025-03-10 20:38:32,513 [WARN] IP:2251 - I2C_Coeff_DF not found: check if there is a RefParameter without a condition.
2025-03-10 20:38:32,513 [WARN] IP:2251 - Analog_Filter not found: check if there is a RefParameter without a condition.
2025-03-10 20:38:32,529 [WARN] IP:2251 - I2C_Coeff_DF not found: check if there is a RefParameter without a condition.
2025-03-10 20:38:32,529 [WARN] IP:2251 - Analog_Filter not found: check if there is a RefParameter without a condition.
2025-03-10 20:38:47,429 [WARN] IP:2251 - I2C_Coeff_DF not found: check if there is a RefParameter without a condition.
2025-03-10 20:38:47,429 [WARN] IP:2251 - Analog_Filter not found: check if there is a RefParameter without a condition.
2025-03-10 20:38:47,429 [WARN] IP:2251 - I2C_Coeff_DF not found: check if there is a RefParameter without a condition.
2025-03-10 20:38:47,429 [WARN] IP:2251 - Analog_Filter not found: check if there is a RefParameter without a condition.
2025-03-10 20:38:47,446 [WARN] IP:2251 - I2C_Coeff_DF not found: check if there is a RefParameter without a condition.
2025-03-10 20:38:47,446 [WARN] IP:2251 - Analog_Filter not found: check if there is a RefParameter without a condition.
2025-03-10 20:38:47,460 [WARN] IP:2251 - I2C_Coeff_DF not found: check if there is a RefParameter without a condition.
2025-03-10 20:38:47,460 [WARN] IP:2251 - Analog_Filter not found: check if there is a RefParameter without a condition.
2025-03-10 20:39:09,093 [WARN] IP:2251 - I2C_Coeff_DF not found: check if there is a RefParameter without a condition.
2025-03-10 20:39:09,094 [WARN] IP:2251 - Analog_Filter not found: check if there is a RefParameter without a condition.
2025-03-10 20:39:09,094 [WARN] IP:2251 - I2C_Coeff_DF not found: check if there is a RefParameter without a condition.
2025-03-10 20:39:09,094 [WARN] IP:2251 - Analog_Filter not found: check if there is a RefParameter without a condition.
2025-03-10 20:39:09,119 [WARN] IP:2251 - I2C_Coeff_DF not found: check if there is a RefParameter without a condition.
2025-03-10 20:39:09,119 [WARN] IP:2251 - Analog_Filter not found: check if there is a RefParameter without a condition.
2025-03-10 20:39:09,137 [WARN] IP:2251 - I2C_Coeff_DF not found: check if there is a RefParameter without a condition.
2025-03-10 20:39:09,137 [WARN] IP:2251 - Analog_Filter not found: check if there is a RefParameter without a condition.
2025-03-10 20:39:10,754 [WARN] IP:2251 - I2C_Coeff_DF not found: check if there is a RefParameter without a condition.
2025-03-10 20:39:10,754 [WARN] IP:2251 - Analog_Filter not found: check if there is a RefParameter without a condition.
2025-03-10 20:39:10,754 [WARN] IP:2251 - I2C_Coeff_DF not found: check if there is a RefParameter without a condition.
2025-03-10 20:39:10,754 [WARN] IP:2251 - Analog_Filter not found: check if there is a RefParameter without a condition.
2025-03-10 20:39:10,782 [WARN] IP:2251 - I2C_Coeff_DF not found: check if there is a RefParameter without a condition.
2025-03-10 20:39:10,782 [WARN] IP:2251 - Analog_Filter not found: check if there is a RefParameter without a condition.
2025-03-10 20:39:10,804 [WARN] IP:2251 - I2C_Coeff_DF not found: check if there is a RefParameter without a condition.
2025-03-10 20:39:10,804 [WARN] IP:2251 - Analog_Filter not found: check if there is a RefParameter without a condition.
2025-03-10 20:39:15,926 [INFO] Gpio:277 - dependency for GPIO [I2C1, RCC, SYS, TIM2]
2025-03-10 20:39:25,666 [INFO] Gpio:277 - dependency for GPIO [I2C1, RCC, SYS, TIM2]
2025-03-10 20:39:36,100 [WARN] IP:2251 - I2C_Coeff_DF not found: check if there is a RefParameter without a condition.
2025-03-10 20:39:36,102 [WARN] IP:2251 - Analog_Filter not found: check if there is a RefParameter without a condition.
2025-03-10 20:39:36,102 [WARN] IP:2251 - I2C_Coeff_DF not found: check if there is a RefParameter without a condition.
2025-03-10 20:39:36,102 [WARN] IP:2251 - Analog_Filter not found: check if there is a RefParameter without a condition.
2025-03-10 20:39:36,117 [WARN] IP:2251 - I2C_Coeff_DF not found: check if there is a RefParameter without a condition.
2025-03-10 20:39:36,118 [WARN] IP:2251 - Analog_Filter not found: check if there is a RefParameter without a condition.
2025-03-10 20:39:36,130 [WARN] IP:2251 - I2C_Coeff_DF not found: check if there is a RefParameter without a condition.
2025-03-10 20:39:36,130 [WARN] IP:2251 - Analog_Filter not found: check if there is a RefParameter without a condition.
2025-03-10 20:39:37,097 [WARN] IP:2251 - I2C_Coeff_DF not found: check if there is a RefParameter without a condition.
2025-03-10 20:39:37,097 [WARN] IP:2251 - Analog_Filter not found: check if there is a RefParameter without a condition.
2025-03-10 20:39:37,097 [WARN] IP:2251 - I2C_Coeff_DF not found: check if there is a RefParameter without a condition.
2025-03-10 20:39:37,097 [WARN] IP:2251 - Analog_Filter not found: check if there is a RefParameter without a condition.
2025-03-10 20:39:37,118 [WARN] IP:2251 - I2C_Coeff_DF not found: check if there is a RefParameter without a condition.
2025-03-10 20:39:37,118 [WARN] IP:2251 - Analog_Filter not found: check if there is a RefParameter without a condition.
2025-03-10 20:39:37,138 [WARN] IP:2251 - I2C_Coeff_DF not found: check if there is a RefParameter without a condition.
2025-03-10 20:39:37,138 [WARN] IP:2251 - Analog_Filter not found: check if there is a RefParameter without a condition.
2025-03-10 20:39:47,244 [WARN] IP:2251 - I2C_Coeff_DF not found: check if there is a RefParameter without a condition.
2025-03-10 20:39:47,244 [WARN] IP:2251 - Analog_Filter not found: check if there is a RefParameter without a condition.
2025-03-10 20:39:47,246 [WARN] IP:2251 - I2C_Coeff_DF not found: check if there is a RefParameter without a condition.
2025-03-10 20:39:47,246 [WARN] IP:2251 - Analog_Filter not found: check if there is a RefParameter without a condition.
2025-03-10 20:39:47,259 [WARN] IP:2251 - I2C_Coeff_DF not found: check if there is a RefParameter without a condition.
2025-03-10 20:39:47,259 [WARN] IP:2251 - Analog_Filter not found: check if there is a RefParameter without a condition.
2025-03-10 20:39:47,270 [WARN] IP:2251 - I2C_Coeff_DF not found: check if there is a RefParameter without a condition.
2025-03-10 20:39:47,270 [WARN] IP:2251 - Analog_Filter not found: check if there is a RefParameter without a condition.
2025-03-10 20:39:52,828 [WARN] IP:2251 - I2C_Coeff_DF not found: check if there is a RefParameter without a condition.
2025-03-10 20:39:52,828 [WARN] IP:2251 - Analog_Filter not found: check if there is a RefParameter without a condition.
2025-03-10 20:39:52,829 [WARN] IP:2251 - I2C_Coeff_DF not found: check if there is a RefParameter without a condition.
2025-03-10 20:39:52,829 [WARN] IP:2251 - Analog_Filter not found: check if there is a RefParameter without a condition.
2025-03-10 20:39:52,844 [WARN] IP:2251 - I2C_Coeff_DF not found: check if there is a RefParameter without a condition.
2025-03-10 20:39:52,845 [WARN] IP:2251 - Analog_Filter not found: check if there is a RefParameter without a condition.
2025-03-10 20:39:52,862 [WARN] IP:2251 - I2C_Coeff_DF not found: check if there is a RefParameter without a condition.
2025-03-10 20:39:52,862 [WARN] IP:2251 - Analog_Filter not found: check if there is a RefParameter without a condition.
2025-03-10 20:40:28,975 [INFO] NvicIntPanel:101 - NVIC parent = com.st.microxplorer.plugins.ip.nvic.MultiNvicIntPanel[,0,0,0x0,invalid,layout=javax.swing.BoxLayout,alignmentX=0.0,alignmentY=0.0,border=,flags=9,maximumSize=,minimumSize=,preferredSize=]
2025-03-10 20:40:33,665 [INFO] NvicIntPanel:101 - NVIC parent = com.st.microxplorer.plugins.ip.nvic.MultiNvicIntPanel[,0,0,0x0,invalid,layout=javax.swing.BoxLayout,alignmentX=0.0,alignmentY=0.0,border=,flags=9,maximumSize=,minimumSize=,preferredSize=]
2025-03-10 20:41:08,244 [INFO] UtilMem:75 - End SaveConfig() Used Memory: 1004623984 Bytes (1073741824)
2025-03-10 20:41:08,366 [INFO] UtilMem:75 - End SaveConfig() Used Memory: 747480560 Bytes (1073741824)
2025-03-10 20:41:09,631 [INFO] UtilMem:75 - End SaveConfig() Used Memory: 810528224 Bytes (1073741824)
2025-03-10 20:41:10,480 [INFO] BlockDiagram:2766 - set Specific Code input for plugin: NVIC
2025-03-10 20:41:10,480 [INFO] BlockDiagram:2766 - set Specific Code input for plugin: TIM1_8F1
2025-03-10 20:41:10,480 [INFO] BlockDiagram:2766 - set Specific Code input for plugin: TIM1_8F1
2025-03-10 20:41:10,480 [INFO] BlockDiagram:2766 - set Specific Code input for plugin: SYS
2025-03-10 20:41:10,480 [INFO] BlockDiagram:2766 - set Specific Code input for plugin: GPIO
2025-03-10 20:41:10,482 [INFO] BlockDiagram:2766 - set Specific Code input for plugin: RCC
2025-03-10 20:41:10,482 [INFO] BlockDiagram:2766 - set Specific Code input for plugin: I2C
2025-03-10 20:41:10,483 [INFO] CodeGenerator:896 - code generatio: config db path: D:\STM32CubeIDE_1.17.0\STM32CubeIDE\plugins\com.st.stm32cube.common.mx_6.13.0.202411220809\\db\
2025-03-10 20:41:10,485 [WARN] IP:2251 - I2C_Coeff_DF not found: check if there is a RefParameter without a condition.
2025-03-10 20:41:10,486 [WARN] IP:2251 - Analog_Filter not found: check if there is a RefParameter without a condition.
2025-03-10 20:41:10,718 [INFO] CodeEngine:255 - oldGeneratedFile, D:\stm32_cube\stm32_huan_1\MXTmpFiles\license.tmp_save
2025-03-10 20:41:11,236 [INFO] CodeEngine:279 - Generated code: D:\stm32_cube\stm32_huan_1\MXTmpFiles\license.tmp
2025-03-10 20:41:11,327 [INFO] CodeEngine:255 - oldGeneratedFile, D:\stm32_cube\stm32_huan_1\MXTmpFiles\gpio.tmp_save
2025-03-10 20:41:11,639 [INFO] CodeEngine:279 - Generated code: D:\stm32_cube\stm32_huan_1\MXTmpFiles\gpio.tmp
2025-03-10 20:41:11,977 [INFO] CodeEngine:255 - oldGeneratedFile, D:\stm32_cube\stm32_huan_1\Core\Src\stm32f1xx_it.c_save
2025-03-10 20:41:12,656 [INFO] CodeEngine:279 - Generated code: D:\stm32_cube\stm32_huan_1\Core\Src\stm32f1xx_it.c
2025-03-10 20:41:12,665 [INFO] CodeEngine:255 - oldGeneratedFile, D:\stm32_cube\stm32_huan_1\Core\Inc\stm32f1xx_it.h_save
2025-03-10 20:41:12,835 [INFO] CodeEngine:279 - Generated code: D:\stm32_cube\stm32_huan_1\Core\Inc\stm32f1xx_it.h
2025-03-10 20:41:12,870 [INFO] CodeEngine:255 - oldGeneratedFile, D:\stm32_cube\stm32_huan_1\Core\Src\stm32f1xx_hal_msp.c_save
2025-03-10 20:41:13,182 [INFO] CodeEngine:279 - Generated code: D:\stm32_cube\stm32_huan_1\Core\Src\stm32f1xx_hal_msp.c
2025-03-10 20:41:13,187 [INFO] CodeEngine:255 - oldGeneratedFile, D:\stm32_cube\stm32_huan_1\MXTmpFiles\system.tmp_save
2025-03-10 20:41:13,280 [INFO] CodeEngine:279 - Generated code: D:\stm32_cube\stm32_huan_1\MXTmpFiles\system.tmp
2025-03-10 20:41:13,313 [INFO] CodeEngine:311 - oldGeneratedFile, D:\stm32_cube\stm32_huan_1\Core\Inc\stm32f1xx_hal_conf.h_save
2025-03-10 20:41:13,452 [INFO] CodeEngine:335 - Generated code: D:\stm32_cube\stm32_huan_1\Core\Inc\stm32f1xx_hal_conf.h
2025-03-10 20:41:13,510 [INFO] ApiDbMcu:508 - Load IP Config File for I2C1
2025-03-10 20:41:13,527 [INFO] ApiDbMcu:508 - Load IP Config File for TIM1
2025-03-10 20:41:13,544 [INFO] ApiDbMcu:508 - Load IP Config File for TIM2
2025-03-10 20:41:13,546 [WARN] IPConfigManager:3618 - IP not found : TIM
2025-03-10 20:41:13,546 [WARN] CodeGenerator:4152 - IP not found : null
2025-03-10 20:41:13,574 [INFO] CodeEngine:255 - oldGeneratedFile, D:\stm32_cube\stm32_huan_1\Core\Inc\main.h_save
2025-03-10 20:41:13,754 [INFO] CodeEngine:279 - Generated code: D:\stm32_cube\stm32_huan_1\Core\Inc\main.h
2025-03-10 20:41:13,777 [INFO] CodeEngine:255 - oldGeneratedFile, D:\stm32_cube\stm32_huan_1\Core\Src\main.c_save
2025-03-10 20:41:14,015 [INFO] CodeEngine:279 - Generated code: D:\stm32_cube\stm32_huan_1\Core\Src\main.c
2025-03-10 20:41:14,603 [INFO] ProjectBuilder:3289 - Time for Copy HAL[1] : 249mS.
2025-03-10 20:41:14,607 [INFO] ProjectBuilder:4876 - Project Generator version: 4.5.0-RC5
2025-03-10 20:41:14,724 [INFO] ConfigFileManager:1579 - The Die is : DIE410
2025-03-10 20:41:16,714 [INFO] ProjectBuilder:5154 - Time for Generating toolchain IDE Files: 2107mS.
2025-03-10 20:41:16,717 [INFO] ProjectBuilder:3146 - Time for Copy CMSIS : 1mS.
2025-03-10 20:41:16,720 [INFO] ProjectBuilder:3146 - Time for Copy CMSIS : 1mS.
2025-03-10 21:11:47,274 [INFO] Gpio:277 - dependency for GPIO [I2C1, RCC, SYS, TIM2]
2025-03-10 22:48:06,523 [ERROR] ConfigurationRetriever:142 - IOException on connection: Connect timed out
