2025-02-22 00:32:55,079 [INFO] MainUpdater:2872 - connection check result : 10
2025-02-22 00:32:55,711 [INFO] McuFinderGlobals:76 - Set McuFinderConnectedMode to true
2025-02-22 00:32:55,717 [INFO] MultiScanPanel:200 - Auto-refresh data requested => check proxy status ongoing
2025-02-22 00:32:55,718 [INFO] FinderPluginLoader:95 - Searching for filters in installed packs
2025-02-22 00:32:58,551 [INFO] LoadUrlFilesThread:185 - End of LoadServerUrlFiles without Thread
2025-02-22 00:32:58,551 [INFO] DetailPanel:341 - Set advertising image to C:/Users/84369/STM32Cube/Repository/\en.prom-stm32n6-mcu-finder.png
2025-02-22 00:33:17,594 [INFO] McuResultTable:1403 - Mark MCU STM32F103C8T7TR as favorite
2025-02-22 00:33:33,736 [INFO] MainUpdater:2872 - connection check result : 10
2025-02-22 00:33:33,736 [INFO] MainUpdater:2872 - connection check result : 10
2025-02-22 00:33:33,845 [INFO] MicroXplorer:468 - Change Database Path : 
2025-02-22 00:33:33,845 [INFO] MicroXplorer:498 - Change Database Version : DB.6.0.130
2025-02-22 00:33:33,872 [ERROR] ProjectManagerView:394 - 
java.lang.NullPointerException: Cannot invoke "javax.swing.JTextField.getText()" because the return value of "java.util.List.get(int)" is null
	at com.st.microxplorer.plugins.projectmanager.gui.ProjectChoiceTab$9.caretUpdate(ProjectChoiceTab.java:2616) ~[filemanager.jar:?]
	at javax.swing.text.JTextComponent.fireCaretUpdate(JTextComponent.java:408) ~[?:?]
	at javax.swing.text.JTextComponent$MutableCaretEvent.fire(JTextComponent.java:4484) ~[?:?]
	at javax.swing.text.JTextComponent$MutableCaretEvent.stateChanged(JTextComponent.java:4506) ~[?:?]
	at javax.swing.text.DefaultCaret.fireStateChanged(DefaultCaret.java:857) ~[?:?]
	at javax.swing.text.DefaultCaret.changeCaretPosition(DefaultCaret.java:1343) ~[?:?]
	at javax.swing.text.DefaultCaret.handleSetDot(DefaultCaret.java:1242) ~[?:?]
	at javax.swing.text.DefaultCaret.setDot(DefaultCaret.java:1223) ~[?:?]
	at javax.swing.text.DefaultCaret$Handler.insertUpdate(DefaultCaret.java:1819) ~[?:?]
	at javax.swing.text.AbstractDocument.fireInsertUpdate(AbstractDocument.java:227) ~[?:?]
	at javax.swing.text.AbstractDocument.handleInsertString(AbstractDocument.java:781) ~[?:?]
	at javax.swing.text.AbstractDocument.insertString(AbstractDocument.java:740) ~[?:?]
	at javax.swing.text.PlainDocument.insertString(PlainDocument.java:131) ~[?:?]
	at javax.swing.text.AbstractDocument.replace(AbstractDocument.java:699) ~[?:?]
	at javax.swing.text.JTextComponent.setText(JTextComponent.java:1725) ~[?:?]
	at com.st.microxplorer.plugins.projectmanager.gui.ProjectChoiceTab.createHeapStackFields(ProjectChoiceTab.java:975) ~[filemanager.jar:?]
	at com.st.microxplorer.plugins.projectmanager.gui.ProjectChoiceTab.buildLinkSettingsPanel(ProjectChoiceTab.java:3666) ~[filemanager.jar:?]
	at com.st.microxplorer.plugins.projectmanager.gui.ProjectChoiceTab.defineWindowsFields(ProjectChoiceTab.java:1934) ~[filemanager.jar:?]
	at com.st.microxplorer.plugins.projectmanager.gui.ProjectChoiceTab.updateSettings(ProjectChoiceTab.java:553) ~[filemanager.jar:?]
	at com.st.microxplorer.plugins.projectmanager.gui.ProjectSettingsPanel.UpdateDialog(ProjectSettingsPanel.java:245) ~[filemanager.jar:?]
	at com.st.microxplorer.plugins.projectmanager.ProjectManagerView.propertyChange(ProjectManagerView.java:391) ~[filemanager.jar:?]
	at java.beans.PropertyChangeSupport.fire(PropertyChangeSupport.java:343) ~[?:?]
	at java.beans.PropertyChangeSupport.firePropertyChange(PropertyChangeSupport.java:335) ~[?:?]
	at java.beans.PropertyChangeSupport.firePropertyChange(PropertyChangeSupport.java:268) ~[?:?]
	at com.st.microxplorer.util.MXPropertyChangeSupport.firePropertyChange(MXPropertyChangeSupport.java:54) ~[STM32CubeMX.jar:?]
	at com.st.microxplorer.mxsystem.MxSystem.closeConfig(MxSystem.java:899) ~[STM32CubeMX.jar:?]
	at com.st.microxplorer.maingui.MainPanel.closeConfig(MainPanel.java:789) ~[STM32CubeMX.jar:?]
	at com.st.microxplorer.plugins.filemanager.engine.OpenFileManager.loadConfigurationFile(OpenFileManager.java:265) ~[filemanager.jar:?]
	at com.st.microxplorer.plugins.filemanager.engine.MainFileManager.userLoadConfig(MainFileManager.java:340) ~[filemanager.jar:?]
	at com.st.microxplorer.plugins.filemanager.engine.MainFileManager.userLoadConfig(MainFileManager.java:318) ~[filemanager.jar:?]
	at com.st.microxplorer.plugins.filemanager.FileManagerView.getSpecificTask(FileManagerView.java:246) ~[filemanager.jar:?]
	at com.st.stm32cube.common.mx.editor.CubeMxEditor.getMxTabbedPaneInstance(CubeMxEditor.java:1198) ~[com.st.stm32cube.common.mx_6.13.0.202411220809/:?]
	at com.st.stm32cube.common.mx.editor.CubeMxEditor$12$1.createSwingComponent(CubeMxEditor.java:1068) ~[com.st.stm32cube.common.mx_6.13.0.202411220809/:?]
	at com.st.stm32cube.common.mx.oss.core.awtswtbridge.EmbeddedSwingComposite.doComponentCreation(EmbeddedSwingComposite.java:492) ~[com.st.stm32cube.common.mx.oss_6.13.0.202411220809/:?]
	at com.st.stm32cube.common.mx.oss.core.awtswtbridge.EmbeddedSwingComposite$4.run(EmbeddedSwingComposite.java:291) ~[com.st.stm32cube.common.mx.oss_6.13.0.202411220809/:?]
	at com.st.stm32cube.common.mx.oss.core.awtswtbridge.AwtEnvironment$2.run(AwtEnvironment.java:166) ~[com.st.stm32cube.common.mx.oss_6.13.0.202411220809/:?]
	at java.awt.event.InvocationEvent.dispatch(InvocationEvent.java:318) ~[?:?]
	at java.awt.EventQueue.dispatchEventImpl(EventQueue.java:773) ~[?:?]
	at java.awt.EventQueue$4.run(EventQueue.java:720) ~[?:?]
	at java.awt.EventQueue$4.run(EventQueue.java:714) ~[?:?]
	at java.security.AccessController.doPrivileged(AccessController.java:400) ~[?:?]
	at java.security.ProtectionDomain$JavaSecurityAccessImpl.doIntersectionPrivilege(ProtectionDomain.java:87) ~[?:?]
	at java.awt.EventQueue.dispatchEvent(EventQueue.java:742) ~[?:?]
	at java.awt.EventDispatchThread.pumpOneEventForFilters(EventDispatchThread.java:203) ~[?:?]
	at java.awt.EventDispatchThread.pumpEventsForFilter(EventDispatchThread.java:124) ~[?:?]
	at java.awt.EventDispatchThread.pumpEventsForHierarchy(EventDispatchThread.java:113) ~[?:?]
	at java.awt.EventDispatchThread.pumpEvents(EventDispatchThread.java:109) ~[?:?]
	at java.awt.EventDispatchThread.pumpEvents(EventDispatchThread.java:101) ~[?:?]
	at java.awt.EventDispatchThread.run(EventDispatchThread.java:90) ~[?:?]
2025-02-22 00:33:33,874 [WARN] ThirdParty:871 - waiting for thirdparty lock release [close project]
2025-02-22 00:33:33,875 [INFO] ThirdParty:873 - entering critical section [close project]
2025-02-22 00:33:33,875 [INFO] ThirdParty:883 - exiting critical section [close project]
2025-02-22 00:33:33,875 [INFO] PinOutPanel:1589 - setPackage(No Configuration,No Configuration)
2025-02-22 00:33:33,885 [INFO] UtilMem:75 - Begin LoadConfig() Used Memory: 595318936 Bytes (835715072)
2025-02-22 00:33:33,885 [INFO] MicroXplorer:468 - Change Database Path : 
2025-02-22 00:33:33,885 [INFO] MicroXplorer:498 - Change Database Version : DB.6.0.130
2025-02-22 00:33:33,886 [INFO] OpenFileManager:332 - Change cursor
2025-02-22 00:33:33,915 [INFO] RulesReader:64 - Compatibility file has been processed (297 Rules)
2025-02-22 00:33:33,922 [INFO] Mcu:2035 - Initializing MCU STM32F103C8Tx STM32F103C8Tx STM32F103C8T7TR
2025-02-22 00:33:34,729 [INFO] Context:748 - Trying to add GPIOservice into a context  which must be forbidden
2025-02-22 00:33:34,951 [INFO] ImportTextPane:218 - (OptionalMessage_ERROR) Unable to find key (Mcu.ThirdPartyNb) in loaded IOC file
2025-02-22 00:33:34,951 [INFO] ImportTextPane:218 - (OptionalMessage_ERROR) Unable to find key (Mcu.PinsNb) in loaded IOC file
2025-02-22 00:33:34,951 [INFO] ImportTextPane:218 - (OptionalMessage_ERROR) Unable to find key (Mcu.IPNb) in loaded IOC file
2025-02-22 00:33:34,993 [INFO] RtosManager:555 - Registered RTOS mode: class=CMSIS, group=RTOS, mode=CMSIS_V1, owner=FREERTOS
2025-02-22 00:33:34,993 [INFO] RtosManager:555 - Registered RTOS mode: class=CMSIS, group=RTOS2, mode=CMSIS_V2, owner=FREERTOS
2025-02-22 00:33:34,993 [INFO] RtosManager:555 - Registered RTOS mode: class=RTOS, group=Core, mode=CMSIS_V1, owner=FREERTOS
2025-02-22 00:33:34,993 [INFO] RtosManager:555 - Registered RTOS mode: class=RTOS, group=Core, mode=CMSIS_V2, owner=FREERTOS
2025-02-22 00:33:34,993 [WARN] ModelIntegratedComponent:184 - Missing modes for component STMicroelectronics:FreeRTOS:0.0.1:STMicroelectronics:RTOS:FreeRTOS:Core:::10.2.0:
2025-02-22 00:33:35,044 [WARN] ModelIntegratedComponent:63 - No mode defined for component null
2025-02-22 00:33:35,044 [WARN] ModelIntegratedComponent:63 - No mode defined for component null
2025-02-22 00:33:35,044 [WARN] ModelIntegratedComponent:63 - No mode defined for component null
2025-02-22 00:33:35,044 [WARN] ModelIntegratedComponent:63 - No mode defined for component null
2025-02-22 00:33:35,044 [WARN] ModelIntegratedComponent:63 - No mode defined for component null
2025-02-22 00:33:35,044 [WARN] ModelIntegratedComponent:63 - No mode defined for component null
2025-02-22 00:33:35,044 [WARN] ModelIntegratedComponent:63 - No mode defined for component null
2025-02-22 00:33:35,044 [WARN] ModelIntegratedComponent:63 - No mode defined for component null
2025-02-22 00:33:35,044 [WARN] ModelIntegratedComponent:63 - No mode defined for component null
2025-02-22 00:33:35,044 [WARN] ModelIntegratedComponent:63 - No mode defined for component null
2025-02-22 00:33:35,044 [WARN] ModelIntegratedComponent:63 - No mode defined for component null
2025-02-22 00:33:35,044 [WARN] ModelIntegratedComponent:63 - No mode defined for component null
2025-02-22 00:33:35,044 [WARN] ModelIntegratedComponent:63 - No mode defined for component null
2025-02-22 00:33:35,044 [WARN] ModelIntegratedComponent:63 - No mode defined for component null
2025-02-22 00:33:35,045 [WARN] ModelIntegratedComponent:63 - No mode defined for component null
2025-02-22 00:33:35,045 [WARN] ModelIntegratedComponent:63 - No mode defined for component null
2025-02-22 00:33:35,045 [WARN] ModelIntegratedComponent:63 - No mode defined for component null
2025-02-22 00:33:35,045 [WARN] ModelIntegratedComponent:63 - No mode defined for component null
2025-02-22 00:33:35,045 [WARN] ModelIntegratedComponent:63 - No mode defined for component null
2025-02-22 00:33:35,045 [WARN] ModelIntegratedComponent:63 - No mode defined for component null
2025-02-22 00:33:35,045 [WARN] ModelIntegratedComponent:63 - No mode defined for component null
2025-02-22 00:33:35,045 [WARN] ModelIntegratedComponent:63 - No mode defined for component null
2025-02-22 00:33:35,045 [WARN] ModelIntegratedComponent:63 - No mode defined for component null
2025-02-22 00:33:35,045 [WARN] ModelIntegratedComponent:63 - No mode defined for component null
2025-02-22 00:33:35,045 [WARN] ModelIntegratedComponent:63 - No mode defined for component null
2025-02-22 00:33:35,045 [WARN] ModelIntegratedComponent:63 - No mode defined for component null
2025-02-22 00:33:35,045 [WARN] ModelIntegratedComponent:63 - No mode defined for component null
2025-02-22 00:33:35,045 [WARN] ModelIntegratedComponent:63 - No mode defined for component null
2025-02-22 00:33:35,045 [WARN] ModelIntegratedComponent:63 - No mode defined for component null
2025-02-22 00:33:35,045 [WARN] ModelIntegratedComponent:63 - No mode defined for component null
2025-02-22 00:33:35,045 [WARN] ModelIntegratedComponent:63 - No mode defined for component null
2025-02-22 00:33:35,045 [WARN] ModelIntegratedComponent:63 - No mode defined for component null
2025-02-22 00:33:35,045 [WARN] ModelIntegratedComponent:63 - No mode defined for component null
2025-02-22 00:33:35,046 [WARN] ModelIntegratedComponent:63 - No mode defined for component null
2025-02-22 00:33:35,046 [WARN] ModelIntegratedComponent:63 - No mode defined for component null
2025-02-22 00:33:35,046 [WARN] ModelPack:524 - Component already loaded: STMicroelectronics:HAL Drivers:0.0.0:STMicroelectronics:Device:STMicro_Driver:XSPI:HAL::0.0.1:HAL_XSPI
2025-02-22 00:33:35,279 [INFO] ThirdPartyModel:298 - Start build external matchings
2025-02-22 00:33:35,886 [INFO] ThirdPartyModel:316 - End build external matchings
2025-02-22 00:33:36,111 [INFO] UtilMem:75 - End LoadConfig() Used Memory: 655444792 Bytes (835715072)
2025-02-22 00:33:36,236 [WARN] ThirdParty:833 - waiting for thirdparty lock release [change project]
2025-02-22 00:33:36,236 [INFO] ThirdParty:835 - entering critical section [change project]
2025-02-22 00:33:36,236 [INFO] ThirdParty:1030 - CMSIS Pack Vendor :STMicroelectronics USBPD 4.1
2025-02-22 00:33:36,236 [INFO] ThirdParty:1030 - CMSIS Pack Vendor :STMicroelectronics X-CUBE-AZRTOS-H7 3.3.0
2025-02-22 00:33:36,236 [INFO] ThirdParty:1030 - CMSIS Pack Vendor :STMicroelectronics X-CUBE-NFC9 1.0.0
2025-02-22 00:33:36,236 [INFO] ThirdParty:1030 - CMSIS Pack Vendor :STMicroelectronics USB_HOST 2.0.0
2025-02-22 00:33:36,236 [INFO] ThirdParty:1030 - CMSIS Pack Vendor :STMicroelectronics FP-SNS-MOTENVWB1 1.4.0
2025-02-22 00:33:36,236 [INFO] ThirdParty:1030 - CMSIS Pack Vendor :STMicroelectronics X-CUBE-AZRTOS-F4 1.1.0
2025-02-22 00:33:36,236 [INFO] ThirdParty:1030 - CMSIS Pack Vendor :STMicroelectronics LIBJPEG 8.0.0
2025-02-22 00:33:36,236 [INFO] ThirdParty:1030 - CMSIS Pack Vendor :STMicroelectronics FP-ATR-ASTRA1 2.0.1
2025-02-22 00:33:36,238 [INFO] ThirdParty:1030 - CMSIS Pack Vendor :STMicroelectronics X-CUBE-SMBUS 2.1.0
2025-02-22 00:33:36,238 [INFO] ThirdParty:1030 - CMSIS Pack Vendor :STMicroelectronics X-CUBE-WB05N 1.1.0
2025-02-22 00:33:36,238 [INFO] ThirdParty:1030 - CMSIS Pack Vendor :STMicroelectronics USB_DEVICE 3.0.0
2025-02-22 00:33:36,238 [INFO] ThirdParty:1030 - CMSIS Pack Vendor :STMicroelectronics X-CUBE-ISPU 2.1.0
2025-02-22 00:33:36,238 [INFO] ThirdParty:1030 - CMSIS Pack Vendor :STMicroelectronics X-CUBE-AZRTOS-WB 2.0.0
2025-02-22 00:33:36,238 [INFO] ThirdParty:1030 - CMSIS Pack Vendor :STMicroelectronics X-CUBE-GNSS1 7.0.1
2025-02-22 00:33:36,238 [INFO] ThirdParty:1030 - CMSIS Pack Vendor :STMicroelectronics X-CUBE-AZRTOS-F7 1.1.0
2025-02-22 00:33:36,238 [INFO] ThirdParty:1030 - CMSIS Pack Vendor :STMicroelectronics X-CUBE-AZRTOS-L5 2.0.0
2025-02-22 00:33:36,238 [INFO] ThirdParty:1030 - CMSIS Pack Vendor :STMicroelectronics USB_DEVICE 2.0.0
2025-02-22 00:33:36,238 [INFO] ThirdParty:1030 - CMSIS Pack Vendor :STMicroelectronics X-CUBE-NFC6 3.1.0
2025-02-22 00:33:36,238 [INFO] ThirdParty:1030 - CMSIS Pack Vendor :STMicroelectronics FP-SNS-STBOX1 2.0.0
2025-02-22 00:33:36,238 [INFO] ThirdParty:1030 - CMSIS Pack Vendor :STMicroelectronics FreeRTOS 0.0.1
2025-02-22 00:33:36,238 [INFO] ThirdParty:1030 - CMSIS Pack Vendor :STMicroelectronics X-CUBE-AZRTOS-G0 1.1.0
2025-02-22 00:33:36,238 [INFO] ThirdParty:1030 - CMSIS Pack Vendor :STMicroelectronics X-CUBE-SAFEA1 1.2.2
2025-02-22 00:33:36,238 [INFO] ThirdParty:1030 - CMSIS Pack Vendor :STMicroelectronics X-CUBE-NFC4 3.0.0
2025-02-22 00:33:36,238 [INFO] ThirdParty:1030 - CMSIS Pack Vendor :STMicroelectronics X-CUBE-DPower 1.2.0
2025-02-22 00:33:36,238 [INFO] ThirdParty:1030 - CMSIS Pack Vendor :STMicroelectronics X-CUBE-SUBG2 5.0.0
2025-02-22 00:33:36,238 [INFO] ThirdParty:1030 - CMSIS Pack Vendor :STMicroelectronics STM32_WPAN 1.0.0
2025-02-22 00:33:36,238 [INFO] ThirdParty:1030 - CMSIS Pack Vendor :EmbeddedOffice I-CUBE-FS-RTOS 1.0.1
2025-02-22 00:33:36,238 [INFO] ThirdParty:1030 - CMSIS Pack Vendor :STMicroelectronics lwIP 2.0.3
2025-02-22 00:33:36,238 [INFO] ThirdParty:1030 - CMSIS Pack Vendor :STMicroelectronics FP-SNS-FLIGHT1 5.0.2
2025-02-22 00:33:36,238 [INFO] ThirdParty:1030 - CMSIS Pack Vendor :Cesanta I-CUBE-Mongoose 7.13.0
2025-02-22 00:33:36,238 [INFO] ThirdParty:1030 - CMSIS Pack Vendor :STMicroelectronics USB_HOST 1.0.0
2025-02-22 00:33:36,238 [INFO] ThirdParty:1030 - CMSIS Pack Vendor :Infineon AIROC-Wi-Fi-Bluetooth-STM32 1.7.0
2025-02-22 00:33:36,238 [INFO] ThirdParty:1030 - CMSIS Pack Vendor :STMicroelectronics X-CUBE-AZRTOS-G4 2.0.0
2025-02-22 00:33:36,238 [INFO] ThirdParty:1030 - CMSIS Pack Vendor :STMicroelectronics PDM2PCM 3.1.0
2025-02-22 00:33:36,238 [INFO] ThirdParty:1030 - CMSIS Pack Vendor :STMicroelectronics PDM2PCM 3.3.0
2025-02-22 00:33:36,238 [INFO] ThirdParty:1030 - CMSIS Pack Vendor :STMicroelectronics X-CUBE-DISPLAY 3.0.0
2025-02-22 00:33:36,238 [INFO] ThirdParty:1030 - CMSIS Pack Vendor :STMicroelectronics X-CUBE-TCPP 4.2.0
2025-02-22 00:33:36,238 [INFO] ThirdParty:1030 - CMSIS Pack Vendor :RealThread X-CUBE-RT-Thread_Nano 4.1.1
2025-02-22 00:33:36,238 [INFO] ThirdParty:1030 - CMSIS Pack Vendor :STMicroelectronics X-CUBE-BLE1 7.0.0
2025-02-22 00:33:36,238 [INFO] ThirdParty:1030 - CMSIS Pack Vendor :STMicroelectronics FP-ATR-SIGFOX1 3.2.0
2025-02-22 00:33:36,238 [INFO] ThirdParty:1030 - CMSIS Pack Vendor :STMicroelectronics X-CUBE-NFC10 1.0.0
2025-02-22 00:33:36,238 [INFO] ThirdParty:1030 - CMSIS Pack Vendor :quantropi X-CUBE-qispace-sdk-base 1.9.3
2025-02-22 00:33:36,238 [INFO] ThirdParty:1030 - CMSIS Pack Vendor :STMicroelectronics X-CUBE-BLEMGR 4.0.0
2025-02-22 00:33:36,238 [INFO] ThirdParty:1030 - CMSIS Pack Vendor :STMicroelectronics X-CUBE-EEPRMA1 5.1.0
2025-02-22 00:33:36,238 [INFO] ThirdParty:1030 - CMSIS Pack Vendor :STMicroelectronics HAL Drivers 0.0.0
2025-02-22 00:33:36,238 [INFO] ThirdParty:1030 - CMSIS Pack Vendor :STMicroelectronics MBEDTLS 2.16.2
2025-02-22 00:33:36,238 [INFO] ThirdParty:1030 - CMSIS Pack Vendor :STMicroelectronics X-CUBE-IPS 3.1.0
2025-02-22 00:33:36,238 [INFO] ThirdParty:1030 - CMSIS Pack Vendor :STMicroelectronics X-CUBE-ALS 1.0.2
2025-02-22 00:33:36,238 [INFO] ThirdParty:1030 - CMSIS Pack Vendor :emotas I-CUBE-CANOPEN 1.3.0
2025-02-22 00:33:36,238 [INFO] ThirdParty:1030 - CMSIS Pack Vendor :STMicroelectronics X-CUBE-FREERTOS 1.3.0
2025-02-22 00:33:36,238 [INFO] ThirdParty:1030 - CMSIS Pack Vendor :STMicroelectronics X-CUBE-NFC7 1.0.1
2025-02-22 00:33:36,238 [INFO] ThirdParty:1030 - CMSIS Pack Vendor :STMicroelectronics MBEDTLS 2.14.1
2025-02-22 00:33:36,238 [INFO] ThirdParty:1030 - CMSIS Pack Vendor :wolfSSL I-CUBE-wolfSSL 5.7.6
2025-02-22 00:33:36,238 [INFO] ThirdParty:1030 - CMSIS Pack Vendor :ITTIA_DB I-CUBE-ITTIADB 8.9.0
2025-02-22 00:33:36,238 [INFO] ThirdParty:1030 - CMSIS Pack Vendor :STMicroelectronics X-CUBE-TOUCHGFX 4.24.2
2025-02-22 00:33:36,238 [INFO] ThirdParty:1030 - CMSIS Pack Vendor :wolfSSL I-CUBE-wolfTPM 3.4.0
2025-02-22 00:33:36,238 [INFO] ThirdParty:1030 - CMSIS Pack Vendor :portGmbH I-Cube-SoM-uGOAL 1.1.0
2025-02-22 00:33:36,238 [INFO] ThirdParty:1030 - CMSIS Pack Vendor :STMicroelectronics X-CUBE-AI 10.0.0
2025-02-22 00:33:36,238 [INFO] ThirdParty:1030 - CMSIS Pack Vendor :STMicroelectronics ThreadX 1.0.0
2025-02-22 00:33:36,238 [INFO] ThirdParty:1030 - CMSIS Pack Vendor :STMicroelectronics FP-SNS-SMARTAG2 1.2.0
2025-02-22 00:33:36,238 [INFO] ThirdParty:1030 - CMSIS Pack Vendor :STMicroelectronics X-CUBE-MEMS1 11.1.0
2025-02-22 00:33:36,238 [INFO] ThirdParty:1030 - CMSIS Pack Vendor :STMicroelectronics X-CUBE-AZRTOS-WL 2.0.0
2025-02-22 00:33:36,238 [INFO] ThirdParty:1030 - CMSIS Pack Vendor :SEGGER I-CUBE-embOS 1.3.1
2025-02-22 00:33:36,238 [INFO] ThirdParty:1030 - CMSIS Pack Vendor :STMicroelectronics X-CUBE-ALGOBUILD 1.4.0
2025-02-22 00:33:36,238 [INFO] ThirdParty:1030 - CMSIS Pack Vendor :STMicroelectronics FP-SNS-MOTENV1 5.0.0
2025-02-22 00:33:36,238 [INFO] ThirdParty:1030 - CMSIS Pack Vendor :STMicroelectronics USB_DEVICE 1.0.0
2025-02-22 00:33:36,240 [INFO] ThirdParty:1030 - CMSIS Pack Vendor :STMicroelectronics X-CUBE-AZRTOS-H7RS 1.0.0
2025-02-22 00:33:36,240 [INFO] ThirdParty:1030 - CMSIS Pack Vendor :wolfSSL I-CUBE-wolfMQTT 1.19.0
2025-02-22 00:33:36,240 [INFO] ThirdParty:1030 - CMSIS Pack Vendor :STMicroelectronics X-CUBE-AZRTOS-L4 2.0.0
2025-02-22 00:33:36,240 [INFO] ThirdParty:1030 - CMSIS Pack Vendor :STMicroelectronics ThreadX 0.0.2
2025-02-22 00:33:36,240 [INFO] ThirdParty:1030 - CMSIS Pack Vendor :WES I-CUBE-Cesium 1.3.0
2025-02-22 00:33:36,240 [INFO] ThirdParty:1030 - CMSIS Pack Vendor :STMicroelectronics lwIP 2.1.2
2025-02-22 00:33:36,240 [INFO] ThirdParty:1030 - CMSIS Pack Vendor :STMicroelectronics X-CUBE-SFXS2LP1 4.0.0
2025-02-22 00:33:36,240 [INFO] ThirdParty:1030 - CMSIS Pack Vendor :STMicroelectronics X-CUBE-BLE2 3.3.0
2025-02-22 00:33:36,240 [INFO] ThirdParty:1030 - CMSIS Pack Vendor :STMicroelectronics X-CUBE-TOF1 3.4.2
2025-02-22 00:33:36,240 [INFO] ThirdParty:1030 - CMSIS Pack Vendor :STMicroelectronics PDM2PCM 3.2.0
2025-02-22 00:33:36,240 [INFO] ThirdParty:1030 - CMSIS Pack Vendor :wolfSSL I-CUBE-wolfSSH 1.4.17
2025-02-22 00:33:36,240 [INFO] ThirdParty:841 - exiting critical section [change project]
2025-02-22 00:33:36,407 [INFO] PinOutPanel:1589 - setPackage(No Configuration,No Configuration)
2025-02-22 00:33:36,409 [INFO] PinOutPanel:1589 - setPackage(STM32F103C8Tx,LQFP48)
2025-02-22 00:33:36,845 [INFO] UtilMem:75 - Before build in PCC Used Memory: 276479048 Bytes (835715072)
2025-02-22 00:33:37,198 [INFO] UtilMem:75 - After build in PCC Used Memory: 319470664 Bytes (835715072)
2025-02-22 00:33:37,217 [INFO] IPUIPlugin:80 - create IPUIPlugin
2025-02-22 00:33:37,217 [INFO] IPUIPlugin:80 - create IPUIPlugin
2025-02-22 00:33:37,217 [INFO] IPUIPlugin:80 - create IPUIPlugin
2025-02-22 00:33:37,217 [INFO] IPUIPlugin:80 - create IPUIPlugin
2025-02-22 00:33:37,217 [INFO] IPUIPlugin:80 - create IPUIPlugin
2025-02-22 00:33:37,217 [INFO] IPUIPlugin:80 - create IPUIPlugin
2025-02-22 00:33:37,217 [INFO] IPUIPlugin:80 - create IPUIPlugin
2025-02-22 00:33:37,217 [INFO] IPUIPlugin:80 - create IPUIPlugin
2025-02-22 00:33:37,217 [INFO] IPUIPlugin:80 - create IPUIPlugin
2025-02-22 00:33:37,219 [INFO] IPUIPlugin:80 - create IPUIPlugin
2025-02-22 00:33:37,219 [INFO] IPUIPlugin:80 - create IPUIPlugin
2025-02-22 00:33:37,219 [INFO] IPUIPlugin:80 - create IPUIPlugin
2025-02-22 00:33:37,219 [INFO] IPUIPlugin:80 - create IPUIPlugin
2025-02-22 00:33:37,219 [INFO] IPUIPlugin:80 - create IPUIPlugin
2025-02-22 00:33:37,219 [INFO] IPUIPlugin:80 - create IPUIPlugin
2025-02-22 00:33:37,219 [INFO] IPUIPlugin:80 - create IPUIPlugin
2025-02-22 00:33:37,220 [INFO] IPUIPlugin:80 - create IPUIPlugin
2025-02-22 00:33:37,220 [INFO] IPUIPlugin:80 - create IPUIPlugin
2025-02-22 00:33:37,220 [INFO] IPUIPlugin:80 - create IPUIPlugin
2025-02-22 00:33:37,220 [INFO] IPUIPlugin:80 - create IPUIPlugin
2025-02-22 00:33:37,220 [INFO] IPUIPlugin:80 - create IPUIPlugin
2025-02-22 00:33:37,220 [INFO] IPUIPlugin:80 - create IPUIPlugin
2025-02-22 00:33:37,221 [INFO] IPUIPlugin:80 - create IPUIPlugin
2025-02-22 00:33:37,221 [INFO] IPUIPlugin:80 - create IPUIPlugin
2025-02-22 00:33:37,221 [INFO] IPUIPlugin:80 - create IPUIPlugin
2025-02-22 00:33:37,221 [INFO] IPUIPlugin:80 - create IPUIPlugin
2025-02-22 00:33:37,221 [INFO] IPUIPlugin:80 - create IPUIPlugin
2025-02-22 00:33:37,264 [INFO] CADModel:165 - CPN selected for project levelSTM32F103C8T7TR
2025-02-22 00:33:37,265 [INFO] CADModel:114 - Register for checkConnection events
2025-02-22 00:33:37,315 [INFO] OpenFileManager:363 - Restore cursor
2025-02-22 00:33:37,894 [INFO] UtilMem:75 - End SaveConfig() Used Memory: 381336648 Bytes (835715072)
2025-02-22 00:33:37,973 [INFO] UtilMem:75 - End SaveConfig() Used Memory: 396016712 Bytes (835715072)
2025-02-22 00:33:38,122 [INFO] BlockDiagram:2766 - set Specific Code input for plugin: NVIC
2025-02-22 00:33:38,123 [INFO] BlockDiagram:2766 - set Specific Code input for plugin: RCC
2025-02-22 00:33:38,123 [INFO] CodeGenerator:896 - code generatio: config db path: D:\STM32CubeIDE_1.17.0\STM32CubeIDE\plugins\com.st.stm32cube.common.mx_6.13.0.202411220809\\db\
2025-02-22 00:33:38,214 [INFO] CodeEngine:255 - oldGeneratedFile, D:\stm32_cube\May_bom_2_Mode\MXTmpFiles\license.tmp_save
2025-02-22 00:33:38,404 [INFO] CodeEngine:279 - Generated code: D:\stm32_cube\May_bom_2_Mode\MXTmpFiles\license.tmp
2025-02-22 00:33:38,416 [INFO] CodeEngine:255 - oldGeneratedFile, D:\stm32_cube\May_bom_2_Mode\Core\Src\stm32f1xx_it.c_save
2025-02-22 00:33:38,739 [INFO] CodeEngine:279 - Generated code: D:\stm32_cube\May_bom_2_Mode\Core\Src\stm32f1xx_it.c
2025-02-22 00:33:38,795 [INFO] CodeEngine:255 - oldGeneratedFile, D:\stm32_cube\May_bom_2_Mode\Core\Inc\stm32f1xx_it.h_save
2025-02-22 00:33:38,888 [INFO] CodeEngine:279 - Generated code: D:\stm32_cube\May_bom_2_Mode\Core\Inc\stm32f1xx_it.h
2025-02-22 00:33:38,917 [INFO] CodeEngine:255 - oldGeneratedFile, D:\stm32_cube\May_bom_2_Mode\Core\Src\stm32f1xx_hal_msp.c_save
2025-02-22 00:33:39,043 [INFO] CodeEngine:279 - Generated code: D:\stm32_cube\May_bom_2_Mode\Core\Src\stm32f1xx_hal_msp.c
2025-02-22 00:33:39,047 [INFO] CodeEngine:255 - oldGeneratedFile, D:\stm32_cube\May_bom_2_Mode\MXTmpFiles\system.tmp_save
2025-02-22 00:33:39,110 [INFO] CodeEngine:279 - Generated code: D:\stm32_cube\May_bom_2_Mode\MXTmpFiles\system.tmp
2025-02-22 00:33:39,119 [INFO] CodeEngine:311 - oldGeneratedFile, D:\stm32_cube\May_bom_2_Mode\Core\Inc\stm32f1xx_hal_conf.h_save
2025-02-22 00:33:39,271 [INFO] CodeEngine:335 - Generated code: D:\stm32_cube\May_bom_2_Mode\Core\Inc\stm32f1xx_hal_conf.h
2025-02-22 00:33:39,300 [INFO] ApiDbMcu:508 - Load IP Config File for RCC
2025-02-22 00:33:39,307 [INFO] CodeEngine:255 - oldGeneratedFile, D:\stm32_cube\May_bom_2_Mode\Core\Inc\main.h_save
2025-02-22 00:33:39,419 [INFO] CodeEngine:279 - Generated code: D:\stm32_cube\May_bom_2_Mode\Core\Inc\main.h
2025-02-22 00:33:39,420 [INFO] CodeEngine:255 - oldGeneratedFile, D:\stm32_cube\May_bom_2_Mode\Core\Src\main.c_save
2025-02-22 00:33:39,547 [INFO] CodeEngine:279 - Generated code: D:\stm32_cube\May_bom_2_Mode\Core\Src\main.c
2025-02-22 00:33:40,140 [INFO] ProjectBuilder:3289 - Time for Copy HAL[1] : 286mS.
2025-02-22 00:33:40,146 [INFO] ProjectBuilder:4876 - Project Generator version: 4.5.0-RC5
2025-02-22 00:33:40,276 [INFO] ConfigFileManager:1579 - The Die is : DIE410
2025-02-22 00:33:40,279 [INFO] ApiDbMcu:508 - Load IP Config File for FATFS
2025-02-22 00:33:40,285 [INFO] ApiDbMcu:508 - Load IP Config File for FREERTOS
2025-02-22 00:33:40,292 [INFO] ApiDbMcu:508 - Load IP Config File for USB_DEVICE
2025-02-22 00:33:42,819 [INFO] ProjectBuilder:5154 - Time for Generating toolchain IDE Files: 2673mS.
2025-02-22 00:33:42,819 [INFO] ProjectBuilder:3146 - Time for Copy CMSIS : 0mS.
2025-02-22 00:33:42,822 [INFO] ProjectBuilder:3146 - Time for Copy CMSIS : 0mS.
2025-02-22 00:33:43,384 [INFO] McuFinderGlobals:76 - Set McuFinderConnectedMode to true
2025-02-22 00:33:43,386 [INFO] ApiDb:448 - Save user favorites file C:\Users\84369/.stm32cubeide/favorites.mcus.txt: 4 item(s)
2025-02-22 00:33:43,386 [INFO] ApiDb:452 - User favorites MCUs=[STM32F103C6T7ATR, STM32F103C8T6, STM32F103C8T6TR, STM32F103C8T7TR]
2025-02-22 00:34:01,013 [WARN] IP:2251 - I2C_Coeff_DF not found: check if there is a RefParameter without a condition.
2025-02-22 00:34:01,015 [WARN] IP:2251 - Analog_Filter not found: check if there is a RefParameter without a condition.
2025-02-22 00:34:01,026 [WARN] IP:2251 - I2C_Coeff_DF not found: check if there is a RefParameter without a condition.
2025-02-22 00:34:01,026 [WARN] IP:2251 - Analog_Filter not found: check if there is a RefParameter without a condition.
2025-02-22 00:34:01,026 [WARN] IP:2251 - I2C_Coeff_DF not found: check if there is a RefParameter without a condition.
2025-02-22 00:34:01,026 [WARN] IP:2251 - Analog_Filter not found: check if there is a RefParameter without a condition.
2025-02-22 00:34:01,073 [WARN] IP:2251 - I2C_Coeff_DF not found: check if there is a RefParameter without a condition.
2025-02-22 00:34:01,073 [WARN] IP:2251 - Analog_Filter not found: check if there is a RefParameter without a condition.
2025-02-22 00:34:01,075 [WARN] IP:2251 - I2C_Coeff_DF not found: check if there is a RefParameter without a condition.
2025-02-22 00:34:01,075 [WARN] IP:2251 - Analog_Filter not found: check if there is a RefParameter without a condition.
2025-02-22 00:34:57,328 [WARN] IP:2251 - I2C_Coeff_DF not found: check if there is a RefParameter without a condition.
2025-02-22 00:34:57,329 [WARN] IP:2251 - Analog_Filter not found: check if there is a RefParameter without a condition.
2025-02-22 00:34:57,329 [WARN] IP:2251 - I2C_Coeff_DF not found: check if there is a RefParameter without a condition.
2025-02-22 00:34:57,329 [WARN] IP:2251 - Analog_Filter not found: check if there is a RefParameter without a condition.
2025-02-22 00:34:57,343 [WARN] IP:2251 - I2C_Coeff_DF not found: check if there is a RefParameter without a condition.
2025-02-22 00:34:57,343 [WARN] IP:2251 - Analog_Filter not found: check if there is a RefParameter without a condition.
2025-02-22 00:34:57,356 [WARN] IP:2251 - I2C_Coeff_DF not found: check if there is a RefParameter without a condition.
2025-02-22 00:34:57,356 [WARN] IP:2251 - Analog_Filter not found: check if there is a RefParameter without a condition.
2025-02-22 00:35:12,400 [WARN] IP:2251 - I2C_Coeff_DF not found: check if there is a RefParameter without a condition.
2025-02-22 00:35:12,400 [WARN] IP:2251 - Analog_Filter not found: check if there is a RefParameter without a condition.
2025-02-22 00:35:12,400 [WARN] IP:2251 - I2C_Coeff_DF not found: check if there is a RefParameter without a condition.
2025-02-22 00:35:12,400 [WARN] IP:2251 - Analog_Filter not found: check if there is a RefParameter without a condition.
2025-02-22 00:35:12,414 [WARN] IP:2251 - I2C_Coeff_DF not found: check if there is a RefParameter without a condition.
2025-02-22 00:35:12,415 [WARN] IP:2251 - Analog_Filter not found: check if there is a RefParameter without a condition.
2025-02-22 00:35:12,427 [WARN] IP:2251 - I2C_Coeff_DF not found: check if there is a RefParameter without a condition.
2025-02-22 00:35:12,427 [WARN] IP:2251 - Analog_Filter not found: check if there is a RefParameter without a condition.
2025-02-22 00:35:25,967 [INFO] Gpio:277 - dependency for GPIO [I2C1, SYS, TIM1]
2025-02-22 00:35:54,146 [INFO] Gpio:277 - dependency for GPIO [I2C1, SYS, TIM1]
2025-02-22 00:35:54,274 [WARN] IP:2251 - I2C_Coeff_DF not found: check if there is a RefParameter without a condition.
2025-02-22 00:35:54,275 [WARN] IP:2251 - Analog_Filter not found: check if there is a RefParameter without a condition.
2025-02-22 00:35:54,277 [WARN] IP:2251 - I2C_Coeff_DF not found: check if there is a RefParameter without a condition.
2025-02-22 00:35:54,277 [WARN] IP:2251 - Analog_Filter not found: check if there is a RefParameter without a condition.
2025-02-22 00:35:54,305 [WARN] IP:2251 - I2C_Coeff_DF not found: check if there is a RefParameter without a condition.
2025-02-22 00:35:54,305 [WARN] IP:2251 - Analog_Filter not found: check if there is a RefParameter without a condition.
2025-02-22 00:35:54,332 [WARN] IP:2251 - I2C_Coeff_DF not found: check if there is a RefParameter without a condition.
2025-02-22 00:35:54,332 [WARN] IP:2251 - Analog_Filter not found: check if there is a RefParameter without a condition.
2025-02-22 00:35:54,358 [INFO] Gpio:277 - dependency for GPIO [I2C1, SYS, TIM1]
2025-02-22 00:36:01,297 [INFO] Gpio:277 - dependency for GPIO [I2C1, SYS, TIM1]
2025-02-22 00:36:35,584 [WARN] IP:2251 - I2C_Coeff_DF not found: check if there is a RefParameter without a condition.
2025-02-22 00:36:35,584 [WARN] IP:2251 - Analog_Filter not found: check if there is a RefParameter without a condition.
2025-02-22 00:36:35,585 [WARN] IP:2251 - I2C_Coeff_DF not found: check if there is a RefParameter without a condition.
2025-02-22 00:36:35,585 [WARN] IP:2251 - Analog_Filter not found: check if there is a RefParameter without a condition.
2025-02-22 00:36:35,595 [WARN] IP:2251 - I2C_Coeff_DF not found: check if there is a RefParameter without a condition.
2025-02-22 00:36:35,595 [WARN] IP:2251 - Analog_Filter not found: check if there is a RefParameter without a condition.
2025-02-22 00:36:35,608 [WARN] IP:2251 - I2C_Coeff_DF not found: check if there is a RefParameter without a condition.
2025-02-22 00:36:35,608 [WARN] IP:2251 - Analog_Filter not found: check if there is a RefParameter without a condition.
2025-02-22 00:40:36,415 [INFO] NvicIntPanel:101 - NVIC parent = com.st.microxplorer.plugins.ip.nvic.MultiNvicIntPanel[,0,0,0x0,invalid,layout=javax.swing.BoxLayout,alignmentX=0.0,alignmentY=0.0,border=,flags=9,maximumSize=,minimumSize=,preferredSize=]
2025-02-22 00:41:11,866 [INFO] UtilMem:75 - End SaveConfig() Used Memory: 306930896 Bytes (835715072)
2025-02-22 00:41:13,185 [INFO] UtilMem:75 - End SaveConfig() Used Memory: 337425480 Bytes (835715072)
2025-02-22 00:41:16,412 [INFO] UtilMem:75 - End SaveConfig() Used Memory: 421736856 Bytes (835715072)
2025-02-22 00:41:16,952 [INFO] BlockDiagram:2766 - set Specific Code input for plugin: NVIC
2025-02-22 00:41:16,952 [INFO] BlockDiagram:2766 - set Specific Code input for plugin: TIM1_8F1
2025-02-22 00:41:16,952 [INFO] BlockDiagram:2766 - set Specific Code input for plugin: TIM1_8F1
2025-02-22 00:41:16,952 [INFO] BlockDiagram:2766 - set Specific Code input for plugin: SYS
2025-02-22 00:41:16,953 [INFO] BlockDiagram:2766 - set Specific Code input for plugin: GPIO
2025-02-22 00:41:16,953 [INFO] BlockDiagram:2766 - set Specific Code input for plugin: RCC
2025-02-22 00:41:16,953 [INFO] BlockDiagram:2766 - set Specific Code input for plugin: I2C
2025-02-22 00:41:16,953 [INFO] CodeGenerator:896 - code generatio: config db path: D:\STM32CubeIDE_1.17.0\STM32CubeIDE\plugins\com.st.stm32cube.common.mx_6.13.0.202411220809\\db\
2025-02-22 00:41:16,955 [WARN] IP:2251 - I2C_Coeff_DF not found: check if there is a RefParameter without a condition.
2025-02-22 00:41:16,955 [WARN] IP:2251 - Analog_Filter not found: check if there is a RefParameter without a condition.
2025-02-22 00:41:17,109 [INFO] CodeEngine:255 - oldGeneratedFile, D:\stm32_cube\May_bom_2_Mode\MXTmpFiles\license.tmp_save
2025-02-22 00:41:17,368 [INFO] CodeEngine:279 - Generated code: D:\stm32_cube\May_bom_2_Mode\MXTmpFiles\license.tmp
2025-02-22 00:41:17,468 [INFO] CodeEngine:255 - oldGeneratedFile, D:\stm32_cube\May_bom_2_Mode\MXTmpFiles\gpio.tmp_save
2025-02-22 00:41:17,717 [INFO] CodeEngine:279 - Generated code: D:\stm32_cube\May_bom_2_Mode\MXTmpFiles\gpio.tmp
2025-02-22 00:41:17,976 [INFO] CodeEngine:255 - oldGeneratedFile, D:\stm32_cube\May_bom_2_Mode\Core\Src\stm32f1xx_it.c_save
2025-02-22 00:41:18,312 [INFO] CodeEngine:279 - Generated code: D:\stm32_cube\May_bom_2_Mode\Core\Src\stm32f1xx_it.c
2025-02-22 00:41:18,318 [INFO] CodeEngine:255 - oldGeneratedFile, D:\stm32_cube\May_bom_2_Mode\Core\Inc\stm32f1xx_it.h_save
2025-02-22 00:41:18,447 [INFO] CodeEngine:279 - Generated code: D:\stm32_cube\May_bom_2_Mode\Core\Inc\stm32f1xx_it.h
2025-02-22 00:41:18,482 [INFO] CodeEngine:255 - oldGeneratedFile, D:\stm32_cube\May_bom_2_Mode\Core\Src\stm32f1xx_hal_msp.c_save
2025-02-22 00:41:18,770 [INFO] CodeEngine:279 - Generated code: D:\stm32_cube\May_bom_2_Mode\Core\Src\stm32f1xx_hal_msp.c
2025-02-22 00:41:18,778 [INFO] CodeEngine:255 - oldGeneratedFile, D:\stm32_cube\May_bom_2_Mode\MXTmpFiles\system.tmp_save
2025-02-22 00:41:18,856 [INFO] CodeEngine:279 - Generated code: D:\stm32_cube\May_bom_2_Mode\MXTmpFiles\system.tmp
2025-02-22 00:41:18,886 [INFO] CodeEngine:311 - oldGeneratedFile, D:\stm32_cube\May_bom_2_Mode\Core\Inc\stm32f1xx_hal_conf.h_save
2025-02-22 00:41:19,052 [INFO] CodeEngine:335 - Generated code: D:\stm32_cube\May_bom_2_Mode\Core\Inc\stm32f1xx_hal_conf.h
2025-02-22 00:41:19,106 [INFO] ApiDbMcu:508 - Load IP Config File for I2C1
2025-02-22 00:41:19,125 [INFO] ApiDbMcu:508 - Load IP Config File for TIM1
2025-02-22 00:41:19,138 [INFO] ApiDbMcu:508 - Load IP Config File for TIM3
2025-02-22 00:41:19,139 [WARN] IPConfigManager:3618 - IP not found : TIM
2025-02-22 00:41:19,140 [WARN] CodeGenerator:4152 - IP not found : null
2025-02-22 00:41:19,172 [INFO] CodeEngine:255 - oldGeneratedFile, D:\stm32_cube\May_bom_2_Mode\Core\Inc\main.h_save
2025-02-22 00:41:19,325 [INFO] CodeEngine:279 - Generated code: D:\stm32_cube\May_bom_2_Mode\Core\Inc\main.h
2025-02-22 00:41:19,353 [INFO] CodeEngine:255 - oldGeneratedFile, D:\stm32_cube\May_bom_2_Mode\Core\Src\main.c_save
2025-02-22 00:41:19,556 [INFO] CodeEngine:279 - Generated code: D:\stm32_cube\May_bom_2_Mode\Core\Src\main.c
2025-02-22 00:41:19,955 [INFO] ProjectBuilder:3289 - Time for Copy HAL[1] : 182mS.
2025-02-22 00:41:19,959 [INFO] ProjectBuilder:4876 - Project Generator version: 4.5.0-RC5
2025-02-22 00:41:20,099 [INFO] ConfigFileManager:1579 - The Die is : DIE410
2025-02-22 00:41:21,768 [INFO] ProjectBuilder:5154 - Time for Generating toolchain IDE Files: 1809mS.
2025-02-22 00:41:21,770 [INFO] ProjectBuilder:3146 - Time for Copy CMSIS : 2mS.
2025-02-22 00:41:21,772 [INFO] ProjectBuilder:3146 - Time for Copy CMSIS : 0mS.
