2025-03-07 00:02:27,477 [INFO] Gpio:277 - dependency for GPIO [I2C1, SYS, TIM1, TIM2]
2025-03-07 08:39:49,549 [INFO] WebApp:190 - Connection lost
2025-03-07 08:39:49,679 [INFO] WebApp:187 - Connection restablished
2025-03-07 09:15:34,492 [INFO] Gpio:277 - dependency for GPIO [I2C1, SYS, TIM1, TIM2]
2025-03-07 09:15:34,613 [INFO] NvicIntPanel:101 - NVIC parent = com.st.microxplorer.plugins.ip.nvic.MultiNvicIntPanel[,0,0,0x0,invalid,layout=javax.swing.BoxLayout,alignmentX=0.0,alignmentY=0.0,border=,flags=9,maximumSize=,minimumSize=,preferredSize=]
2025-03-07 09:15:34,704 [INFO] Gpio:277 - dependency for GPIO [I2C1, SYS, TIM1, TIM2]
2025-03-07 09:15:34,762 [INFO] NvicIntPanel:101 - NVIC parent = com.st.microxplorer.plugins.ip.nvic.MultiNvicIntPanel[,0,0,0x0,invalid,layout=javax.swing.BoxLayout,alignmentX=0.0,alignmentY=0.0,border=,flags=9,maximumSize=,minimumSize=,preferredSize=]
2025-03-07 09:15:34,913 [WARN] IP:2251 - I2C_Coeff_DF not found: check if there is a RefParameter without a condition.
2025-03-07 09:15:34,914 [WARN] IP:2251 - Analog_Filter not found: check if there is a RefParameter without a condition.
2025-03-07 09:15:34,915 [WARN] IP:2251 - I2C_Coeff_DF not found: check if there is a RefParameter without a condition.
2025-03-07 09:15:34,916 [WARN] IP:2251 - Analog_Filter not found: check if there is a RefParameter without a condition.
2025-03-07 09:15:34,963 [WARN] IP:2251 - I2C_Coeff_DF not found: check if there is a RefParameter without a condition.
2025-03-07 09:15:34,964 [WARN] IP:2251 - Analog_Filter not found: check if there is a RefParameter without a condition.
2025-03-07 09:15:35,005 [WARN] IP:2251 - I2C_Coeff_DF not found: check if there is a RefParameter without a condition.
2025-03-07 09:15:35,007 [WARN] IP:2251 - Analog_Filter not found: check if there is a RefParameter without a condition.
2025-03-07 09:15:35,030 [INFO] Gpio:277 - dependency for GPIO [I2C1, SYS, TIM1, TIM2]
2025-03-07 09:15:35,089 [INFO] NvicIntPanel:101 - NVIC parent = com.st.microxplorer.plugins.ip.nvic.MultiNvicIntPanel[,0,0,0x0,invalid,layout=javax.swing.BoxLayout,alignmentX=0.0,alignmentY=0.0,border=,flags=9,maximumSize=,minimumSize=,preferredSize=]
2025-03-07 09:15:59,435 [INFO] Gpio:277 - dependency for GPIO [I2C1, SYS, TIM1]
2025-03-07 09:15:59,488 [INFO] NvicIntPanel:101 - NVIC parent = com.st.microxplorer.plugins.ip.nvic.MultiNvicIntPanel[,0,0,0x0,invalid,layout=javax.swing.BoxLayout,alignmentX=0.0,alignmentY=0.0,border=,flags=9,maximumSize=,minimumSize=,preferredSize=]
2025-03-07 09:15:59,590 [INFO] Gpio:277 - dependency for GPIO [I2C1, SYS, TIM1]
2025-03-07 09:15:59,637 [INFO] NvicIntPanel:101 - NVIC parent = com.st.microxplorer.plugins.ip.nvic.MultiNvicIntPanel[,0,0,0x0,invalid,layout=javax.swing.BoxLayout,alignmentX=0.0,alignmentY=0.0,border=,flags=9,maximumSize=,minimumSize=,preferredSize=]
2025-03-07 09:16:01,318 [INFO] Gpio:277 - dependency for GPIO [I2C1, SYS]
2025-03-07 09:16:01,391 [INFO] NvicIntPanel:101 - NVIC parent = com.st.microxplorer.plugins.ip.nvic.MultiNvicIntPanel[,0,0,0x0,invalid,layout=javax.swing.BoxLayout,alignmentX=0.0,alignmentY=0.0,border=,flags=9,maximumSize=,minimumSize=,preferredSize=]
2025-03-07 09:16:01,495 [INFO] Gpio:277 - dependency for GPIO [I2C1, SYS]
2025-03-07 09:16:01,535 [INFO] NvicIntPanel:101 - NVIC parent = com.st.microxplorer.plugins.ip.nvic.MultiNvicIntPanel[,0,0,0x0,invalid,layout=javax.swing.BoxLayout,alignmentX=0.0,alignmentY=0.0,border=,flags=9,maximumSize=,minimumSize=,preferredSize=]
2025-03-07 09:16:03,540 [INFO] Gpio:277 - dependency for GPIO [I2C1, SYS]
2025-03-07 09:16:03,587 [INFO] NvicIntPanel:101 - NVIC parent = com.st.microxplorer.plugins.ip.nvic.MultiNvicIntPanel[,0,0,0x0,invalid,layout=javax.swing.BoxLayout,alignmentX=0.0,alignmentY=0.0,border=,flags=9,maximumSize=,minimumSize=,preferredSize=]
2025-03-07 09:16:03,654 [WARN] IP:2251 - I2C_Coeff_DF not found: check if there is a RefParameter without a condition.
2025-03-07 09:16:03,655 [WARN] IP:2251 - Analog_Filter not found: check if there is a RefParameter without a condition.
2025-03-07 09:16:03,655 [WARN] IP:2251 - I2C_Coeff_DF not found: check if there is a RefParameter without a condition.
2025-03-07 09:16:03,656 [WARN] IP:2251 - Analog_Filter not found: check if there is a RefParameter without a condition.
2025-03-07 09:16:03,676 [WARN] IP:2251 - I2C_Coeff_DF not found: check if there is a RefParameter without a condition.
2025-03-07 09:16:03,676 [WARN] IP:2251 - Analog_Filter not found: check if there is a RefParameter without a condition.
2025-03-07 09:16:03,691 [WARN] IP:2251 - I2C_Coeff_DF not found: check if there is a RefParameter without a condition.
2025-03-07 09:16:03,691 [WARN] IP:2251 - Analog_Filter not found: check if there is a RefParameter without a condition.
2025-03-07 09:16:03,710 [INFO] Gpio:277 - dependency for GPIO [I2C1, SYS]
2025-03-07 09:16:03,758 [INFO] NvicIntPanel:101 - NVIC parent = com.st.microxplorer.plugins.ip.nvic.MultiNvicIntPanel[,0,0,0x0,invalid,layout=javax.swing.BoxLayout,alignmentX=0.0,alignmentY=0.0,border=,flags=9,maximumSize=,minimumSize=,preferredSize=]
2025-03-07 09:16:05,111 [INFO] Gpio:277 - dependency for GPIO [I2C1, SYS]
2025-03-07 09:16:05,150 [INFO] NvicIntPanel:101 - NVIC parent = com.st.microxplorer.plugins.ip.nvic.MultiNvicIntPanel[,0,0,0x0,invalid,layout=javax.swing.BoxLayout,alignmentX=0.0,alignmentY=0.0,border=,flags=9,maximumSize=,minimumSize=,preferredSize=]
2025-03-07 09:16:05,218 [WARN] IP:2251 - I2C_Coeff_DF not found: check if there is a RefParameter without a condition.
2025-03-07 09:16:05,218 [WARN] IP:2251 - Analog_Filter not found: check if there is a RefParameter without a condition.
2025-03-07 09:16:05,219 [WARN] IP:2251 - I2C_Coeff_DF not found: check if there is a RefParameter without a condition.
2025-03-07 09:16:05,219 [WARN] IP:2251 - Analog_Filter not found: check if there is a RefParameter without a condition.
2025-03-07 09:16:05,253 [WARN] IP:2251 - I2C_Coeff_DF not found: check if there is a RefParameter without a condition.
2025-03-07 09:16:05,253 [WARN] IP:2251 - Analog_Filter not found: check if there is a RefParameter without a condition.
2025-03-07 09:16:05,270 [WARN] IP:2251 - I2C_Coeff_DF not found: check if there is a RefParameter without a condition.
2025-03-07 09:16:05,270 [WARN] IP:2251 - Analog_Filter not found: check if there is a RefParameter without a condition.
2025-03-07 09:16:05,288 [INFO] Gpio:277 - dependency for GPIO [I2C1, SYS]
2025-03-07 09:16:05,328 [INFO] NvicIntPanel:101 - NVIC parent = com.st.microxplorer.plugins.ip.nvic.MultiNvicIntPanel[,0,0,0x0,invalid,layout=javax.swing.BoxLayout,alignmentX=0.0,alignmentY=0.0,border=,flags=9,maximumSize=,minimumSize=,preferredSize=]
2025-03-07 09:16:06,721 [WARN] IP:2251 - I2C_Coeff_DF not found: check if there is a RefParameter without a condition.
2025-03-07 09:16:06,721 [WARN] IP:2251 - Analog_Filter not found: check if there is a RefParameter without a condition.
2025-03-07 09:16:06,721 [WARN] IP:2251 - I2C_Coeff_DF not found: check if there is a RefParameter without a condition.
2025-03-07 09:16:06,721 [WARN] IP:2251 - Analog_Filter not found: check if there is a RefParameter without a condition.
2025-03-07 09:16:06,735 [WARN] IP:2251 - I2C_Coeff_DF not found: check if there is a RefParameter without a condition.
2025-03-07 09:16:06,735 [WARN] IP:2251 - Analog_Filter not found: check if there is a RefParameter without a condition.
2025-03-07 09:16:06,744 [WARN] IP:2251 - I2C_Coeff_DF not found: check if there is a RefParameter without a condition.
2025-03-07 09:16:06,744 [WARN] IP:2251 - Analog_Filter not found: check if there is a RefParameter without a condition.
2025-03-07 09:16:06,770 [INFO] Gpio:277 - dependency for GPIO [I2C1, SYS]
2025-03-07 09:16:22,427 [WARN] IP:2251 - I2C_Coeff_DF not found: check if there is a RefParameter without a condition.
2025-03-07 09:16:22,427 [WARN] IP:2251 - Analog_Filter not found: check if there is a RefParameter without a condition.
2025-03-07 09:16:22,429 [WARN] IP:2251 - I2C_Coeff_DF not found: check if there is a RefParameter without a condition.
2025-03-07 09:16:22,429 [WARN] IP:2251 - Analog_Filter not found: check if there is a RefParameter without a condition.
2025-03-07 09:16:22,446 [WARN] IP:2251 - I2C_Coeff_DF not found: check if there is a RefParameter without a condition.
2025-03-07 09:16:22,446 [WARN] IP:2251 - Analog_Filter not found: check if there is a RefParameter without a condition.
2025-03-07 09:16:22,461 [WARN] IP:2251 - I2C_Coeff_DF not found: check if there is a RefParameter without a condition.
2025-03-07 09:16:22,461 [WARN] IP:2251 - Analog_Filter not found: check if there is a RefParameter without a condition.
2025-03-07 09:16:22,474 [INFO] Gpio:277 - dependency for GPIO [I2C1, SYS]
2025-03-07 09:17:53,082 [WARN] IP:2251 - I2C_Coeff_DF not found: check if there is a RefParameter without a condition.
2025-03-07 09:17:53,082 [WARN] IP:2251 - Analog_Filter not found: check if there is a RefParameter without a condition.
2025-03-07 09:17:53,083 [WARN] IP:2251 - I2C_Coeff_DF not found: check if there is a RefParameter without a condition.
2025-03-07 09:17:53,083 [WARN] IP:2251 - Analog_Filter not found: check if there is a RefParameter without a condition.
2025-03-07 09:17:53,098 [WARN] IP:2251 - I2C_Coeff_DF not found: check if there is a RefParameter without a condition.
2025-03-07 09:17:53,098 [WARN] IP:2251 - Analog_Filter not found: check if there is a RefParameter without a condition.
2025-03-07 09:17:53,113 [WARN] IP:2251 - I2C_Coeff_DF not found: check if there is a RefParameter without a condition.
2025-03-07 09:17:53,114 [WARN] IP:2251 - Analog_Filter not found: check if there is a RefParameter without a condition.
2025-03-07 09:18:15,254 [WARN] IP:2251 - I2C_Coeff_DF not found: check if there is a RefParameter without a condition.
2025-03-07 09:18:15,255 [WARN] IP:2251 - Analog_Filter not found: check if there is a RefParameter without a condition.
2025-03-07 09:18:15,256 [WARN] IP:2251 - I2C_Coeff_DF not found: check if there is a RefParameter without a condition.
2025-03-07 09:18:15,257 [WARN] IP:2251 - Analog_Filter not found: check if there is a RefParameter without a condition.
2025-03-07 09:18:15,303 [WARN] IP:2251 - I2C_Coeff_DF not found: check if there is a RefParameter without a condition.
2025-03-07 09:18:15,304 [WARN] IP:2251 - Analog_Filter not found: check if there is a RefParameter without a condition.
2025-03-07 09:18:15,403 [WARN] IP:2251 - I2C_Coeff_DF not found: check if there is a RefParameter without a condition.
2025-03-07 09:18:15,403 [WARN] IP:2251 - Analog_Filter not found: check if there is a RefParameter without a condition.
2025-03-07 09:18:17,159 [WARN] IP:2251 - I2C_Coeff_DF not found: check if there is a RefParameter without a condition.
2025-03-07 09:18:17,159 [WARN] IP:2251 - Analog_Filter not found: check if there is a RefParameter without a condition.
2025-03-07 09:18:17,160 [WARN] IP:2251 - I2C_Coeff_DF not found: check if there is a RefParameter without a condition.
2025-03-07 09:18:17,160 [WARN] IP:2251 - Analog_Filter not found: check if there is a RefParameter without a condition.
2025-03-07 09:18:17,183 [WARN] IP:2251 - I2C_Coeff_DF not found: check if there is a RefParameter without a condition.
2025-03-07 09:18:17,183 [WARN] IP:2251 - Analog_Filter not found: check if there is a RefParameter without a condition.
2025-03-07 09:18:17,199 [WARN] IP:2251 - I2C_Coeff_DF not found: check if there is a RefParameter without a condition.
2025-03-07 09:18:17,199 [WARN] IP:2251 - Analog_Filter not found: check if there is a RefParameter without a condition.
2025-03-07 09:18:31,289 [INFO] Gpio:277 - dependency for GPIO [I2C1, SYS, TIM1]
2025-03-07 09:18:58,182 [WARN] IP:2251 - I2C_Coeff_DF not found: check if there is a RefParameter without a condition.
2025-03-07 09:18:58,182 [WARN] IP:2251 - Analog_Filter not found: check if there is a RefParameter without a condition.
2025-03-07 09:18:58,182 [WARN] IP:2251 - I2C_Coeff_DF not found: check if there is a RefParameter without a condition.
2025-03-07 09:18:58,182 [WARN] IP:2251 - Analog_Filter not found: check if there is a RefParameter without a condition.
2025-03-07 09:18:58,203 [WARN] IP:2251 - I2C_Coeff_DF not found: check if there is a RefParameter without a condition.
2025-03-07 09:18:58,203 [WARN] IP:2251 - Analog_Filter not found: check if there is a RefParameter without a condition.
2025-03-07 09:18:58,224 [WARN] IP:2251 - I2C_Coeff_DF not found: check if there is a RefParameter without a condition.
2025-03-07 09:18:58,224 [WARN] IP:2251 - Analog_Filter not found: check if there is a RefParameter without a condition.
2025-03-07 09:19:00,605 [WARN] IP:2251 - I2C_Coeff_DF not found: check if there is a RefParameter without a condition.
2025-03-07 09:19:00,605 [WARN] IP:2251 - Analog_Filter not found: check if there is a RefParameter without a condition.
2025-03-07 09:19:00,605 [WARN] IP:2251 - I2C_Coeff_DF not found: check if there is a RefParameter without a condition.
2025-03-07 09:19:00,605 [WARN] IP:2251 - Analog_Filter not found: check if there is a RefParameter without a condition.
2025-03-07 09:19:00,622 [WARN] IP:2251 - I2C_Coeff_DF not found: check if there is a RefParameter without a condition.
2025-03-07 09:19:00,622 [WARN] IP:2251 - Analog_Filter not found: check if there is a RefParameter without a condition.
2025-03-07 09:19:00,637 [WARN] IP:2251 - I2C_Coeff_DF not found: check if there is a RefParameter without a condition.
2025-03-07 09:19:00,638 [WARN] IP:2251 - Analog_Filter not found: check if there is a RefParameter without a condition.
2025-03-07 09:19:16,588 [INFO] Gpio:277 - dependency for GPIO [I2C1, SYS, TIM1]
2025-03-07 09:19:47,453 [INFO] NvicIntPanel:101 - NVIC parent = com.st.microxplorer.plugins.ip.nvic.MultiNvicIntPanel[,0,0,0x0,invalid,layout=javax.swing.BoxLayout,alignmentX=0.0,alignmentY=0.0,border=,flags=9,maximumSize=,minimumSize=,preferredSize=]
2025-03-07 09:25:37,523 [INFO] UtilMem:75 - End SaveConfig() Used Memory: 992237560 Bytes (1073741824)
2025-03-07 09:25:37,733 [INFO] UtilMem:75 - End SaveConfig() Used Memory: 725025704 Bytes (1073741824)
2025-03-07 09:25:38,900 [INFO] UtilMem:75 - End SaveConfig() Used Memory: 785595312 Bytes (1073741824)
2025-03-07 09:25:39,770 [INFO] BlockDiagram:2766 - set Specific Code input for plugin: NVIC
2025-03-07 09:25:39,770 [INFO] BlockDiagram:2766 - set Specific Code input for plugin: TIM1_8F1
2025-03-07 09:25:39,770 [INFO] BlockDiagram:2766 - set Specific Code input for plugin: SYS
2025-03-07 09:25:39,770 [INFO] BlockDiagram:2766 - set Specific Code input for plugin: GPIO
2025-03-07 09:25:39,770 [INFO] BlockDiagram:2766 - set Specific Code input for plugin: RCC
2025-03-07 09:25:39,771 [INFO] BlockDiagram:2766 - set Specific Code input for plugin: I2C
2025-03-07 09:25:39,774 [INFO] CodeGenerator:896 - code generatio: config db path: D:\STM32CubeIDE_1.17.0\STM32CubeIDE\plugins\com.st.stm32cube.common.mx_6.13.0.202411220809\\db\
2025-03-07 09:25:39,777 [WARN] IP:2251 - I2C_Coeff_DF not found: check if there is a RefParameter without a condition.
2025-03-07 09:25:39,778 [WARN] IP:2251 - Analog_Filter not found: check if there is a RefParameter without a condition.
2025-03-07 09:25:40,138 [INFO] CodeEngine:255 - oldGeneratedFile, D:\stm32_cube\HUAN_stm32\MXTmpFiles\license.tmp_save
2025-03-07 09:25:40,478 [INFO] CodeEngine:279 - Generated code: D:\stm32_cube\HUAN_stm32\MXTmpFiles\license.tmp
2025-03-07 09:25:40,532 [INFO] CodeEngine:255 - oldGeneratedFile, D:\stm32_cube\HUAN_stm32\MXTmpFiles\gpio.tmp_save
2025-03-07 09:25:40,741 [INFO] CodeEngine:279 - Generated code: D:\stm32_cube\HUAN_stm32\MXTmpFiles\gpio.tmp
2025-03-07 09:25:41,008 [INFO] CodeEngine:255 - oldGeneratedFile, D:\stm32_cube\HUAN_stm32\Core\Src\stm32f1xx_it.c_save
2025-03-07 09:25:41,524 [INFO] CodeEngine:279 - Generated code: D:\stm32_cube\HUAN_stm32\Core\Src\stm32f1xx_it.c
2025-03-07 09:25:41,547 [INFO] CodeEngine:255 - oldGeneratedFile, D:\stm32_cube\HUAN_stm32\Core\Inc\stm32f1xx_it.h_save
2025-03-07 09:25:41,677 [INFO] CodeEngine:279 - Generated code: D:\stm32_cube\HUAN_stm32\Core\Inc\stm32f1xx_it.h
2025-03-07 09:25:41,718 [INFO] CodeEngine:255 - oldGeneratedFile, D:\stm32_cube\HUAN_stm32\Core\Src\stm32f1xx_hal_msp.c_save
2025-03-07 09:25:41,968 [INFO] CodeEngine:279 - Generated code: D:\stm32_cube\HUAN_stm32\Core\Src\stm32f1xx_hal_msp.c
2025-03-07 09:25:41,978 [INFO] CodeEngine:255 - oldGeneratedFile, D:\stm32_cube\HUAN_stm32\MXTmpFiles\system.tmp_save
2025-03-07 09:25:42,137 [INFO] CodeEngine:279 - Generated code: D:\stm32_cube\HUAN_stm32\MXTmpFiles\system.tmp
2025-03-07 09:25:42,201 [INFO] CodeEngine:311 - oldGeneratedFile, D:\stm32_cube\HUAN_stm32\Core\Inc\stm32f1xx_hal_conf.h_save
2025-03-07 09:25:42,503 [INFO] CodeEngine:335 - Generated code: D:\stm32_cube\HUAN_stm32\Core\Inc\stm32f1xx_hal_conf.h
2025-03-07 09:25:42,569 [WARN] IPConfigManager:3618 - IP not found : TIM
2025-03-07 09:25:42,571 [WARN] CodeGenerator:4152 - IP not found : null
2025-03-07 09:25:42,652 [INFO] CodeEngine:255 - oldGeneratedFile, D:\stm32_cube\HUAN_stm32\Core\Inc\main.h_save
2025-03-07 09:25:42,884 [INFO] CodeEngine:279 - Generated code: D:\stm32_cube\HUAN_stm32\Core\Inc\main.h
2025-03-07 09:25:42,937 [INFO] CodeEngine:255 - oldGeneratedFile, D:\stm32_cube\HUAN_stm32\Core\Src\main.c_save
2025-03-07 09:25:43,187 [INFO] CodeEngine:279 - Generated code: D:\stm32_cube\HUAN_stm32\Core\Src\main.c
2025-03-07 09:25:44,112 [INFO] ProjectBuilder:3289 - Time for Copy HAL[1] : 526mS.
2025-03-07 09:25:44,117 [INFO] ProjectBuilder:4876 - Project Generator version: 4.5.0-RC5
2025-03-07 09:25:44,335 [INFO] ConfigFileManager:1579 - The Die is : DIE410
2025-03-07 09:25:46,051 [INFO] ProjectBuilder:5154 - Time for Generating toolchain IDE Files: 1934mS.
2025-03-07 09:25:46,052 [INFO] ProjectBuilder:3146 - Time for Copy CMSIS : 0mS.
2025-03-07 09:25:46,053 [INFO] ProjectBuilder:3146 - Time for Copy CMSIS : 0mS.
2025-03-07 09:38:31,705 [INFO] NvicIntPanel:101 - NVIC parent = com.st.microxplorer.plugins.ip.nvic.MultiNvicIntPanel[,0,0,0x0,invalid,layout=javax.swing.BoxLayout,alignmentX=0.0,alignmentY=0.0,border=,flags=9,maximumSize=,minimumSize=,preferredSize=]
2025-03-07 09:39:06,957 [INFO] UtilMem:75 - End SaveConfig() Used Memory: 824911000 Bytes (1073741824)
2025-03-07 09:39:07,084 [INFO] UtilMem:75 - End SaveConfig() Used Memory: 840104448 Bytes (1073741824)
2025-03-07 09:39:09,373 [INFO] UtilMem:75 - End SaveConfig() Used Memory: 923468288 Bytes (1073741824)
2025-03-07 09:39:09,784 [INFO] BlockDiagram:2766 - set Specific Code input for plugin: NVIC
2025-03-07 09:39:09,784 [INFO] BlockDiagram:2766 - set Specific Code input for plugin: TIM1_8F1
2025-03-07 09:39:09,784 [INFO] BlockDiagram:2766 - set Specific Code input for plugin: SYS
2025-03-07 09:39:09,784 [INFO] BlockDiagram:2766 - set Specific Code input for plugin: GPIO
2025-03-07 09:39:09,784 [INFO] BlockDiagram:2766 - set Specific Code input for plugin: RCC
2025-03-07 09:39:09,784 [INFO] BlockDiagram:2766 - set Specific Code input for plugin: I2C
2025-03-07 09:39:09,786 [INFO] CodeGenerator:896 - code generatio: config db path: D:\STM32CubeIDE_1.17.0\STM32CubeIDE\plugins\com.st.stm32cube.common.mx_6.13.0.202411220809\\db\
2025-03-07 09:39:09,788 [WARN] IP:2251 - I2C_Coeff_DF not found: check if there is a RefParameter without a condition.
2025-03-07 09:39:09,788 [WARN] IP:2251 - Analog_Filter not found: check if there is a RefParameter without a condition.
2025-03-07 09:39:09,888 [INFO] CodeEngine:255 - oldGeneratedFile, D:\stm32_cube\HUAN_stm32\MXTmpFiles\license.tmp_save
2025-03-07 09:39:10,231 [INFO] CodeEngine:279 - Generated code: D:\stm32_cube\HUAN_stm32\MXTmpFiles\license.tmp
2025-03-07 09:39:10,273 [INFO] CodeEngine:255 - oldGeneratedFile, D:\stm32_cube\HUAN_stm32\MXTmpFiles\gpio.tmp_save
2025-03-07 09:39:10,511 [INFO] CodeEngine:279 - Generated code: D:\stm32_cube\HUAN_stm32\MXTmpFiles\gpio.tmp
2025-03-07 09:39:10,753 [INFO] CodeEngine:255 - oldGeneratedFile, D:\stm32_cube\HUAN_stm32\Core\Src\stm32f1xx_it.c_save
2025-03-07 09:39:11,211 [INFO] CodeEngine:279 - Generated code: D:\stm32_cube\HUAN_stm32\Core\Src\stm32f1xx_it.c
2025-03-07 09:39:11,219 [INFO] CodeEngine:255 - oldGeneratedFile, D:\stm32_cube\HUAN_stm32\Core\Inc\stm32f1xx_it.h_save
2025-03-07 09:39:11,334 [INFO] CodeEngine:279 - Generated code: D:\stm32_cube\HUAN_stm32\Core\Inc\stm32f1xx_it.h
2025-03-07 09:39:11,370 [INFO] CodeEngine:255 - oldGeneratedFile, D:\stm32_cube\HUAN_stm32\Core\Src\stm32f1xx_hal_msp.c_save
2025-03-07 09:39:11,546 [INFO] CodeEngine:279 - Generated code: D:\stm32_cube\HUAN_stm32\Core\Src\stm32f1xx_hal_msp.c
2025-03-07 09:39:11,549 [INFO] CodeEngine:255 - oldGeneratedFile, D:\stm32_cube\HUAN_stm32\MXTmpFiles\system.tmp_save
2025-03-07 09:39:11,638 [INFO] CodeEngine:279 - Generated code: D:\stm32_cube\HUAN_stm32\MXTmpFiles\system.tmp
2025-03-07 09:39:11,668 [INFO] CodeEngine:311 - oldGeneratedFile, D:\stm32_cube\HUAN_stm32\Core\Inc\stm32f1xx_hal_conf.h_save
2025-03-07 09:39:11,815 [INFO] CodeEngine:335 - Generated code: D:\stm32_cube\HUAN_stm32\Core\Inc\stm32f1xx_hal_conf.h
2025-03-07 09:39:11,859 [WARN] IPConfigManager:3618 - IP not found : TIM
2025-03-07 09:39:11,860 [WARN] CodeGenerator:4152 - IP not found : null
2025-03-07 09:39:11,896 [INFO] CodeEngine:255 - oldGeneratedFile, D:\stm32_cube\HUAN_stm32\Core\Inc\main.h_save
2025-03-07 09:39:12,077 [INFO] CodeEngine:279 - Generated code: D:\stm32_cube\HUAN_stm32\Core\Inc\main.h
2025-03-07 09:39:12,097 [INFO] CodeEngine:255 - oldGeneratedFile, D:\stm32_cube\HUAN_stm32\Core\Src\main.c_save
2025-03-07 09:39:12,285 [INFO] CodeEngine:279 - Generated code: D:\stm32_cube\HUAN_stm32\Core\Src\main.c
2025-03-07 09:39:13,075 [INFO] ProjectBuilder:3289 - Time for Copy HAL[1] : 414mS.
2025-03-07 09:39:13,080 [INFO] ProjectBuilder:4876 - Project Generator version: 4.5.0-RC5
2025-03-07 09:39:13,302 [INFO] ConfigFileManager:1579 - The Die is : DIE410
2025-03-07 09:39:14,624 [INFO] ProjectBuilder:5154 - Time for Generating toolchain IDE Files: 1545mS.
2025-03-07 09:39:14,626 [INFO] ProjectBuilder:3146 - Time for Copy CMSIS : 1mS.
2025-03-07 09:39:14,628 [INFO] ProjectBuilder:3146 - Time for Copy CMSIS : 0mS.
2025-03-07 10:16:17,478 [INFO] UtilMem:75 - End SaveConfig() Used Memory: 918173632 Bytes (1073741824)
2025-03-07 10:16:17,678 [INFO] UtilMem:75 - End SaveConfig() Used Memory: 932310664 Bytes (1073741824)
2025-03-07 10:16:19,117 [INFO] UtilMem:75 - End SaveConfig() Used Memory: 739294520 Bytes (1073741824)
2025-03-07 10:16:19,855 [INFO] BlockDiagram:2766 - set Specific Code input for plugin: NVIC
2025-03-07 10:16:19,857 [INFO] BlockDiagram:2766 - set Specific Code input for plugin: TIM1_8F1
2025-03-07 10:16:19,857 [INFO] BlockDiagram:2766 - set Specific Code input for plugin: SYS
2025-03-07 10:16:19,858 [INFO] BlockDiagram:2766 - set Specific Code input for plugin: GPIO
2025-03-07 10:16:19,858 [INFO] BlockDiagram:2766 - set Specific Code input for plugin: RCC
2025-03-07 10:16:19,859 [INFO] BlockDiagram:2766 - set Specific Code input for plugin: I2C
2025-03-07 10:16:19,860 [INFO] CodeGenerator:896 - code generatio: config db path: D:\STM32CubeIDE_1.17.0\STM32CubeIDE\plugins\com.st.stm32cube.common.mx_6.13.0.202411220809\\db\
2025-03-07 10:16:19,864 [WARN] IP:2251 - I2C_Coeff_DF not found: check if there is a RefParameter without a condition.
2025-03-07 10:16:19,864 [WARN] IP:2251 - Analog_Filter not found: check if there is a RefParameter without a condition.
2025-03-07 10:16:20,171 [INFO] CodeEngine:255 - oldGeneratedFile, D:\stm32_cube\HUAN_stm32\MXTmpFiles\license.tmp_save
2025-03-07 10:16:20,461 [INFO] CodeEngine:279 - Generated code: D:\stm32_cube\HUAN_stm32\MXTmpFiles\license.tmp
2025-03-07 10:16:20,509 [INFO] CodeEngine:255 - oldGeneratedFile, D:\stm32_cube\HUAN_stm32\MXTmpFiles\gpio.tmp_save
2025-03-07 10:16:20,711 [INFO] CodeEngine:279 - Generated code: D:\stm32_cube\HUAN_stm32\MXTmpFiles\gpio.tmp
2025-03-07 10:16:20,934 [INFO] CodeEngine:255 - oldGeneratedFile, D:\stm32_cube\HUAN_stm32\Core\Src\stm32f1xx_it.c_save
2025-03-07 10:16:21,249 [INFO] CodeEngine:279 - Generated code: D:\stm32_cube\HUAN_stm32\Core\Src\stm32f1xx_it.c
2025-03-07 10:16:21,257 [INFO] CodeEngine:255 - oldGeneratedFile, D:\stm32_cube\HUAN_stm32\Core\Inc\stm32f1xx_it.h_save
2025-03-07 10:16:21,344 [INFO] CodeEngine:279 - Generated code: D:\stm32_cube\HUAN_stm32\Core\Inc\stm32f1xx_it.h
2025-03-07 10:16:21,378 [INFO] CodeEngine:255 - oldGeneratedFile, D:\stm32_cube\HUAN_stm32\Core\Src\stm32f1xx_hal_msp.c_save
2025-03-07 10:16:21,545 [INFO] CodeEngine:279 - Generated code: D:\stm32_cube\HUAN_stm32\Core\Src\stm32f1xx_hal_msp.c
2025-03-07 10:16:21,551 [INFO] CodeEngine:255 - oldGeneratedFile, D:\stm32_cube\HUAN_stm32\MXTmpFiles\system.tmp_save
2025-03-07 10:16:21,642 [INFO] CodeEngine:279 - Generated code: D:\stm32_cube\HUAN_stm32\MXTmpFiles\system.tmp
2025-03-07 10:16:21,673 [INFO] CodeEngine:311 - oldGeneratedFile, D:\stm32_cube\HUAN_stm32\Core\Inc\stm32f1xx_hal_conf.h_save
2025-03-07 10:16:21,810 [INFO] CodeEngine:335 - Generated code: D:\stm32_cube\HUAN_stm32\Core\Inc\stm32f1xx_hal_conf.h
2025-03-07 10:16:21,850 [WARN] IPConfigManager:3618 - IP not found : TIM
2025-03-07 10:16:21,850 [WARN] CodeGenerator:4152 - IP not found : null
2025-03-07 10:16:21,878 [INFO] CodeEngine:255 - oldGeneratedFile, D:\stm32_cube\HUAN_stm32\Core\Inc\main.h_save
2025-03-07 10:16:22,060 [INFO] CodeEngine:279 - Generated code: D:\stm32_cube\HUAN_stm32\Core\Inc\main.h
2025-03-07 10:16:22,088 [INFO] CodeEngine:255 - oldGeneratedFile, D:\stm32_cube\HUAN_stm32\Core\Src\main.c_save
2025-03-07 10:16:22,305 [INFO] CodeEngine:279 - Generated code: D:\stm32_cube\HUAN_stm32\Core\Src\main.c
2025-03-07 10:16:23,637 [INFO] ProjectBuilder:3289 - Time for Copy HAL[1] : 236mS.
2025-03-07 10:16:23,642 [INFO] ProjectBuilder:4876 - Project Generator version: 4.5.0-RC5
2025-03-07 10:16:23,749 [INFO] ConfigFileManager:1579 - The Die is : DIE410
2025-03-07 10:16:25,666 [INFO] ProjectBuilder:5154 - Time for Generating toolchain IDE Files: 2023mS.
2025-03-07 10:16:25,667 [INFO] ProjectBuilder:3146 - Time for Copy CMSIS : 1mS.
2025-03-07 10:16:25,669 [INFO] ProjectBuilder:3146 - Time for Copy CMSIS : 0mS.
2025-03-07 10:20:23,017 [INFO] Gpio:277 - dependency for GPIO [I2C1, SYS, TIM1]
2025-03-07 11:25:50,004 [INFO] WebApp:190 - Connection lost
2025-03-07 11:25:50,901 [INFO] WebApp:187 - Connection restablished
2025-03-07 11:36:12,146 [INFO] WebApp:190 - Connection lost
2025-03-07 11:36:12,327 [INFO] WebApp:187 - Connection restablished
2025-03-07 11:37:15,358 [INFO] WebApp:190 - Connection lost
2025-03-07 11:37:15,901 [INFO] WebApp:187 - Connection restablished
2025-03-07 17:59:06,435 [INFO] WebApp:190 - Connection lost
2025-03-07 17:59:06,911 [INFO] WebApp:187 - Connection restablished
2025-03-07 17:59:09,626 [INFO] WebApp:190 - Connection lost
2025-03-07 17:59:09,780 [INFO] WebApp:187 - Connection restablished
2025-03-07 17:59:45,631 [INFO] WebApp:190 - Connection lost
2025-03-07 17:59:45,824 [INFO] WebApp:187 - Connection restablished
2025-03-07 18:00:00,790 [INFO] WebApp:190 - Connection lost
2025-03-07 18:00:01,020 [INFO] WebApp:187 - Connection restablished
2025-03-07 18:00:09,588 [INFO] WebApp:190 - Connection lost
2025-03-07 18:00:09,736 [INFO] WebApp:187 - Connection restablished
