2025-03-14 00:23:19,935 [INFO] MainUpdater:2872 - connection check result : 10
2025-03-14 00:23:19,969 [INFO] MainUpdater:2872 - connection check result : 10
2025-03-14 00:23:20,116 [INFO] MicroXplorer:468 - Change Database Path : 
2025-03-14 00:23:20,116 [INFO] MicroXplorer:498 - Change Database Version : DB.6.0.130
2025-03-14 00:23:20,207 [ERROR] ProjectManagerView:394 - 
java.lang.NullPointerException: Cannot invoke "javax.swing.JTextField.getText()" because the return value of "java.util.List.get(int)" is null
	at com.st.microxplorer.plugins.projectmanager.gui.ProjectChoiceTab$9.caretUpdate(ProjectChoiceTab.java:2616) ~[filemanager.jar:?]
	at javax.swing.text.JTextComponent.fireCaretUpdate(JTextComponent.java:408) ~[?:?]
	at javax.swing.text.JTextComponent$MutableCaretEvent.fire(JTextComponent.java:4484) ~[?:?]
	at javax.swing.text.JTextComponent$MutableCaretEvent.stateChanged(JTextComponent.java:4506) ~[?:?]
	at javax.swing.text.DefaultCaret.fireStateChanged(DefaultCaret.java:857) ~[?:?]
	at javax.swing.text.DefaultCaret.changeCaretPosition(DefaultCaret.java:1343) ~[?:?]
	at javax.swing.text.DefaultCaret.handleSetDot(DefaultCaret.java:1242) ~[?:?]
	at javax.swing.text.DefaultCaret.setDot(DefaultCaret.java:1223) ~[?:?]
	at javax.swing.text.DefaultCaret$Handler.insertUpdate(DefaultCaret.java:1819) ~[?:?]
	at javax.swing.text.AbstractDocument.fireInsertUpdate(AbstractDocument.java:227) ~[?:?]
	at javax.swing.text.AbstractDocument.handleInsertString(AbstractDocument.java:781) ~[?:?]
	at javax.swing.text.AbstractDocument.insertString(AbstractDocument.java:740) ~[?:?]
	at javax.swing.text.PlainDocument.insertString(PlainDocument.java:131) ~[?:?]
	at javax.swing.text.AbstractDocument.replace(AbstractDocument.java:699) ~[?:?]
	at javax.swing.text.JTextComponent.setText(JTextComponent.java:1725) ~[?:?]
	at com.st.microxplorer.plugins.projectmanager.gui.ProjectChoiceTab.createHeapStackFields(ProjectChoiceTab.java:975) ~[filemanager.jar:?]
	at com.st.microxplorer.plugins.projectmanager.gui.ProjectChoiceTab.buildLinkSettingsPanel(ProjectChoiceTab.java:3666) ~[filemanager.jar:?]
	at com.st.microxplorer.plugins.projectmanager.gui.ProjectChoiceTab.defineWindowsFields(ProjectChoiceTab.java:1934) ~[filemanager.jar:?]
	at com.st.microxplorer.plugins.projectmanager.gui.ProjectChoiceTab.updateSettings(ProjectChoiceTab.java:553) ~[filemanager.jar:?]
	at com.st.microxplorer.plugins.projectmanager.gui.ProjectSettingsPanel.UpdateDialog(ProjectSettingsPanel.java:245) ~[filemanager.jar:?]
	at com.st.microxplorer.plugins.projectmanager.ProjectManagerView.propertyChange(ProjectManagerView.java:391) ~[filemanager.jar:?]
	at java.beans.PropertyChangeSupport.fire(PropertyChangeSupport.java:343) ~[?:?]
	at java.beans.PropertyChangeSupport.firePropertyChange(PropertyChangeSupport.java:335) ~[?:?]
	at java.beans.PropertyChangeSupport.firePropertyChange(PropertyChangeSupport.java:268) ~[?:?]
	at com.st.microxplorer.util.MXPropertyChangeSupport.firePropertyChange(MXPropertyChangeSupport.java:54) ~[STM32CubeMX.jar:?]
	at com.st.microxplorer.mxsystem.MxSystem.closeConfig(MxSystem.java:899) ~[STM32CubeMX.jar:?]
	at com.st.microxplorer.maingui.MainPanel.closeConfig(MainPanel.java:789) ~[STM32CubeMX.jar:?]
	at com.st.microxplorer.plugins.filemanager.engine.OpenFileManager.loadConfigurationFile(OpenFileManager.java:265) ~[filemanager.jar:?]
	at com.st.microxplorer.plugins.filemanager.engine.MainFileManager.userLoadConfig(MainFileManager.java:340) ~[filemanager.jar:?]
	at com.st.microxplorer.plugins.filemanager.engine.MainFileManager.userLoadConfig(MainFileManager.java:318) ~[filemanager.jar:?]
	at com.st.microxplorer.plugins.filemanager.FileManagerView.getSpecificTask(FileManagerView.java:246) ~[filemanager.jar:?]
	at com.st.stm32cube.common.mx.editor.CubeMxEditor.getMxTabbedPaneInstance(CubeMxEditor.java:1198) ~[com.st.stm32cube.common.mx_6.13.0.202411220809/:?]
	at com.st.stm32cube.common.mx.editor.CubeMxEditor$12$1.createSwingComponent(CubeMxEditor.java:1068) ~[com.st.stm32cube.common.mx_6.13.0.202411220809/:?]
	at com.st.stm32cube.common.mx.oss.core.awtswtbridge.EmbeddedSwingComposite.doComponentCreation(EmbeddedSwingComposite.java:492) ~[com.st.stm32cube.common.mx.oss_6.13.0.202411220809/:?]
	at com.st.stm32cube.common.mx.oss.core.awtswtbridge.EmbeddedSwingComposite$4.run(EmbeddedSwingComposite.java:291) ~[com.st.stm32cube.common.mx.oss_6.13.0.202411220809/:?]
	at com.st.stm32cube.common.mx.oss.core.awtswtbridge.AwtEnvironment$2.run(AwtEnvironment.java:166) ~[com.st.stm32cube.common.mx.oss_6.13.0.202411220809/:?]
	at java.awt.event.InvocationEvent.dispatch(InvocationEvent.java:318) ~[?:?]
	at java.awt.EventQueue.dispatchEventImpl(EventQueue.java:773) ~[?:?]
	at java.awt.EventQueue$4.run(EventQueue.java:720) ~[?:?]
	at java.awt.EventQueue$4.run(EventQueue.java:714) ~[?:?]
	at java.security.AccessController.doPrivileged(AccessController.java:400) ~[?:?]
	at java.security.ProtectionDomain$JavaSecurityAccessImpl.doIntersectionPrivilege(ProtectionDomain.java:87) ~[?:?]
	at java.awt.EventQueue.dispatchEvent(EventQueue.java:742) ~[?:?]
	at java.awt.EventDispatchThread.pumpOneEventForFilters(EventDispatchThread.java:203) ~[?:?]
	at java.awt.EventDispatchThread.pumpEventsForFilter(EventDispatchThread.java:124) ~[?:?]
	at java.awt.EventDispatchThread.pumpEventsForHierarchy(EventDispatchThread.java:113) ~[?:?]
	at java.awt.EventDispatchThread.pumpEvents(EventDispatchThread.java:109) ~[?:?]
	at java.awt.EventDispatchThread.pumpEvents(EventDispatchThread.java:101) ~[?:?]
	at java.awt.EventDispatchThread.run(EventDispatchThread.java:90) ~[?:?]
2025-03-14 00:23:20,212 [WARN] ThirdParty:871 - waiting for thirdparty lock release [close project]
2025-03-14 00:23:20,214 [INFO] ThirdParty:873 - entering critical section [close project]
2025-03-14 00:23:20,214 [INFO] ThirdParty:883 - exiting critical section [close project]
2025-03-14 00:23:20,217 [INFO] PinOutPanel:1589 - setPackage(No Configuration,No Configuration)
2025-03-14 00:23:20,227 [INFO] UtilMem:75 - Begin LoadConfig() Used Memory: 998204912 Bytes (1073741824)
2025-03-14 00:23:20,231 [INFO] MicroXplorer:468 - Change Database Path : 
2025-03-14 00:23:20,231 [INFO] MicroXplorer:498 - Change Database Version : DB.6.0.130
2025-03-14 00:23:20,231 [INFO] OpenFileManager:332 - Change cursor
2025-03-14 00:23:20,304 [INFO] RulesReader:64 - Compatibility file has been processed (297 Rules)
2025-03-14 00:23:20,318 [INFO] Mcu:2035 - Initializing MCU STM32F103C(8-B)Tx STM32F103C8Tx STM32F103C8T6TR
2025-03-14 00:23:21,813 [INFO] Context:748 - Trying to add GPIOservice into a context  which must be forbidden
2025-03-14 00:23:22,259 [INFO] RtosManager:555 - Registered RTOS mode: class=CMSIS, group=RTOS, mode=CMSIS_V1, owner=FREERTOS
2025-03-14 00:23:22,260 [INFO] RtosManager:555 - Registered RTOS mode: class=CMSIS, group=RTOS2, mode=CMSIS_V2, owner=FREERTOS
2025-03-14 00:23:22,260 [INFO] RtosManager:555 - Registered RTOS mode: class=RTOS, group=Core, mode=CMSIS_V1, owner=FREERTOS
2025-03-14 00:23:22,260 [INFO] RtosManager:555 - Registered RTOS mode: class=RTOS, group=Core, mode=CMSIS_V2, owner=FREERTOS
2025-03-14 00:23:22,261 [WARN] ModelIntegratedComponent:184 - Missing modes for component STMicroelectronics:FreeRTOS:0.0.1:STMicroelectronics:RTOS:FreeRTOS:Core:::10.2.0:
2025-03-14 00:23:22,301 [WARN] ModelIntegratedComponent:63 - No mode defined for component null
2025-03-14 00:23:22,302 [WARN] ModelIntegratedComponent:63 - No mode defined for component null
2025-03-14 00:23:22,302 [WARN] ModelIntegratedComponent:63 - No mode defined for component null
2025-03-14 00:23:22,302 [WARN] ModelIntegratedComponent:63 - No mode defined for component null
2025-03-14 00:23:22,302 [WARN] ModelIntegratedComponent:63 - No mode defined for component null
2025-03-14 00:23:22,302 [WARN] ModelIntegratedComponent:63 - No mode defined for component null
2025-03-14 00:23:22,302 [WARN] ModelIntegratedComponent:63 - No mode defined for component null
2025-03-14 00:23:22,302 [WARN] ModelIntegratedComponent:63 - No mode defined for component null
2025-03-14 00:23:22,302 [WARN] ModelIntegratedComponent:63 - No mode defined for component null
2025-03-14 00:23:22,302 [WARN] ModelIntegratedComponent:63 - No mode defined for component null
2025-03-14 00:23:22,304 [WARN] ModelIntegratedComponent:63 - No mode defined for component null
2025-03-14 00:23:22,304 [WARN] ModelIntegratedComponent:63 - No mode defined for component null
2025-03-14 00:23:22,304 [WARN] ModelIntegratedComponent:63 - No mode defined for component null
2025-03-14 00:23:22,304 [WARN] ModelIntegratedComponent:63 - No mode defined for component null
2025-03-14 00:23:22,304 [WARN] ModelIntegratedComponent:63 - No mode defined for component null
2025-03-14 00:23:22,304 [WARN] ModelIntegratedComponent:63 - No mode defined for component null
2025-03-14 00:23:22,304 [WARN] ModelIntegratedComponent:63 - No mode defined for component null
2025-03-14 00:23:22,304 [WARN] ModelIntegratedComponent:63 - No mode defined for component null
2025-03-14 00:23:22,304 [WARN] ModelIntegratedComponent:63 - No mode defined for component null
2025-03-14 00:23:22,304 [WARN] ModelIntegratedComponent:63 - No mode defined for component null
2025-03-14 00:23:22,304 [WARN] ModelIntegratedComponent:63 - No mode defined for component null
2025-03-14 00:23:22,304 [WARN] ModelIntegratedComponent:63 - No mode defined for component null
2025-03-14 00:23:22,304 [WARN] ModelIntegratedComponent:63 - No mode defined for component null
2025-03-14 00:23:22,304 [WARN] ModelIntegratedComponent:63 - No mode defined for component null
2025-03-14 00:23:22,305 [WARN] ModelIntegratedComponent:63 - No mode defined for component null
2025-03-14 00:23:22,305 [WARN] ModelIntegratedComponent:63 - No mode defined for component null
2025-03-14 00:23:22,305 [WARN] ModelIntegratedComponent:63 - No mode defined for component null
2025-03-14 00:23:22,305 [WARN] ModelIntegratedComponent:63 - No mode defined for component null
2025-03-14 00:23:22,305 [WARN] ModelIntegratedComponent:63 - No mode defined for component null
2025-03-14 00:23:22,305 [WARN] ModelIntegratedComponent:63 - No mode defined for component null
2025-03-14 00:23:22,305 [WARN] ModelIntegratedComponent:63 - No mode defined for component null
2025-03-14 00:23:22,305 [WARN] ModelIntegratedComponent:63 - No mode defined for component null
2025-03-14 00:23:22,306 [WARN] ModelIntegratedComponent:63 - No mode defined for component null
2025-03-14 00:23:22,306 [WARN] ModelIntegratedComponent:63 - No mode defined for component null
2025-03-14 00:23:22,306 [WARN] ModelIntegratedComponent:63 - No mode defined for component null
2025-03-14 00:23:22,306 [WARN] ModelPack:524 - Component already loaded: STMicroelectronics:HAL Drivers:0.0.0:STMicroelectronics:Device:STMicro_Driver:XSPI:HAL::0.0.1:HAL_XSPI
2025-03-14 00:23:22,766 [INFO] ThirdPartyModel:298 - Start build external matchings
2025-03-14 00:23:23,524 [INFO] ThirdPartyModel:316 - End build external matchings
2025-03-14 00:23:23,547 [INFO] ImportTextPane:218 - (OptionalMessage_ERROR) IP (RCC) : Parameter (ADCFreqValue) has invalid value (36000000)
2025-03-14 00:23:23,547 [INFO] ImportTextPane:218 - (OptionalMessage_ERROR) IP (RCC) : Invalid parameter (FamilyName)
2025-03-14 00:23:23,549 [INFO] ImportTextPane:218 - (OptionalMessage_ERROR) IP (RCC) : Parameter (MCOFreq_Value) has invalid value (72000000)
2025-03-14 00:23:23,549 [INFO] ImportTextPane:218 - (OptionalMessage_ERROR) IP (RCC) : Parameter (USBFreq_Value) has invalid value (72000000)
2025-03-14 00:23:23,934 [INFO] UtilMem:75 - End LoadConfig() Used Memory: 824925008 Bytes (1073741824)
2025-03-14 00:23:23,986 [WARN] ThirdParty:833 - waiting for thirdparty lock release [change project]
2025-03-14 00:23:23,986 [INFO] ThirdParty:835 - entering critical section [change project]
2025-03-14 00:23:23,986 [INFO] ThirdParty:1030 - CMSIS Pack Vendor :STMicroelectronics USBPD 4.1
2025-03-14 00:23:23,986 [INFO] ThirdParty:1030 - CMSIS Pack Vendor :STMicroelectronics X-CUBE-AZRTOS-H7 3.3.0
2025-03-14 00:23:23,986 [INFO] ThirdParty:1030 - CMSIS Pack Vendor :STMicroelectronics X-CUBE-NFC9 1.0.0
2025-03-14 00:23:23,986 [INFO] ThirdParty:1030 - CMSIS Pack Vendor :STMicroelectronics USB_HOST 2.0.0
2025-03-14 00:23:23,987 [INFO] ThirdParty:1030 - CMSIS Pack Vendor :STMicroelectronics FP-SNS-MOTENVWB1 1.4.0
2025-03-14 00:23:23,987 [INFO] ThirdParty:1030 - CMSIS Pack Vendor :STMicroelectronics X-CUBE-AZRTOS-F4 1.1.0
2025-03-14 00:23:23,987 [INFO] ThirdParty:1030 - CMSIS Pack Vendor :STMicroelectronics LIBJPEG 8.0.0
2025-03-14 00:23:23,987 [INFO] ThirdParty:1030 - CMSIS Pack Vendor :STMicroelectronics FP-ATR-ASTRA1 2.0.2
2025-03-14 00:23:23,987 [INFO] ThirdParty:1030 - CMSIS Pack Vendor :STMicroelectronics FP-ATR-ASTRA1 2.0.1
2025-03-14 00:23:23,987 [INFO] ThirdParty:1030 - CMSIS Pack Vendor :STMicroelectronics X-CUBE-BLE1 7.1.0
2025-03-14 00:23:23,987 [INFO] ThirdParty:1030 - CMSIS Pack Vendor :STMicroelectronics X-CUBE-SMBUS 2.1.0
2025-03-14 00:23:23,987 [INFO] ThirdParty:1030 - CMSIS Pack Vendor :STMicroelectronics X-CUBE-WB05N 1.1.0
2025-03-14 00:23:23,987 [INFO] ThirdParty:1030 - CMSIS Pack Vendor :STMicroelectronics USB_DEVICE 3.0.0
2025-03-14 00:23:23,987 [INFO] ThirdParty:1030 - CMSIS Pack Vendor :STMicroelectronics X-CUBE-ISPU 2.1.0
2025-03-14 00:23:23,987 [INFO] ThirdParty:1030 - CMSIS Pack Vendor :STMicroelectronics X-CUBE-AZRTOS-WB 2.0.0
2025-03-14 00:23:23,987 [INFO] ThirdParty:1030 - CMSIS Pack Vendor :STMicroelectronics X-CUBE-GNSS1 7.0.1
2025-03-14 00:23:23,987 [INFO] ThirdParty:1030 - CMSIS Pack Vendor :STMicroelectronics X-CUBE-AZRTOS-F7 1.1.0
2025-03-14 00:23:23,987 [INFO] ThirdParty:1030 - CMSIS Pack Vendor :STMicroelectronics X-CUBE-AZRTOS-L5 2.0.0
2025-03-14 00:23:23,989 [INFO] ThirdParty:1030 - CMSIS Pack Vendor :STMicroelectronics X-CUBE-TOUCHGFX 4.25.0
2025-03-14 00:23:23,989 [INFO] ThirdParty:1030 - CMSIS Pack Vendor :STMicroelectronics USB_DEVICE 2.0.0
2025-03-14 00:23:23,989 [INFO] ThirdParty:1030 - CMSIS Pack Vendor :STMicroelectronics X-CUBE-NFC6 3.1.0
2025-03-14 00:23:23,989 [INFO] ThirdParty:1030 - CMSIS Pack Vendor :STMicroelectronics FP-SNS-STBOX1 2.0.0
2025-03-14 00:23:23,989 [INFO] ThirdParty:1030 - CMSIS Pack Vendor :STMicroelectronics FreeRTOS 0.0.1
2025-03-14 00:23:23,989 [INFO] ThirdParty:1030 - CMSIS Pack Vendor :STMicroelectronics X-CUBE-AZRTOS-G0 1.1.0
2025-03-14 00:23:23,989 [INFO] ThirdParty:1030 - CMSIS Pack Vendor :STMicroelectronics X-CUBE-SAFEA1 1.2.2
2025-03-14 00:23:23,989 [INFO] ThirdParty:1030 - CMSIS Pack Vendor :STMicroelectronics X-CUBE-NFC4 3.0.0
2025-03-14 00:23:23,989 [INFO] ThirdParty:1030 - CMSIS Pack Vendor :STMicroelectronics X-CUBE-DPower 1.2.0
2025-03-14 00:23:23,989 [INFO] ThirdParty:1030 - CMSIS Pack Vendor :STMicroelectronics X-CUBE-SUBG2 5.0.0
2025-03-14 00:23:23,989 [INFO] ThirdParty:1030 - CMSIS Pack Vendor :STMicroelectronics STM32_WPAN 1.0.0
2025-03-14 00:23:23,989 [INFO] ThirdParty:1030 - CMSIS Pack Vendor :EmbeddedOffice I-CUBE-FS-RTOS 1.0.1
2025-03-14 00:23:23,989 [INFO] ThirdParty:1030 - CMSIS Pack Vendor :STMicroelectronics lwIP 2.0.3
2025-03-14 00:23:23,989 [INFO] ThirdParty:1030 - CMSIS Pack Vendor :STMicroelectronics FP-SNS-FLIGHT1 5.0.2
2025-03-14 00:23:23,989 [INFO] ThirdParty:1030 - CMSIS Pack Vendor :Cesanta I-CUBE-Mongoose 7.13.0
2025-03-14 00:23:23,989 [INFO] ThirdParty:1030 - CMSIS Pack Vendor :STMicroelectronics USB_HOST 1.0.0
2025-03-14 00:23:23,990 [INFO] ThirdParty:1030 - CMSIS Pack Vendor :Infineon AIROC-Wi-Fi-Bluetooth-STM32 1.7.0
2025-03-14 00:23:23,990 [INFO] ThirdParty:1030 - CMSIS Pack Vendor :STMicroelectronics X-CUBE-AZRTOS-G4 2.0.0
2025-03-14 00:23:23,990 [INFO] ThirdParty:1030 - CMSIS Pack Vendor :STMicroelectronics PDM2PCM 3.1.0
2025-03-14 00:23:23,990 [INFO] ThirdParty:1030 - CMSIS Pack Vendor :STMicroelectronics PDM2PCM 3.3.0
2025-03-14 00:23:23,990 [INFO] ThirdParty:1030 - CMSIS Pack Vendor :STMicroelectronics X-CUBE-DISPLAY 3.0.0
2025-03-14 00:23:23,991 [INFO] ThirdParty:1030 - CMSIS Pack Vendor :STMicroelectronics X-CUBE-TCPP 4.2.0
2025-03-14 00:23:23,991 [INFO] ThirdParty:1030 - CMSIS Pack Vendor :RealThread X-CUBE-RT-Thread_Nano 4.1.1
2025-03-14 00:23:23,991 [INFO] ThirdParty:1030 - CMSIS Pack Vendor :STMicroelectronics X-CUBE-BLE1 7.0.0
2025-03-14 00:23:23,991 [INFO] ThirdParty:1030 - CMSIS Pack Vendor :STMicroelectronics FP-ATR-SIGFOX1 3.2.0
2025-03-14 00:23:23,991 [INFO] ThirdParty:1030 - CMSIS Pack Vendor :STMicroelectronics X-CUBE-NFC10 1.0.0
2025-03-14 00:23:23,991 [INFO] ThirdParty:1030 - CMSIS Pack Vendor :quantropi X-CUBE-qispace-sdk-base 1.9.3
2025-03-14 00:23:23,991 [INFO] ThirdParty:1030 - CMSIS Pack Vendor :STMicroelectronics X-CUBE-BLEMGR 4.0.0
2025-03-14 00:23:23,991 [INFO] ThirdParty:1030 - CMSIS Pack Vendor :STMicroelectronics X-CUBE-EEPRMA1 5.1.0
2025-03-14 00:23:23,991 [INFO] ThirdParty:1030 - CMSIS Pack Vendor :STMicroelectronics HAL Drivers 0.0.0
2025-03-14 00:23:23,992 [INFO] ThirdParty:1030 - CMSIS Pack Vendor :STMicroelectronics MBEDTLS 2.16.2
2025-03-14 00:23:23,992 [INFO] ThirdParty:1030 - CMSIS Pack Vendor :STMicroelectronics X-CUBE-IPS 3.1.0
2025-03-14 00:23:23,992 [INFO] ThirdParty:1030 - CMSIS Pack Vendor :STMicroelectronics X-CUBE-ALS 1.0.2
2025-03-14 00:23:23,992 [INFO] ThirdParty:1030 - CMSIS Pack Vendor :emotas I-CUBE-CANOPEN 1.3.0
2025-03-14 00:23:23,992 [INFO] ThirdParty:1030 - CMSIS Pack Vendor :STMicroelectronics X-CUBE-FREERTOS 1.3.0
2025-03-14 00:23:23,992 [INFO] ThirdParty:1030 - CMSIS Pack Vendor :STMicroelectronics X-CUBE-NFC7 1.0.1
2025-03-14 00:23:23,992 [INFO] ThirdParty:1030 - CMSIS Pack Vendor :STMicroelectronics MBEDTLS 2.14.1
2025-03-14 00:23:23,992 [INFO] ThirdParty:1030 - CMSIS Pack Vendor :wolfSSL I-CUBE-wolfSSL 5.7.6
2025-03-14 00:23:23,992 [INFO] ThirdParty:1030 - CMSIS Pack Vendor :ITTIA_DB I-CUBE-ITTIADB 8.9.0
2025-03-14 00:23:23,993 [INFO] ThirdParty:1030 - CMSIS Pack Vendor :STMicroelectronics X-CUBE-TOUCHGFX 4.24.2
2025-03-14 00:23:23,993 [INFO] ThirdParty:1030 - CMSIS Pack Vendor :wolfSSL I-CUBE-wolfTPM 3.4.0
2025-03-14 00:23:23,993 [INFO] ThirdParty:1030 - CMSIS Pack Vendor :portGmbH I-Cube-SoM-uGOAL 1.1.0
2025-03-14 00:23:23,993 [INFO] ThirdParty:1030 - CMSIS Pack Vendor :STMicroelectronics X-CUBE-AI 10.0.0
2025-03-14 00:23:23,993 [INFO] ThirdParty:1030 - CMSIS Pack Vendor :STMicroelectronics ThreadX 1.0.0
2025-03-14 00:23:23,993 [INFO] ThirdParty:1030 - CMSIS Pack Vendor :STMicroelectronics FP-SNS-SMARTAG2 1.2.0
2025-03-14 00:23:23,993 [INFO] ThirdParty:1030 - CMSIS Pack Vendor :STMicroelectronics X-CUBE-MEMS1 11.1.0
2025-03-14 00:23:23,993 [INFO] ThirdParty:1030 - CMSIS Pack Vendor :STMicroelectronics X-CUBE-AZRTOS-WL 2.0.0
2025-03-14 00:23:23,993 [INFO] ThirdParty:1030 - CMSIS Pack Vendor :SEGGER I-CUBE-embOS 1.3.1
2025-03-14 00:23:23,993 [INFO] ThirdParty:1030 - CMSIS Pack Vendor :STMicroelectronics X-CUBE-ALGOBUILD 1.4.0
2025-03-14 00:23:23,993 [INFO] ThirdParty:1030 - CMSIS Pack Vendor :STMicroelectronics FP-SNS-MOTENV1 5.0.0
2025-03-14 00:23:23,993 [INFO] ThirdParty:1030 - CMSIS Pack Vendor :STMicroelectronics USB_DEVICE 1.0.0
2025-03-14 00:23:23,993 [INFO] ThirdParty:1030 - CMSIS Pack Vendor :STMicroelectronics X-CUBE-AZRTOS-H7RS 1.0.0
2025-03-14 00:23:23,993 [INFO] ThirdParty:1030 - CMSIS Pack Vendor :wolfSSL I-CUBE-wolfMQTT 1.19.0
2025-03-14 00:23:23,994 [INFO] ThirdParty:1030 - CMSIS Pack Vendor :STMicroelectronics X-CUBE-AZRTOS-L4 2.0.0
2025-03-14 00:23:23,994 [INFO] ThirdParty:1030 - CMSIS Pack Vendor :STMicroelectronics ThreadX 0.0.2
2025-03-14 00:23:23,994 [INFO] ThirdParty:1030 - CMSIS Pack Vendor :WES I-CUBE-Cesium 1.3.0
2025-03-14 00:23:23,994 [INFO] ThirdParty:1030 - CMSIS Pack Vendor :STMicroelectronics lwIP 2.1.2
2025-03-14 00:23:23,994 [INFO] ThirdParty:1030 - CMSIS Pack Vendor :STMicroelectronics X-CUBE-SFXS2LP1 4.0.0
2025-03-14 00:23:23,994 [INFO] ThirdParty:1030 - CMSIS Pack Vendor :STMicroelectronics X-CUBE-BLE2 3.3.0
2025-03-14 00:23:23,994 [INFO] ThirdParty:1030 - CMSIS Pack Vendor :STMicroelectronics X-CUBE-TOF1 3.4.2
2025-03-14 00:23:23,994 [INFO] ThirdParty:1030 - CMSIS Pack Vendor :STMicroelectronics PDM2PCM 3.2.0
2025-03-14 00:23:23,994 [INFO] ThirdParty:1030 - CMSIS Pack Vendor :wolfSSL I-CUBE-wolfSSH 1.4.17
2025-03-14 00:23:23,994 [INFO] ThirdParty:841 - exiting critical section [change project]
2025-03-14 00:23:24,251 [INFO] PinOutPanel:1589 - setPackage(No Configuration,No Configuration)
2025-03-14 00:23:24,254 [INFO] PinOutPanel:1589 - setPackage(STM32F103C8Tx,LQFP48)
2025-03-14 00:23:24,825 [INFO] UtilMem:75 - Before build in PCC Used Memory: 935601480 Bytes (1073741824)
2025-03-14 00:23:25,215 [INFO] UtilMem:75 - After build in PCC Used Memory: 980696408 Bytes (1073741824)
2025-03-14 00:23:25,237 [INFO] IPUIPlugin:80 - create IPUIPlugin
2025-03-14 00:23:25,237 [INFO] IPUIPlugin:80 - create IPUIPlugin
2025-03-14 00:23:25,237 [INFO] IPUIPlugin:80 - create IPUIPlugin
2025-03-14 00:23:25,238 [INFO] IPUIPlugin:80 - create IPUIPlugin
2025-03-14 00:23:25,238 [INFO] IPUIPlugin:80 - create IPUIPlugin
2025-03-14 00:23:25,238 [INFO] IPUIPlugin:80 - create IPUIPlugin
2025-03-14 00:23:25,238 [INFO] IPUIPlugin:80 - create IPUIPlugin
2025-03-14 00:23:25,238 [INFO] IPUIPlugin:80 - create IPUIPlugin
2025-03-14 00:23:25,238 [INFO] IPUIPlugin:80 - create IPUIPlugin
2025-03-14 00:23:25,240 [INFO] IPUIPlugin:80 - create IPUIPlugin
2025-03-14 00:23:25,240 [INFO] IPUIPlugin:80 - create IPUIPlugin
2025-03-14 00:23:25,240 [INFO] IPUIPlugin:80 - create IPUIPlugin
2025-03-14 00:23:25,240 [INFO] IPUIPlugin:80 - create IPUIPlugin
2025-03-14 00:23:25,241 [INFO] IPUIPlugin:80 - create IPUIPlugin
2025-03-14 00:23:25,241 [INFO] IPUIPlugin:80 - create IPUIPlugin
2025-03-14 00:23:25,241 [INFO] IPUIPlugin:80 - create IPUIPlugin
2025-03-14 00:23:25,241 [INFO] IPUIPlugin:80 - create IPUIPlugin
2025-03-14 00:23:25,241 [INFO] IPUIPlugin:80 - create IPUIPlugin
2025-03-14 00:23:25,243 [INFO] IPUIPlugin:80 - create IPUIPlugin
2025-03-14 00:23:25,243 [INFO] IPUIPlugin:80 - create IPUIPlugin
2025-03-14 00:23:25,243 [INFO] IPUIPlugin:80 - create IPUIPlugin
2025-03-14 00:23:25,244 [INFO] IPUIPlugin:80 - create IPUIPlugin
2025-03-14 00:23:25,244 [INFO] IPUIPlugin:80 - create IPUIPlugin
2025-03-14 00:23:25,244 [INFO] IPUIPlugin:80 - create IPUIPlugin
2025-03-14 00:23:25,244 [INFO] IPUIPlugin:80 - create IPUIPlugin
2025-03-14 00:23:25,244 [INFO] IPUIPlugin:80 - create IPUIPlugin
2025-03-14 00:23:25,245 [INFO] IPUIPlugin:80 - create IPUIPlugin
2025-03-14 00:23:25,248 [WARN] IP:2251 - I2C_Coeff_DF not found: check if there is a RefParameter without a condition.
2025-03-14 00:23:25,248 [WARN] IP:2251 - Analog_Filter not found: check if there is a RefParameter without a condition.
2025-03-14 00:23:25,346 [INFO] CADModel:165 - CPN selected for project levelSTM32F103C8T6TR
2025-03-14 00:23:25,346 [INFO] CADModel:114 - Register for checkConnection events
2025-03-14 00:23:25,405 [INFO] OpenFileManager:363 - Restore cursor
2025-03-14 00:23:25,806 [WARN] IP:2251 - I2C_Coeff_DF not found: check if there is a RefParameter without a condition.
2025-03-14 00:23:25,806 [WARN] IP:2251 - Analog_Filter not found: check if there is a RefParameter without a condition.
2025-03-14 00:23:25,807 [WARN] IP:2251 - I2C_Coeff_DF not found: check if there is a RefParameter without a condition.
2025-03-14 00:23:25,807 [WARN] IP:2251 - Analog_Filter not found: check if there is a RefParameter without a condition.
2025-03-14 00:35:50,760 [WARN] IP:2251 - I2C_Coeff_DF not found: check if there is a RefParameter without a condition.
2025-03-14 00:35:50,761 [WARN] IP:2251 - Analog_Filter not found: check if there is a RefParameter without a condition.
2025-03-14 00:35:50,762 [WARN] IP:2251 - I2C_Coeff_DF not found: check if there is a RefParameter without a condition.
2025-03-14 00:35:50,763 [WARN] IP:2251 - Analog_Filter not found: check if there is a RefParameter without a condition.
2025-03-14 00:35:50,872 [WARN] IP:2251 - I2C_Coeff_DF not found: check if there is a RefParameter without a condition.
2025-03-14 00:35:50,872 [WARN] IP:2251 - Analog_Filter not found: check if there is a RefParameter without a condition.
2025-03-14 00:35:50,957 [WARN] IP:2251 - I2C_Coeff_DF not found: check if there is a RefParameter without a condition.
2025-03-14 00:35:50,957 [WARN] IP:2251 - Analog_Filter not found: check if there is a RefParameter without a condition.
2025-03-14 00:36:00,764 [INFO] Gpio:277 - dependency for GPIO [I2C1, RCC, SYS, TIM2]
2025-03-14 00:36:11,817 [INFO] UtilMem:75 - End SaveConfig() Used Memory: 851808840 Bytes (1073741824)
2025-03-14 00:36:11,952 [INFO] UtilMem:75 - End SaveConfig() Used Memory: 864731312 Bytes (1073741824)
2025-03-14 00:36:14,464 [INFO] UtilMem:75 - End SaveConfig() Used Memory: 963382648 Bytes (1073741824)
2025-03-14 00:36:15,290 [INFO] BlockDiagram:2766 - set Specific Code input for plugin: NVIC
2025-03-14 00:36:15,291 [INFO] BlockDiagram:2766 - set Specific Code input for plugin: TIM1_8F1
2025-03-14 00:36:15,291 [INFO] BlockDiagram:2766 - set Specific Code input for plugin: TIM1_8F1
2025-03-14 00:36:15,291 [INFO] BlockDiagram:2766 - set Specific Code input for plugin: SYS
2025-03-14 00:36:15,291 [INFO] BlockDiagram:2766 - set Specific Code input for plugin: GPIO
2025-03-14 00:36:15,292 [INFO] BlockDiagram:2766 - set Specific Code input for plugin: RCC
2025-03-14 00:36:15,292 [INFO] BlockDiagram:2766 - set Specific Code input for plugin: I2C
2025-03-14 00:36:15,292 [INFO] CodeGenerator:896 - code generatio: config db path: D:\STM32CubeIDE_1.17.0\STM32CubeIDE\plugins\com.st.stm32cube.common.mx_6.13.0.202411220809\\db\
2025-03-14 00:36:15,294 [WARN] IP:2251 - I2C_Coeff_DF not found: check if there is a RefParameter without a condition.
2025-03-14 00:36:15,294 [WARN] IP:2251 - Analog_Filter not found: check if there is a RefParameter without a condition.
2025-03-14 00:36:15,715 [INFO] CodeEngine:255 - oldGeneratedFile, D:\stm32_cube\stm32_huan_1\MXTmpFiles\license.tmp_save
2025-03-14 00:36:16,022 [INFO] CodeEngine:279 - Generated code: D:\stm32_cube\stm32_huan_1\MXTmpFiles\license.tmp
2025-03-14 00:36:16,078 [INFO] CodeEngine:255 - oldGeneratedFile, D:\stm32_cube\stm32_huan_1\MXTmpFiles\gpio.tmp_save
2025-03-14 00:36:16,279 [INFO] CodeEngine:279 - Generated code: D:\stm32_cube\stm32_huan_1\MXTmpFiles\gpio.tmp
2025-03-14 00:36:16,480 [INFO] CodeEngine:255 - oldGeneratedFile, D:\stm32_cube\stm32_huan_1\Core\Src\stm32f1xx_it.c_save
2025-03-14 00:36:16,934 [INFO] CodeEngine:279 - Generated code: D:\stm32_cube\stm32_huan_1\Core\Src\stm32f1xx_it.c
2025-03-14 00:36:16,955 [INFO] CodeEngine:255 - oldGeneratedFile, D:\stm32_cube\stm32_huan_1\Core\Inc\stm32f1xx_it.h_save
2025-03-14 00:36:17,071 [INFO] CodeEngine:279 - Generated code: D:\stm32_cube\stm32_huan_1\Core\Inc\stm32f1xx_it.h
2025-03-14 00:36:17,103 [INFO] CodeEngine:255 - oldGeneratedFile, D:\stm32_cube\stm32_huan_1\Core\Src\stm32f1xx_hal_msp.c_save
2025-03-14 00:36:17,293 [INFO] CodeEngine:279 - Generated code: D:\stm32_cube\stm32_huan_1\Core\Src\stm32f1xx_hal_msp.c
2025-03-14 00:36:17,298 [INFO] CodeEngine:255 - oldGeneratedFile, D:\stm32_cube\stm32_huan_1\MXTmpFiles\system.tmp_save
2025-03-14 00:36:17,391 [INFO] CodeEngine:279 - Generated code: D:\stm32_cube\stm32_huan_1\MXTmpFiles\system.tmp
2025-03-14 00:36:17,416 [INFO] CodeEngine:311 - oldGeneratedFile, D:\stm32_cube\stm32_huan_1\Core\Inc\stm32f1xx_hal_conf.h_save
2025-03-14 00:36:17,562 [INFO] CodeEngine:335 - Generated code: D:\stm32_cube\stm32_huan_1\Core\Inc\stm32f1xx_hal_conf.h
2025-03-14 00:36:17,597 [INFO] ApiDbMcu:508 - Load IP Config File for I2C1
2025-03-14 00:36:17,619 [INFO] ApiDbMcu:508 - Load IP Config File for TIM1
2025-03-14 00:36:17,637 [INFO] ApiDbMcu:508 - Load IP Config File for TIM2
2025-03-14 00:36:17,641 [INFO] ApiDbMcu:508 - Load IP Config File for RCC
2025-03-14 00:36:17,643 [WARN] IPConfigManager:3618 - IP not found : TIM
2025-03-14 00:36:17,644 [WARN] CodeGenerator:4152 - IP not found : null
2025-03-14 00:36:17,671 [INFO] CodeEngine:255 - oldGeneratedFile, D:\stm32_cube\stm32_huan_1\Core\Inc\main.h_save
2025-03-14 00:36:17,874 [INFO] CodeEngine:279 - Generated code: D:\stm32_cube\stm32_huan_1\Core\Inc\main.h
2025-03-14 00:36:17,900 [INFO] CodeEngine:255 - oldGeneratedFile, D:\stm32_cube\stm32_huan_1\Core\Src\main.c_save
2025-03-14 00:36:18,162 [INFO] CodeEngine:279 - Generated code: D:\stm32_cube\stm32_huan_1\Core\Src\main.c
2025-03-14 00:36:18,839 [INFO] ProjectBuilder:3289 - Time for Copy HAL[1] : 335mS.
2025-03-14 00:36:18,847 [INFO] ProjectBuilder:4876 - Project Generator version: 4.5.0-RC5
2025-03-14 00:36:18,988 [INFO] ConfigFileManager:1579 - The Die is : DIE410
2025-03-14 00:36:18,995 [INFO] ApiDbMcu:508 - Load IP Config File for FATFS
2025-03-14 00:36:19,002 [INFO] ApiDbMcu:508 - Load IP Config File for FREERTOS
2025-03-14 00:36:19,012 [INFO] ApiDbMcu:508 - Load IP Config File for USB_DEVICE
2025-03-14 00:36:21,080 [INFO] ProjectBuilder:5154 - Time for Generating toolchain IDE Files: 2233mS.
2025-03-14 00:36:21,081 [INFO] ProjectBuilder:3146 - Time for Copy CMSIS : 0mS.
2025-03-14 00:36:21,084 [INFO] ProjectBuilder:3146 - Time for Copy CMSIS : 0mS.
