2025-03-10 11:58:53,959 [INFO] WebApp:190 - Connection lost
2025-03-10 11:58:55,159 [INFO] WebApp:187 - Connection restablished
2025-03-10 12:57:44,612 [INFO] WebApp:190 - Connection lost
2025-03-10 12:57:45,177 [INFO] WebApp:187 - Connection restablished
2025-03-10 12:57:55,223 [INFO] WebApp:190 - Connection lost
2025-03-10 12:57:55,371 [INFO] WebApp:187 - Connection restablished
2025-03-10 13:59:20,018 [INFO] MainUpdater:2872 - connection check result : 10
2025-03-10 13:59:20,428 [INFO] McuFinderGlobals:76 - Set McuFinderConnectedMode to true
2025-03-10 13:59:20,455 [INFO] MultiScanPanel:200 - Auto-refresh data requested => check proxy status ongoing
2025-03-10 13:59:20,470 [INFO] FinderPluginLoader:95 - Searching for filters in installed packs
2025-03-10 13:59:24,890 [INFO] LoadUrlFilesThread:185 - End of LoadServerUrlFiles without Thread
2025-03-10 13:59:24,894 [INFO] DetailPanel:341 - Set advertising image to C:/Users/84369/STM32Cube/Repository/\en.prom-stm32u3-mcu-finder.jpg
2025-03-10 13:59:58,626 [INFO] MainUpdater:2872 - connection check result : 10
2025-03-10 13:59:58,626 [INFO] MainUpdater:2872 - connection check result : 10
2025-03-10 13:59:59,052 [INFO] MicroXplorer:468 - Change Database Path : 
2025-03-10 13:59:59,052 [INFO] MicroXplorer:498 - Change Database Version : DB.6.0.130
2025-03-10 13:59:59,444 [ERROR] ProjectManagerView:394 - 
java.lang.NullPointerException: Cannot invoke "javax.swing.JTextField.getText()" because the return value of "java.util.List.get(int)" is null
	at com.st.microxplorer.plugins.projectmanager.gui.ProjectChoiceTab$9.caretUpdate(ProjectChoiceTab.java:2616) ~[filemanager.jar:?]
	at javax.swing.text.JTextComponent.fireCaretUpdate(JTextComponent.java:408) ~[?:?]
	at javax.swing.text.JTextComponent$MutableCaretEvent.fire(JTextComponent.java:4484) ~[?:?]
	at javax.swing.text.JTextComponent$MutableCaretEvent.stateChanged(JTextComponent.java:4506) ~[?:?]
	at javax.swing.text.DefaultCaret.fireStateChanged(DefaultCaret.java:857) ~[?:?]
	at javax.swing.text.DefaultCaret.changeCaretPosition(DefaultCaret.java:1343) ~[?:?]
	at javax.swing.text.DefaultCaret.handleSetDot(DefaultCaret.java:1242) ~[?:?]
	at javax.swing.text.DefaultCaret.setDot(DefaultCaret.java:1223) ~[?:?]
	at javax.swing.text.DefaultCaret$Handler.insertUpdate(DefaultCaret.java:1819) ~[?:?]
	at javax.swing.text.AbstractDocument.fireInsertUpdate(AbstractDocument.java:227) ~[?:?]
	at javax.swing.text.AbstractDocument.handleInsertString(AbstractDocument.java:781) ~[?:?]
	at javax.swing.text.AbstractDocument.insertString(AbstractDocument.java:740) ~[?:?]
	at javax.swing.text.PlainDocument.insertString(PlainDocument.java:131) ~[?:?]
	at javax.swing.text.AbstractDocument.replace(AbstractDocument.java:699) ~[?:?]
	at javax.swing.text.JTextComponent.setText(JTextComponent.java:1725) ~[?:?]
	at com.st.microxplorer.plugins.projectmanager.gui.ProjectChoiceTab.createHeapStackFields(ProjectChoiceTab.java:975) ~[filemanager.jar:?]
	at com.st.microxplorer.plugins.projectmanager.gui.ProjectChoiceTab.buildLinkSettingsPanel(ProjectChoiceTab.java:3666) ~[filemanager.jar:?]
	at com.st.microxplorer.plugins.projectmanager.gui.ProjectChoiceTab.defineWindowsFields(ProjectChoiceTab.java:1934) ~[filemanager.jar:?]
	at com.st.microxplorer.plugins.projectmanager.gui.ProjectChoiceTab.updateSettings(ProjectChoiceTab.java:553) ~[filemanager.jar:?]
	at com.st.microxplorer.plugins.projectmanager.gui.ProjectSettingsPanel.UpdateDialog(ProjectSettingsPanel.java:245) ~[filemanager.jar:?]
	at com.st.microxplorer.plugins.projectmanager.ProjectManagerView.propertyChange(ProjectManagerView.java:391) ~[filemanager.jar:?]
	at java.beans.PropertyChangeSupport.fire(PropertyChangeSupport.java:343) ~[?:?]
	at java.beans.PropertyChangeSupport.firePropertyChange(PropertyChangeSupport.java:335) ~[?:?]
	at java.beans.PropertyChangeSupport.firePropertyChange(PropertyChangeSupport.java:268) ~[?:?]
	at com.st.microxplorer.util.MXPropertyChangeSupport.firePropertyChange(MXPropertyChangeSupport.java:54) ~[STM32CubeMX.jar:?]
	at com.st.microxplorer.mxsystem.MxSystem.closeConfig(MxSystem.java:899) ~[STM32CubeMX.jar:?]
	at com.st.microxplorer.maingui.MainPanel.closeConfig(MainPanel.java:789) ~[STM32CubeMX.jar:?]
	at com.st.microxplorer.plugins.filemanager.engine.OpenFileManager.loadConfigurationFile(OpenFileManager.java:265) ~[filemanager.jar:?]
	at com.st.microxplorer.plugins.filemanager.engine.MainFileManager.userLoadConfig(MainFileManager.java:340) ~[filemanager.jar:?]
	at com.st.microxplorer.plugins.filemanager.engine.MainFileManager.userLoadConfig(MainFileManager.java:318) ~[filemanager.jar:?]
	at com.st.microxplorer.plugins.filemanager.FileManagerView.getSpecificTask(FileManagerView.java:246) ~[filemanager.jar:?]
	at com.st.stm32cube.common.mx.editor.CubeMxEditor.getMxTabbedPaneInstance(CubeMxEditor.java:1198) ~[com.st.stm32cube.common.mx_6.13.0.202411220809/:?]
	at com.st.stm32cube.common.mx.editor.CubeMxEditor$12$1.createSwingComponent(CubeMxEditor.java:1068) ~[com.st.stm32cube.common.mx_6.13.0.202411220809/:?]
	at com.st.stm32cube.common.mx.oss.core.awtswtbridge.EmbeddedSwingComposite.doComponentCreation(EmbeddedSwingComposite.java:492) ~[com.st.stm32cube.common.mx.oss_6.13.0.202411220809/:?]
	at com.st.stm32cube.common.mx.oss.core.awtswtbridge.EmbeddedSwingComposite$4.run(EmbeddedSwingComposite.java:291) ~[com.st.stm32cube.common.mx.oss_6.13.0.202411220809/:?]
	at com.st.stm32cube.common.mx.oss.core.awtswtbridge.AwtEnvironment$2.run(AwtEnvironment.java:166) ~[com.st.stm32cube.common.mx.oss_6.13.0.202411220809/:?]
	at java.awt.event.InvocationEvent.dispatch(InvocationEvent.java:318) ~[?:?]
	at java.awt.EventQueue.dispatchEventImpl(EventQueue.java:773) ~[?:?]
	at java.awt.EventQueue$4.run(EventQueue.java:720) ~[?:?]
	at java.awt.EventQueue$4.run(EventQueue.java:714) ~[?:?]
	at java.security.AccessController.doPrivileged(AccessController.java:400) ~[?:?]
	at java.security.ProtectionDomain$JavaSecurityAccessImpl.doIntersectionPrivilege(ProtectionDomain.java:87) ~[?:?]
	at java.awt.EventQueue.dispatchEvent(EventQueue.java:742) ~[?:?]
	at java.awt.EventDispatchThread.pumpOneEventForFilters(EventDispatchThread.java:203) ~[?:?]
	at java.awt.EventDispatchThread.pumpEventsForFilter(EventDispatchThread.java:124) ~[?:?]
	at java.awt.EventDispatchThread.pumpEventsForHierarchy(EventDispatchThread.java:113) ~[?:?]
	at java.awt.EventDispatchThread.pumpEvents(EventDispatchThread.java:109) ~[?:?]
	at java.awt.EventDispatchThread.pumpEvents(EventDispatchThread.java:101) ~[?:?]
	at java.awt.EventDispatchThread.run(EventDispatchThread.java:90) ~[?:?]
2025-03-10 13:59:59,451 [WARN] ThirdParty:871 - waiting for thirdparty lock release [close project]
2025-03-10 13:59:59,451 [INFO] ThirdParty:873 - entering critical section [close project]
2025-03-10 13:59:59,451 [INFO] ThirdParty:883 - exiting critical section [close project]
2025-03-10 13:59:59,453 [INFO] PinOutPanel:1589 - setPackage(No Configuration,No Configuration)
2025-03-10 13:59:59,460 [INFO] UtilMem:75 - Begin LoadConfig() Used Memory: 927864656 Bytes (1073741824)
2025-03-10 13:59:59,461 [INFO] MicroXplorer:468 - Change Database Path : 
2025-03-10 13:59:59,463 [INFO] MicroXplorer:498 - Change Database Version : DB.6.0.130
2025-03-10 13:59:59,463 [INFO] OpenFileManager:332 - Change cursor
2025-03-10 13:59:59,552 [INFO] Mcu:2035 - Initializing MCU STM32F103C8Tx STM32F103C8Tx STM32F103C8T7TR
2025-03-10 14:00:00,890 [INFO] Context:748 - Trying to add GPIOservice into a context  which must be forbidden
2025-03-10 14:00:01,411 [INFO] ImportTextPane:218 - (OptionalMessage_ERROR) Unable to find key (Mcu.ThirdPartyNb) in loaded IOC file
2025-03-10 14:00:01,411 [INFO] ImportTextPane:218 - (OptionalMessage_ERROR) Unable to find key (Mcu.PinsNb) in loaded IOC file
2025-03-10 14:00:01,411 [INFO] ImportTextPane:218 - (OptionalMessage_ERROR) Unable to find key (Mcu.IPNb) in loaded IOC file
2025-03-10 14:00:01,472 [INFO] RtosManager:555 - Registered RTOS mode: class=CMSIS, group=RTOS, mode=CMSIS_V1, owner=FREERTOS
2025-03-10 14:00:01,473 [INFO] RtosManager:555 - Registered RTOS mode: class=CMSIS, group=RTOS2, mode=CMSIS_V2, owner=FREERTOS
2025-03-10 14:00:01,473 [INFO] RtosManager:555 - Registered RTOS mode: class=RTOS, group=Core, mode=CMSIS_V1, owner=FREERTOS
2025-03-10 14:00:01,473 [INFO] RtosManager:555 - Registered RTOS mode: class=RTOS, group=Core, mode=CMSIS_V2, owner=FREERTOS
2025-03-10 14:00:01,474 [WARN] ModelIntegratedComponent:184 - Missing modes for component STMicroelectronics:FreeRTOS:0.0.1:STMicroelectronics:RTOS:FreeRTOS:Core:::10.2.0:
2025-03-10 14:00:01,527 [WARN] ModelIntegratedComponent:63 - No mode defined for component null
2025-03-10 14:00:01,528 [WARN] ModelIntegratedComponent:63 - No mode defined for component null
2025-03-10 14:00:01,528 [WARN] ModelIntegratedComponent:63 - No mode defined for component null
2025-03-10 14:00:01,528 [WARN] ModelIntegratedComponent:63 - No mode defined for component null
2025-03-10 14:00:01,528 [WARN] ModelIntegratedComponent:63 - No mode defined for component null
2025-03-10 14:00:01,528 [WARN] ModelIntegratedComponent:63 - No mode defined for component null
2025-03-10 14:00:01,528 [WARN] ModelIntegratedComponent:63 - No mode defined for component null
2025-03-10 14:00:01,528 [WARN] ModelIntegratedComponent:63 - No mode defined for component null
2025-03-10 14:00:01,529 [WARN] ModelIntegratedComponent:63 - No mode defined for component null
2025-03-10 14:00:01,529 [WARN] ModelIntegratedComponent:63 - No mode defined for component null
2025-03-10 14:00:01,529 [WARN] ModelIntegratedComponent:63 - No mode defined for component null
2025-03-10 14:00:01,529 [WARN] ModelIntegratedComponent:63 - No mode defined for component null
2025-03-10 14:00:01,529 [WARN] ModelIntegratedComponent:63 - No mode defined for component null
2025-03-10 14:00:01,529 [WARN] ModelIntegratedComponent:63 - No mode defined for component null
2025-03-10 14:00:01,529 [WARN] ModelIntegratedComponent:63 - No mode defined for component null
2025-03-10 14:00:01,529 [WARN] ModelIntegratedComponent:63 - No mode defined for component null
2025-03-10 14:00:01,529 [WARN] ModelIntegratedComponent:63 - No mode defined for component null
2025-03-10 14:00:01,530 [WARN] ModelIntegratedComponent:63 - No mode defined for component null
2025-03-10 14:00:01,530 [WARN] ModelIntegratedComponent:63 - No mode defined for component null
2025-03-10 14:00:01,530 [WARN] ModelIntegratedComponent:63 - No mode defined for component null
2025-03-10 14:00:01,530 [WARN] ModelIntegratedComponent:63 - No mode defined for component null
2025-03-10 14:00:01,530 [WARN] ModelIntegratedComponent:63 - No mode defined for component null
2025-03-10 14:00:01,530 [WARN] ModelIntegratedComponent:63 - No mode defined for component null
2025-03-10 14:00:01,530 [WARN] ModelIntegratedComponent:63 - No mode defined for component null
2025-03-10 14:00:01,530 [WARN] ModelIntegratedComponent:63 - No mode defined for component null
2025-03-10 14:00:01,530 [WARN] ModelIntegratedComponent:63 - No mode defined for component null
2025-03-10 14:00:01,530 [WARN] ModelIntegratedComponent:63 - No mode defined for component null
2025-03-10 14:00:01,531 [WARN] ModelIntegratedComponent:63 - No mode defined for component null
2025-03-10 14:00:01,531 [WARN] ModelIntegratedComponent:63 - No mode defined for component null
2025-03-10 14:00:01,531 [WARN] ModelIntegratedComponent:63 - No mode defined for component null
2025-03-10 14:00:01,531 [WARN] ModelIntegratedComponent:63 - No mode defined for component null
2025-03-10 14:00:01,531 [WARN] ModelIntegratedComponent:63 - No mode defined for component null
2025-03-10 14:00:01,531 [WARN] ModelIntegratedComponent:63 - No mode defined for component null
2025-03-10 14:00:01,531 [WARN] ModelIntegratedComponent:63 - No mode defined for component null
2025-03-10 14:00:01,531 [WARN] ModelIntegratedComponent:63 - No mode defined for component null
2025-03-10 14:00:01,532 [WARN] ModelPack:524 - Component already loaded: STMicroelectronics:HAL Drivers:0.0.0:STMicroelectronics:Device:STMicro_Driver:XSPI:HAL::0.0.1:HAL_XSPI
2025-03-10 14:00:02,236 [INFO] ThirdPartyModel:298 - Start build external matchings
2025-03-10 14:00:03,590 [INFO] ThirdPartyModel:316 - End build external matchings
2025-03-10 14:00:03,968 [INFO] UtilMem:75 - End LoadConfig() Used Memory: 970843200 Bytes (1073741824)
2025-03-10 14:00:03,996 [WARN] ThirdParty:833 - waiting for thirdparty lock release [change project]
2025-03-10 14:00:03,996 [INFO] ThirdParty:835 - entering critical section [change project]
2025-03-10 14:00:03,996 [INFO] ThirdParty:1030 - CMSIS Pack Vendor :STMicroelectronics USBPD 4.1
2025-03-10 14:00:03,996 [INFO] ThirdParty:1030 - CMSIS Pack Vendor :STMicroelectronics X-CUBE-AZRTOS-H7 3.3.0
2025-03-10 14:00:03,996 [INFO] ThirdParty:1030 - CMSIS Pack Vendor :STMicroelectronics X-CUBE-NFC9 1.0.0
2025-03-10 14:00:03,996 [INFO] ThirdParty:1030 - CMSIS Pack Vendor :STMicroelectronics USB_HOST 2.0.0
2025-03-10 14:00:03,996 [INFO] ThirdParty:1030 - CMSIS Pack Vendor :STMicroelectronics FP-SNS-MOTENVWB1 1.4.0
2025-03-10 14:00:03,996 [INFO] ThirdParty:1030 - CMSIS Pack Vendor :STMicroelectronics X-CUBE-AZRTOS-F4 1.1.0
2025-03-10 14:00:03,997 [INFO] ThirdParty:1030 - CMSIS Pack Vendor :STMicroelectronics LIBJPEG 8.0.0
2025-03-10 14:00:03,997 [INFO] ThirdParty:1030 - CMSIS Pack Vendor :STMicroelectronics FP-ATR-ASTRA1 2.0.2
2025-03-10 14:00:03,997 [INFO] ThirdParty:1030 - CMSIS Pack Vendor :STMicroelectronics FP-ATR-ASTRA1 2.0.1
2025-03-10 14:00:03,997 [INFO] ThirdParty:1030 - CMSIS Pack Vendor :STMicroelectronics X-CUBE-BLE1 7.1.0
2025-03-10 14:00:03,997 [INFO] ThirdParty:1030 - CMSIS Pack Vendor :STMicroelectronics X-CUBE-SMBUS 2.1.0
2025-03-10 14:00:03,997 [INFO] ThirdParty:1030 - CMSIS Pack Vendor :STMicroelectronics X-CUBE-WB05N 1.1.0
2025-03-10 14:00:03,997 [INFO] ThirdParty:1030 - CMSIS Pack Vendor :STMicroelectronics USB_DEVICE 3.0.0
2025-03-10 14:00:03,997 [INFO] ThirdParty:1030 - CMSIS Pack Vendor :STMicroelectronics X-CUBE-ISPU 2.1.0
2025-03-10 14:00:03,997 [INFO] ThirdParty:1030 - CMSIS Pack Vendor :STMicroelectronics X-CUBE-AZRTOS-WB 2.0.0
2025-03-10 14:00:03,997 [INFO] ThirdParty:1030 - CMSIS Pack Vendor :STMicroelectronics X-CUBE-GNSS1 7.0.1
2025-03-10 14:00:03,997 [INFO] ThirdParty:1030 - CMSIS Pack Vendor :STMicroelectronics X-CUBE-AZRTOS-F7 1.1.0
2025-03-10 14:00:03,997 [INFO] ThirdParty:1030 - CMSIS Pack Vendor :STMicroelectronics X-CUBE-AZRTOS-L5 2.0.0
2025-03-10 14:00:03,997 [INFO] ThirdParty:1030 - CMSIS Pack Vendor :STMicroelectronics X-CUBE-TOUCHGFX 4.25.0
2025-03-10 14:00:03,998 [INFO] ThirdParty:1030 - CMSIS Pack Vendor :STMicroelectronics USB_DEVICE 2.0.0
2025-03-10 14:00:03,998 [INFO] ThirdParty:1030 - CMSIS Pack Vendor :STMicroelectronics X-CUBE-NFC6 3.1.0
2025-03-10 14:00:03,998 [INFO] ThirdParty:1030 - CMSIS Pack Vendor :STMicroelectronics FP-SNS-STBOX1 2.0.0
2025-03-10 14:00:03,998 [INFO] ThirdParty:1030 - CMSIS Pack Vendor :STMicroelectronics FreeRTOS 0.0.1
2025-03-10 14:00:03,998 [INFO] ThirdParty:1030 - CMSIS Pack Vendor :STMicroelectronics X-CUBE-AZRTOS-G0 1.1.0
2025-03-10 14:00:03,998 [INFO] ThirdParty:1030 - CMSIS Pack Vendor :STMicroelectronics X-CUBE-SAFEA1 1.2.2
2025-03-10 14:00:03,998 [INFO] ThirdParty:1030 - CMSIS Pack Vendor :STMicroelectronics X-CUBE-NFC4 3.0.0
2025-03-10 14:00:04,000 [INFO] ThirdParty:1030 - CMSIS Pack Vendor :STMicroelectronics X-CUBE-DPower 1.2.0
2025-03-10 14:00:04,000 [INFO] ThirdParty:1030 - CMSIS Pack Vendor :STMicroelectronics X-CUBE-SUBG2 5.0.0
2025-03-10 14:00:04,000 [INFO] ThirdParty:1030 - CMSIS Pack Vendor :STMicroelectronics STM32_WPAN 1.0.0
2025-03-10 14:00:04,001 [INFO] ThirdParty:1030 - CMSIS Pack Vendor :EmbeddedOffice I-CUBE-FS-RTOS 1.0.1
2025-03-10 14:00:04,001 [INFO] ThirdParty:1030 - CMSIS Pack Vendor :STMicroelectronics lwIP 2.0.3
2025-03-10 14:00:04,001 [INFO] ThirdParty:1030 - CMSIS Pack Vendor :STMicroelectronics FP-SNS-FLIGHT1 5.0.2
2025-03-10 14:00:04,001 [INFO] ThirdParty:1030 - CMSIS Pack Vendor :Cesanta I-CUBE-Mongoose 7.13.0
2025-03-10 14:00:04,001 [INFO] ThirdParty:1030 - CMSIS Pack Vendor :STMicroelectronics USB_HOST 1.0.0
2025-03-10 14:00:04,002 [INFO] ThirdParty:1030 - CMSIS Pack Vendor :Infineon AIROC-Wi-Fi-Bluetooth-STM32 1.7.0
2025-03-10 14:00:04,002 [INFO] ThirdParty:1030 - CMSIS Pack Vendor :STMicroelectronics X-CUBE-AZRTOS-G4 2.0.0
2025-03-10 14:00:04,002 [INFO] ThirdParty:1030 - CMSIS Pack Vendor :STMicroelectronics PDM2PCM 3.1.0
2025-03-10 14:00:04,002 [INFO] ThirdParty:1030 - CMSIS Pack Vendor :STMicroelectronics PDM2PCM 3.3.0
2025-03-10 14:00:04,002 [INFO] ThirdParty:1030 - CMSIS Pack Vendor :STMicroelectronics X-CUBE-DISPLAY 3.0.0
2025-03-10 14:00:04,002 [INFO] ThirdParty:1030 - CMSIS Pack Vendor :STMicroelectronics X-CUBE-TCPP 4.2.0
2025-03-10 14:00:04,002 [INFO] ThirdParty:1030 - CMSIS Pack Vendor :RealThread X-CUBE-RT-Thread_Nano 4.1.1
2025-03-10 14:00:04,002 [INFO] ThirdParty:1030 - CMSIS Pack Vendor :STMicroelectronics X-CUBE-BLE1 7.0.0
2025-03-10 14:00:04,002 [INFO] ThirdParty:1030 - CMSIS Pack Vendor :STMicroelectronics FP-ATR-SIGFOX1 3.2.0
2025-03-10 14:00:04,002 [INFO] ThirdParty:1030 - CMSIS Pack Vendor :STMicroelectronics X-CUBE-NFC10 1.0.0
2025-03-10 14:00:04,002 [INFO] ThirdParty:1030 - CMSIS Pack Vendor :quantropi X-CUBE-qispace-sdk-base 1.9.3
2025-03-10 14:00:04,002 [INFO] ThirdParty:1030 - CMSIS Pack Vendor :STMicroelectronics X-CUBE-BLEMGR 4.0.0
2025-03-10 14:00:04,003 [INFO] ThirdParty:1030 - CMSIS Pack Vendor :STMicroelectronics X-CUBE-EEPRMA1 5.1.0
2025-03-10 14:00:04,003 [INFO] ThirdParty:1030 - CMSIS Pack Vendor :STMicroelectronics HAL Drivers 0.0.0
2025-03-10 14:00:04,003 [INFO] ThirdParty:1030 - CMSIS Pack Vendor :STMicroelectronics MBEDTLS 2.16.2
2025-03-10 14:00:04,003 [INFO] ThirdParty:1030 - CMSIS Pack Vendor :STMicroelectronics X-CUBE-IPS 3.1.0
2025-03-10 14:00:04,003 [INFO] ThirdParty:1030 - CMSIS Pack Vendor :STMicroelectronics X-CUBE-ALS 1.0.2
2025-03-10 14:00:04,003 [INFO] ThirdParty:1030 - CMSIS Pack Vendor :emotas I-CUBE-CANOPEN 1.3.0
2025-03-10 14:00:04,003 [INFO] ThirdParty:1030 - CMSIS Pack Vendor :STMicroelectronics X-CUBE-FREERTOS 1.3.0
2025-03-10 14:00:04,003 [INFO] ThirdParty:1030 - CMSIS Pack Vendor :STMicroelectronics X-CUBE-NFC7 1.0.1
2025-03-10 14:00:04,003 [INFO] ThirdParty:1030 - CMSIS Pack Vendor :STMicroelectronics MBEDTLS 2.14.1
2025-03-10 14:00:04,003 [INFO] ThirdParty:1030 - CMSIS Pack Vendor :wolfSSL I-CUBE-wolfSSL 5.7.6
2025-03-10 14:00:04,004 [INFO] ThirdParty:1030 - CMSIS Pack Vendor :ITTIA_DB I-CUBE-ITTIADB 8.9.0
2025-03-10 14:00:04,004 [INFO] ThirdParty:1030 - CMSIS Pack Vendor :STMicroelectronics X-CUBE-TOUCHGFX 4.24.2
2025-03-10 14:00:04,004 [INFO] ThirdParty:1030 - CMSIS Pack Vendor :wolfSSL I-CUBE-wolfTPM 3.4.0
2025-03-10 14:00:04,004 [INFO] ThirdParty:1030 - CMSIS Pack Vendor :portGmbH I-Cube-SoM-uGOAL 1.1.0
2025-03-10 14:00:04,004 [INFO] ThirdParty:1030 - CMSIS Pack Vendor :STMicroelectronics X-CUBE-AI 10.0.0
2025-03-10 14:00:04,004 [INFO] ThirdParty:1030 - CMSIS Pack Vendor :STMicroelectronics ThreadX 1.0.0
2025-03-10 14:00:04,004 [INFO] ThirdParty:1030 - CMSIS Pack Vendor :STMicroelectronics FP-SNS-SMARTAG2 1.2.0
2025-03-10 14:00:04,004 [INFO] ThirdParty:1030 - CMSIS Pack Vendor :STMicroelectronics X-CUBE-MEMS1 11.1.0
2025-03-10 14:00:04,004 [INFO] ThirdParty:1030 - CMSIS Pack Vendor :STMicroelectronics X-CUBE-AZRTOS-WL 2.0.0
2025-03-10 14:00:04,004 [INFO] ThirdParty:1030 - CMSIS Pack Vendor :SEGGER I-CUBE-embOS 1.3.1
2025-03-10 14:00:04,004 [INFO] ThirdParty:1030 - CMSIS Pack Vendor :STMicroelectronics X-CUBE-ALGOBUILD 1.4.0
2025-03-10 14:00:04,004 [INFO] ThirdParty:1030 - CMSIS Pack Vendor :STMicroelectronics FP-SNS-MOTENV1 5.0.0
2025-03-10 14:00:04,005 [INFO] ThirdParty:1030 - CMSIS Pack Vendor :STMicroelectronics USB_DEVICE 1.0.0
2025-03-10 14:00:04,005 [INFO] ThirdParty:1030 - CMSIS Pack Vendor :STMicroelectronics X-CUBE-AZRTOS-H7RS 1.0.0
2025-03-10 14:00:04,005 [INFO] ThirdParty:1030 - CMSIS Pack Vendor :wolfSSL I-CUBE-wolfMQTT 1.19.0
2025-03-10 14:00:04,005 [INFO] ThirdParty:1030 - CMSIS Pack Vendor :STMicroelectronics X-CUBE-AZRTOS-L4 2.0.0
2025-03-10 14:00:04,005 [INFO] ThirdParty:1030 - CMSIS Pack Vendor :STMicroelectronics ThreadX 0.0.2
2025-03-10 14:00:04,005 [INFO] ThirdParty:1030 - CMSIS Pack Vendor :WES I-CUBE-Cesium 1.3.0
2025-03-10 14:00:04,005 [INFO] ThirdParty:1030 - CMSIS Pack Vendor :STMicroelectronics lwIP 2.1.2
2025-03-10 14:00:04,005 [INFO] ThirdParty:1030 - CMSIS Pack Vendor :STMicroelectronics X-CUBE-SFXS2LP1 4.0.0
2025-03-10 14:00:04,005 [INFO] ThirdParty:1030 - CMSIS Pack Vendor :STMicroelectronics X-CUBE-BLE2 3.3.0
2025-03-10 14:00:04,005 [INFO] ThirdParty:1030 - CMSIS Pack Vendor :STMicroelectronics X-CUBE-TOF1 3.4.2
2025-03-10 14:00:04,005 [INFO] ThirdParty:1030 - CMSIS Pack Vendor :STMicroelectronics PDM2PCM 3.2.0
2025-03-10 14:00:04,005 [INFO] ThirdParty:1030 - CMSIS Pack Vendor :wolfSSL I-CUBE-wolfSSH 1.4.17
2025-03-10 14:00:04,005 [INFO] ThirdParty:841 - exiting critical section [change project]
2025-03-10 14:00:04,421 [INFO] PinOutPanel:1589 - setPackage(No Configuration,No Configuration)
2025-03-10 14:00:04,423 [INFO] PinOutPanel:1589 - setPackage(STM32F103C8Tx,LQFP48)
2025-03-10 14:00:04,952 [INFO] UtilMem:75 - Before build in PCC Used Memory: 834750832 Bytes (1073741824)
2025-03-10 14:00:05,489 [INFO] UtilMem:75 - After build in PCC Used Memory: 879323520 Bytes (1073741824)
2025-03-10 14:00:05,526 [INFO] IPUIPlugin:80 - create IPUIPlugin
2025-03-10 14:00:05,526 [INFO] IPUIPlugin:80 - create IPUIPlugin
2025-03-10 14:00:05,528 [INFO] IPUIPlugin:80 - create IPUIPlugin
2025-03-10 14:00:05,528 [INFO] IPUIPlugin:80 - create IPUIPlugin
2025-03-10 14:00:05,528 [INFO] IPUIPlugin:80 - create IPUIPlugin
2025-03-10 14:00:05,528 [INFO] IPUIPlugin:80 - create IPUIPlugin
2025-03-10 14:00:05,528 [INFO] IPUIPlugin:80 - create IPUIPlugin
2025-03-10 14:00:05,529 [INFO] IPUIPlugin:80 - create IPUIPlugin
2025-03-10 14:00:05,529 [INFO] IPUIPlugin:80 - create IPUIPlugin
2025-03-10 14:00:05,529 [INFO] IPUIPlugin:80 - create IPUIPlugin
2025-03-10 14:00:05,529 [INFO] IPUIPlugin:80 - create IPUIPlugin
2025-03-10 14:00:05,530 [INFO] IPUIPlugin:80 - create IPUIPlugin
2025-03-10 14:00:05,530 [INFO] IPUIPlugin:80 - create IPUIPlugin
2025-03-10 14:00:05,531 [INFO] IPUIPlugin:80 - create IPUIPlugin
2025-03-10 14:00:05,531 [INFO] IPUIPlugin:80 - create IPUIPlugin
2025-03-10 14:00:05,531 [INFO] IPUIPlugin:80 - create IPUIPlugin
2025-03-10 14:00:05,532 [INFO] IPUIPlugin:80 - create IPUIPlugin
2025-03-10 14:00:05,533 [INFO] IPUIPlugin:80 - create IPUIPlugin
2025-03-10 14:00:05,534 [INFO] IPUIPlugin:80 - create IPUIPlugin
2025-03-10 14:00:05,535 [INFO] IPUIPlugin:80 - create IPUIPlugin
2025-03-10 14:00:05,535 [INFO] IPUIPlugin:80 - create IPUIPlugin
2025-03-10 14:00:05,536 [INFO] IPUIPlugin:80 - create IPUIPlugin
2025-03-10 14:00:05,536 [INFO] IPUIPlugin:80 - create IPUIPlugin
2025-03-10 14:00:05,536 [INFO] IPUIPlugin:80 - create IPUIPlugin
2025-03-10 14:00:05,537 [INFO] IPUIPlugin:80 - create IPUIPlugin
2025-03-10 14:00:05,537 [INFO] IPUIPlugin:80 - create IPUIPlugin
2025-03-10 14:00:05,537 [INFO] IPUIPlugin:80 - create IPUIPlugin
2025-03-10 14:00:05,602 [INFO] CADModel:165 - CPN selected for project levelSTM32F103C8T7TR
2025-03-10 14:00:05,602 [INFO] CADModel:114 - Register for checkConnection events
2025-03-10 14:00:05,642 [INFO] OpenFileManager:363 - Restore cursor
2025-03-10 14:00:06,201 [INFO] UtilMem:75 - End SaveConfig() Used Memory: 938037616 Bytes (1073741824)
2025-03-10 14:00:06,315 [INFO] UtilMem:75 - End SaveConfig() Used Memory: 952717680 Bytes (1073741824)
2025-03-10 14:00:06,651 [INFO] BlockDiagram:2766 - set Specific Code input for plugin: NVIC
2025-03-10 14:00:06,651 [INFO] BlockDiagram:2766 - set Specific Code input for plugin: RCC
2025-03-10 14:00:06,652 [INFO] CodeGenerator:896 - code generatio: config db path: D:\STM32CubeIDE_1.17.0\STM32CubeIDE\plugins\com.st.stm32cube.common.mx_6.13.0.202411220809\\db\
2025-03-10 14:00:06,739 [INFO] CodeEngine:255 - oldGeneratedFile, D:\stm32_cube\ds18b20_library_stand\MXTmpFiles\license.tmp_save
2025-03-10 14:00:07,115 [INFO] CodeEngine:279 - Generated code: D:\stm32_cube\ds18b20_library_stand\MXTmpFiles\license.tmp
2025-03-10 14:00:07,128 [INFO] CodeEngine:255 - oldGeneratedFile, D:\stm32_cube\ds18b20_library_stand\Core\Src\stm32f1xx_it.c_save
2025-03-10 14:00:07,582 [INFO] CodeEngine:279 - Generated code: D:\stm32_cube\ds18b20_library_stand\Core\Src\stm32f1xx_it.c
2025-03-10 14:00:07,587 [INFO] CodeEngine:255 - oldGeneratedFile, D:\stm32_cube\ds18b20_library_stand\Core\Inc\stm32f1xx_it.h_save
2025-03-10 14:00:07,763 [INFO] CodeEngine:279 - Generated code: D:\stm32_cube\ds18b20_library_stand\Core\Inc\stm32f1xx_it.h
2025-03-10 14:00:07,801 [INFO] CodeEngine:255 - oldGeneratedFile, D:\stm32_cube\ds18b20_library_stand\Core\Src\stm32f1xx_hal_msp.c_save
2025-03-10 14:00:08,054 [INFO] CodeEngine:279 - Generated code: D:\stm32_cube\ds18b20_library_stand\Core\Src\stm32f1xx_hal_msp.c
2025-03-10 14:00:08,059 [INFO] CodeEngine:255 - oldGeneratedFile, D:\stm32_cube\ds18b20_library_stand\MXTmpFiles\system.tmp_save
2025-03-10 14:00:08,156 [INFO] CodeEngine:279 - Generated code: D:\stm32_cube\ds18b20_library_stand\MXTmpFiles\system.tmp
2025-03-10 14:00:08,167 [INFO] CodeEngine:311 - oldGeneratedFile, D:\stm32_cube\ds18b20_library_stand\Core\Inc\stm32f1xx_hal_conf.h_save
2025-03-10 14:00:08,388 [INFO] CodeEngine:335 - Generated code: D:\stm32_cube\ds18b20_library_stand\Core\Inc\stm32f1xx_hal_conf.h
2025-03-10 14:00:08,444 [INFO] ApiDbMcu:508 - Load IP Config File for RCC
2025-03-10 14:00:08,455 [INFO] CodeEngine:255 - oldGeneratedFile, D:\stm32_cube\ds18b20_library_stand\Core\Inc\main.h_save
2025-03-10 14:00:08,686 [INFO] CodeEngine:279 - Generated code: D:\stm32_cube\ds18b20_library_stand\Core\Inc\main.h
2025-03-10 14:00:08,693 [INFO] CodeEngine:255 - oldGeneratedFile, D:\stm32_cube\ds18b20_library_stand\Core\Src\main.c_save
2025-03-10 14:00:08,946 [INFO] CodeEngine:279 - Generated code: D:\stm32_cube\ds18b20_library_stand\Core\Src\main.c
2025-03-10 14:00:09,930 [INFO] ProjectBuilder:3289 - Time for Copy HAL[1] : 607mS.
2025-03-10 14:00:09,937 [INFO] ProjectBuilder:4876 - Project Generator version: 4.5.0-RC5
2025-03-10 14:00:10,189 [INFO] ConfigFileManager:1579 - The Die is : DIE410
2025-03-10 14:00:10,209 [INFO] ApiDbMcu:508 - Load IP Config File for FATFS
2025-03-10 14:00:10,217 [INFO] ApiDbMcu:508 - Load IP Config File for FREERTOS
2025-03-10 14:00:10,266 [INFO] ApiDbMcu:508 - Load IP Config File for USB_DEVICE
2025-03-10 14:00:15,299 [INFO] ProjectBuilder:5154 - Time for Generating toolchain IDE Files: 5362mS.
2025-03-10 14:00:15,300 [INFO] ProjectBuilder:3146 - Time for Copy CMSIS : 0mS.
2025-03-10 14:00:15,302 [INFO] ProjectBuilder:3146 - Time for Copy CMSIS : 0mS.
2025-03-10 14:00:16,441 [INFO] McuFinderGlobals:76 - Set McuFinderConnectedMode to true
2025-03-10 14:00:16,445 [INFO] ApiDb:448 - Save user favorites file C:\Users\84369/.stm32cubeide/favorites.mcus.txt: 4 item(s)
2025-03-10 14:00:16,445 [INFO] ApiDb:452 - User favorites MCUs=[STM32F103C6T7ATR, STM32F103C8T6, STM32F103C8T6TR, STM32F103C8T7TR]
2025-03-10 14:01:44,043 [WARN] IP:2251 - I2C_Coeff_DF not found: check if there is a RefParameter without a condition.
2025-03-10 14:01:44,043 [WARN] IP:2251 - Analog_Filter not found: check if there is a RefParameter without a condition.
2025-03-10 14:01:44,118 [WARN] IP:2251 - I2C_Coeff_DF not found: check if there is a RefParameter without a condition.
2025-03-10 14:01:44,118 [WARN] IP:2251 - Analog_Filter not found: check if there is a RefParameter without a condition.
2025-03-10 14:01:44,119 [WARN] IP:2251 - I2C_Coeff_DF not found: check if there is a RefParameter without a condition.
2025-03-10 14:01:44,119 [WARN] IP:2251 - Analog_Filter not found: check if there is a RefParameter without a condition.
2025-03-10 14:01:44,199 [WARN] IP:2251 - I2C_Coeff_DF not found: check if there is a RefParameter without a condition.
2025-03-10 14:01:44,200 [WARN] IP:2251 - Analog_Filter not found: check if there is a RefParameter without a condition.
2025-03-10 14:01:44,203 [WARN] IP:2251 - I2C_Coeff_DF not found: check if there is a RefParameter without a condition.
2025-03-10 14:01:44,203 [WARN] IP:2251 - Analog_Filter not found: check if there is a RefParameter without a condition.
2025-03-10 14:01:48,656 [WARN] IP:2251 - I2C_Coeff_DF not found: check if there is a RefParameter without a condition.
2025-03-10 14:01:48,656 [WARN] IP:2251 - Analog_Filter not found: check if there is a RefParameter without a condition.
2025-03-10 14:01:48,657 [WARN] IP:2251 - I2C_Coeff_DF not found: check if there is a RefParameter without a condition.
2025-03-10 14:01:48,657 [WARN] IP:2251 - Analog_Filter not found: check if there is a RefParameter without a condition.
2025-03-10 14:01:48,730 [WARN] IP:2251 - I2C_Coeff_DF not found: check if there is a RefParameter without a condition.
2025-03-10 14:01:48,730 [WARN] IP:2251 - Analog_Filter not found: check if there is a RefParameter without a condition.
2025-03-10 14:01:48,747 [WARN] IP:2251 - I2C_Coeff_DF not found: check if there is a RefParameter without a condition.
2025-03-10 14:01:48,747 [WARN] IP:2251 - Analog_Filter not found: check if there is a RefParameter without a condition.
2025-03-10 14:02:10,911 [INFO] Gpio:277 - dependency for GPIO [I2C1, RCC, SYS]
2025-03-10 14:02:30,145 [INFO] Gpio:277 - dependency for GPIO [I2C1, RCC, SYS]
2025-03-10 14:02:41,863 [INFO] NvicIntPanel:101 - NVIC parent = com.st.microxplorer.plugins.ip.nvic.MultiNvicIntPanel[,0,0,0x0,invalid,layout=javax.swing.BoxLayout,alignmentX=0.0,alignmentY=0.0,border=,flags=9,maximumSize=,minimumSize=,preferredSize=]
2025-03-10 14:03:16,076 [INFO] UtilMem:75 - End SaveConfig() Used Memory: 796925352 Bytes (1073741824)
2025-03-10 14:03:16,260 [INFO] UtilMem:75 - End SaveConfig() Used Memory: 815020328 Bytes (1073741824)
2025-03-10 14:03:17,909 [INFO] UtilMem:75 - End SaveConfig() Used Memory: 877575368 Bytes (1073741824)
2025-03-10 14:03:18,649 [INFO] BlockDiagram:2766 - set Specific Code input for plugin: NVIC
2025-03-10 14:03:18,650 [INFO] BlockDiagram:2766 - set Specific Code input for plugin: TIM1_8F1
2025-03-10 14:03:18,650 [INFO] BlockDiagram:2766 - set Specific Code input for plugin: SYS
2025-03-10 14:03:18,650 [INFO] BlockDiagram:2766 - set Specific Code input for plugin: GPIO
2025-03-10 14:03:18,650 [INFO] BlockDiagram:2766 - set Specific Code input for plugin: RCC
2025-03-10 14:03:18,650 [INFO] BlockDiagram:2766 - set Specific Code input for plugin: I2C
2025-03-10 14:03:18,651 [INFO] CodeGenerator:896 - code generatio: config db path: D:\STM32CubeIDE_1.17.0\STM32CubeIDE\plugins\com.st.stm32cube.common.mx_6.13.0.202411220809\\db\
2025-03-10 14:03:18,652 [WARN] IP:2251 - I2C_Coeff_DF not found: check if there is a RefParameter without a condition.
2025-03-10 14:03:18,652 [WARN] IP:2251 - Analog_Filter not found: check if there is a RefParameter without a condition.
2025-03-10 14:03:18,747 [INFO] CodeEngine:255 - oldGeneratedFile, D:\stm32_cube\ds18b20_library_stand\MXTmpFiles\license.tmp_save
2025-03-10 14:03:19,120 [INFO] CodeEngine:279 - Generated code: D:\stm32_cube\ds18b20_library_stand\MXTmpFiles\license.tmp
2025-03-10 14:03:19,222 [INFO] CodeEngine:255 - oldGeneratedFile, D:\stm32_cube\ds18b20_library_stand\MXTmpFiles\gpio.tmp_save
2025-03-10 14:03:19,481 [INFO] CodeEngine:279 - Generated code: D:\stm32_cube\ds18b20_library_stand\MXTmpFiles\gpio.tmp
2025-03-10 14:03:19,729 [INFO] CodeEngine:255 - oldGeneratedFile, D:\stm32_cube\ds18b20_library_stand\Core\Src\stm32f1xx_it.c_save
2025-03-10 14:03:20,118 [INFO] CodeEngine:279 - Generated code: D:\stm32_cube\ds18b20_library_stand\Core\Src\stm32f1xx_it.c
2025-03-10 14:03:20,124 [INFO] CodeEngine:255 - oldGeneratedFile, D:\stm32_cube\ds18b20_library_stand\Core\Inc\stm32f1xx_it.h_save
2025-03-10 14:03:20,277 [INFO] CodeEngine:279 - Generated code: D:\stm32_cube\ds18b20_library_stand\Core\Inc\stm32f1xx_it.h
2025-03-10 14:03:20,315 [INFO] CodeEngine:255 - oldGeneratedFile, D:\stm32_cube\ds18b20_library_stand\Core\Src\stm32f1xx_hal_msp.c_save
2025-03-10 14:03:20,553 [INFO] CodeEngine:279 - Generated code: D:\stm32_cube\ds18b20_library_stand\Core\Src\stm32f1xx_hal_msp.c
2025-03-10 14:03:20,559 [INFO] CodeEngine:255 - oldGeneratedFile, D:\stm32_cube\ds18b20_library_stand\MXTmpFiles\system.tmp_save
2025-03-10 14:03:20,652 [INFO] CodeEngine:279 - Generated code: D:\stm32_cube\ds18b20_library_stand\MXTmpFiles\system.tmp
2025-03-10 14:03:20,680 [INFO] CodeEngine:311 - oldGeneratedFile, D:\stm32_cube\ds18b20_library_stand\Core\Inc\stm32f1xx_hal_conf.h_save
2025-03-10 14:03:20,872 [INFO] CodeEngine:335 - Generated code: D:\stm32_cube\ds18b20_library_stand\Core\Inc\stm32f1xx_hal_conf.h
2025-03-10 14:03:20,925 [INFO] ApiDbMcu:508 - Load IP Config File for I2C1
2025-03-10 14:03:20,951 [INFO] ApiDbMcu:508 - Load IP Config File for TIM4
2025-03-10 14:03:20,952 [WARN] IPConfigManager:3618 - IP not found : TIM
2025-03-10 14:03:20,953 [WARN] CodeGenerator:4152 - IP not found : null
2025-03-10 14:03:20,979 [INFO] CodeEngine:255 - oldGeneratedFile, D:\stm32_cube\ds18b20_library_stand\Core\Inc\main.h_save
2025-03-10 14:03:21,191 [INFO] CodeEngine:279 - Generated code: D:\stm32_cube\ds18b20_library_stand\Core\Inc\main.h
2025-03-10 14:03:21,212 [INFO] CodeEngine:255 - oldGeneratedFile, D:\stm32_cube\ds18b20_library_stand\Core\Src\main.c_save
2025-03-10 14:03:21,376 [INFO] CodeEngine:279 - Generated code: D:\stm32_cube\ds18b20_library_stand\Core\Src\main.c
2025-03-10 14:03:21,975 [INFO] ProjectBuilder:3289 - Time for Copy HAL[1] : 284mS.
2025-03-10 14:03:21,980 [INFO] ProjectBuilder:4876 - Project Generator version: 4.5.0-RC5
2025-03-10 14:03:22,139 [INFO] ConfigFileManager:1579 - The Die is : DIE410
2025-03-10 14:03:23,949 [INFO] ProjectBuilder:5154 - Time for Generating toolchain IDE Files: 1969mS.
2025-03-10 14:03:24,002 [INFO] ProjectBuilder:3146 - Time for Copy CMSIS : 52mS.
2025-03-10 14:03:24,007 [INFO] ProjectBuilder:3146 - Time for Copy CMSIS : 0mS.
2025-03-10 17:36:26,190 [INFO] WebApp:190 - Connection lost
2025-03-10 17:36:28,097 [INFO] WebApp:187 - Connection restablished
2025-03-10 17:36:28,233 [INFO] WebApp:190 - Connection lost
2025-03-10 17:36:28,532 [INFO] WebApp:187 - Connection restablished
